000 (362026.001.000) 05/07 08:05:55 Job submitted from host: <131.225.191.196:38048>
...
001 (362026.001.000) 05/07 08:06:10 Job executing on host: <131.225.189.248:41217>
...
006 (362026.001.000) 05/07 08:06:19 Image size of job updated: 92144
...
006 (362026.001.000) 05/07 08:07:20 Image size of job updated: 424884
...
006 (362026.001.000) 05/07 08:08:21 Image size of job updated: 429308
...
006 (362026.001.000) 05/07 08:09:22 Image size of job updated: 435892
...
006 (362026.001.000) 05/07 08:12:25 Image size of job updated: 438872
...
006 (362026.001.000) 05/07 08:13:26 Image size of job updated: 443284
...
006 (362026.001.000) 05/07 08:18:31 Image size of job updated: 448628
...
005 (362026.001.000) 05/07 08:18:34 Job terminated.
	(1) Normal termination (return value 0)
		Usr 0 00:06:35, Sys 0 00:00:36  -  Run Remote Usage
		Usr 0 00:00:00, Sys 0 00:00:00  -  Run Local Usage
		Usr 0 00:06:35, Sys 0 00:00:36  -  Total Remote Usage
		Usr 0 00:00:00, Sys 0 00:00:00  -  Total Local Usage
	99851  -  Run Bytes Sent By Job
	460  -  Run Bytes Received By Job
	99851  -  Total Bytes Sent By Job
	460  -  Total Bytes Received By Job
...
