000 (362026.000.000) 05/07 08:05:55 Job submitted from host: <131.225.191.196:38048>
...
001 (362026.000.000) 05/07 08:06:11 Job executing on host: <131.225.189.189:32964>
...
006 (362026.000.000) 05/07 08:06:20 Image size of job updated: 125920
...
006 (362026.000.000) 05/07 08:07:21 Image size of job updated: 424164
...
006 (362026.000.000) 05/07 08:08:22 Image size of job updated: 431012
...
006 (362026.000.000) 05/07 08:42:56 Image size of job updated: 432736
...
006 (362026.000.000) 05/07 08:43:57 Image size of job updated: 436344
...
005 (362026.000.000) 05/07 08:44:28 Job terminated.
	(1) Normal termination (return value 0)
		Usr 0 00:03:10, Sys 0 00:00:17  -  Run Remote Usage
		Usr 0 00:00:00, Sys 0 00:00:00  -  Run Local Usage
		Usr 0 00:03:10, Sys 0 00:00:17  -  Total Remote Usage
		Usr 0 00:00:00, Sys 0 00:00:00  -  Total Local Usage
	59874  -  Run Bytes Sent By Job
	460  -  Run Bytes Received By Job
	59874  -  Total Bytes Sent By Job
	460  -  Total Bytes Received By Job
...
