000 (362025.001.000) 05/07 08:05:43 Job submitted from host: <131.225.191.196:38048>
...
001 (362025.001.000) 05/07 08:06:10 Job executing on host: <131.225.189.172:34308>
...
006 (362025.001.000) 05/07 08:06:19 Image size of job updated: 131464
...
006 (362025.001.000) 05/07 08:07:20 Image size of job updated: 425612
...
006 (362025.001.000) 05/07 08:08:21 Image size of job updated: 431096
...
006 (362025.001.000) 05/07 08:10:23 Image size of job updated: 432084
...
006 (362025.001.000) 05/07 08:11:24 Image size of job updated: 434588
...
006 (362025.001.000) 05/07 08:12:25 Image size of job updated: 439468
...
006 (362025.001.000) 05/07 08:16:29 Image size of job updated: 443912
...
005 (362025.001.000) 05/07 08:21:09 Job terminated.
	(1) Normal termination (return value 0)
		Usr 0 00:09:29, Sys 0 00:00:33  -  Run Remote Usage
		Usr 0 00:00:00, Sys 0 00:00:00  -  Run Local Usage
		Usr 0 00:09:29, Sys 0 00:00:33  -  Total Remote Usage
		Usr 0 00:00:00, Sys 0 00:00:00  -  Total Local Usage
	1211650  -  Run Bytes Sent By Job
	451  -  Run Bytes Received By Job
	1211650  -  Total Bytes Sent By Job
	451  -  Total Bytes Received By Job
...
