000 (362025.003.000) 05/07 08:05:43 Job submitted from host: <131.225.191.196:38048>
...
001 (362025.003.000) 05/07 08:06:11 Job executing on host: <131.225.190.45:48907>
...
006 (362025.003.000) 05/07 08:06:20 Image size of job updated: 134604
...
006 (362025.003.000) 05/07 08:07:21 Image size of job updated: 425628
...
006 (362025.003.000) 05/07 08:08:22 Image size of job updated: 429160
...
006 (362025.003.000) 05/07 08:09:23 Image size of job updated: 433068
...
006 (362025.003.000) 05/07 08:10:24 Image size of job updated: 433316
...
006 (362025.003.000) 05/07 08:11:25 Image size of job updated: 434316
...
006 (362025.003.000) 05/07 08:14:28 Image size of job updated: 436296
...
006 (362025.003.000) 05/07 08:15:29 Image size of job updated: 436824
...
006 (362025.003.000) 05/07 08:16:30 Image size of job updated: 437892
...
006 (362025.003.000) 05/07 08:17:31 Image size of job updated: 438628
...
006 (362025.003.000) 05/07 08:18:32 Image size of job updated: 438812
...
005 (362025.003.000) 05/07 08:19:15 Job terminated.
	(1) Normal termination (return value 0)
		Usr 0 00:07:58, Sys 0 00:00:29  -  Run Remote Usage
		Usr 0 00:00:00, Sys 0 00:00:00  -  Run Local Usage
		Usr 0 00:07:58, Sys 0 00:00:29  -  Total Remote Usage
		Usr 0 00:00:00, Sys 0 00:00:00  -  Total Local Usage
	1070906  -  Run Bytes Sent By Job
	451  -  Run Bytes Received By Job
	1070906  -  Total Bytes Sent By Job
	451  -  Total Bytes Received By Job
...
