000 (362025.002.000) 05/07 08:05:43 Job submitted from host: <131.225.191.196:38048>
...
001 (362025.002.000) 05/07 08:06:11 Job executing on host: <131.225.189.198:34063>
...
006 (362025.002.000) 05/07 08:07:21 Image size of job updated: 423388
...
006 (362025.002.000) 05/07 08:08:22 Image size of job updated: 428472
...
006 (362025.002.000) 05/07 08:09:23 Image size of job updated: 429204
...
006 (362025.002.000) 05/07 08:10:24 Image size of job updated: 435336
...
006 (362025.002.000) 05/07 08:12:26 Image size of job updated: 435736
...
006 (362025.002.000) 05/07 08:13:27 Image size of job updated: 436168
...
006 (362025.002.000) 05/07 08:14:28 Image size of job updated: 438176
...
006 (362025.002.000) 05/07 08:16:30 Image size of job updated: 442760
...
006 (362025.002.000) 05/07 08:21:35 Image size of job updated: 443556
...
006 (362025.002.000) 05/07 08:22:36 Image size of job updated: 443980
...
006 (362025.002.000) 05/07 08:23:37 Image size of job updated: 445648
...
005 (362025.002.000) 05/07 08:24:32 Job terminated.
	(1) Normal termination (return value 0)
		Usr 0 00:12:05, Sys 0 00:00:37  -  Run Remote Usage
		Usr 0 00:00:00, Sys 0 00:00:00  -  Run Local Usage
		Usr 0 00:12:05, Sys 0 00:00:37  -  Total Remote Usage
		Usr 0 00:00:00, Sys 0 00:00:00  -  Total Local Usage
	1497724  -  Run Bytes Sent By Job
	451  -  Run Bytes Received By Job
	1497724  -  Total Bytes Sent By Job
	451  -  Total Bytes Received By Job
...
