000 (362024.002.000) 05/07 07:13:46 Job submitted from host: <131.225.191.196:38048>
...
001 (362024.002.000) 05/07 07:13:58 Job executing on host: <131.225.206.187:40705>
...
006 (362024.002.000) 05/07 07:14:06 Image size of job updated: 29372
...
006 (362024.002.000) 05/07 07:15:06 Image size of job updated: 177268
...
006 (362024.002.000) 05/07 07:16:06 Image size of job updated: 635184
...
006 (362024.002.000) 05/07 07:17:06 Image size of job updated: 644016
...
006 (362024.002.000) 05/07 07:19:06 Image size of job updated: 661692
...
006 (362024.002.000) 05/07 07:21:06 Image size of job updated: 666508
...
006 (362024.002.000) 05/07 07:22:06 Image size of job updated: 674712
...
005 (362024.002.000) 05/07 07:22:58 Job terminated.
	(1) Normal termination (return value 0)
		Usr 0 00:02:29, Sys 0 00:00:17  -  Run Remote Usage
		Usr 0 00:00:00, Sys 0 00:00:00  -  Run Local Usage
		Usr 0 00:02:29, Sys 0 00:00:17  -  Total Remote Usage
		Usr 0 00:00:00, Sys 0 00:00:00  -  Total Local Usage
	60954  -  Run Bytes Sent By Job
	496  -  Run Bytes Received By Job
	60954  -  Total Bytes Sent By Job
	496  -  Total Bytes Received By Job
...
