000 (362024.000.000) 05/07 07:13:46 Job submitted from host: <131.225.191.196:38048>
...
001 (362024.000.000) 05/07 07:13:59 Job executing on host: <131.225.206.180:56255>
...
006 (362024.000.000) 05/07 07:14:07 Image size of job updated: 26060
...
006 (362024.000.000) 05/07 07:15:07 Image size of job updated: 108948
...
006 (362024.000.000) 05/07 07:16:07 Image size of job updated: 133576
...
006 (362024.000.000) 05/07 07:17:07 Image size of job updated: 179348
...
006 (362024.000.000) 05/07 07:18:07 Image size of job updated: 631324
...
006 (362024.000.000) 05/07 07:19:07 Image size of job updated: 636712
...
006 (362024.000.000) 05/07 07:20:07 Image size of job updated: 639264
...
006 (362024.000.000) 05/07 07:21:07 Image size of job updated: 644328
...
006 (362024.000.000) 05/07 07:22:07 Image size of job updated: 647812
...
005 (362024.000.000) 05/07 07:23:37 Job terminated.
	(1) Normal termination (return value 0)
		Usr 0 00:02:21, Sys 0 00:00:13  -  Run Remote Usage
		Usr 0 00:00:00, Sys 0 00:00:00  -  Run Local Usage
		Usr 0 00:02:21, Sys 0 00:00:13  -  Total Remote Usage
		Usr 0 00:00:00, Sys 0 00:00:00  -  Total Local Usage
	58705  -  Run Bytes Sent By Job
	496  -  Run Bytes Received By Job
	58705  -  Total Bytes Sent By Job
	496  -  Total Bytes Received By Job
...
