000 (362024.003.000) 05/07 07:13:46 Job submitted from host: <131.225.191.196:38048>
...
001 (362024.003.000) 05/07 07:13:57 Job executing on host: <131.225.206.174:55586>
...
006 (362024.003.000) 05/07 07:15:05 Image size of job updated: 179244
...
006 (362024.003.000) 05/07 07:16:05 Image size of job updated: 635840
...
006 (362024.003.000) 05/07 07:17:05 Image size of job updated: 649112
...
006 (362024.003.000) 05/07 07:20:05 Image size of job updated: 650012
...
006 (362024.003.000) 05/07 07:21:05 Image size of job updated: 663928
...
006 (362024.003.000) 05/07 07:23:05 Image size of job updated: 676080
...
006 (362024.003.000) 05/07 07:24:05 Image size of job updated: 692472
...
005 (362024.003.000) 05/07 07:24:14 Job terminated.
	(1) Normal termination (return value 0)
		Usr 0 00:03:21, Sys 0 00:00:19  -  Run Remote Usage
		Usr 0 00:00:00, Sys 0 00:00:00  -  Run Local Usage
		Usr 0 00:03:21, Sys 0 00:00:19  -  Total Remote Usage
		Usr 0 00:00:00, Sys 0 00:00:00  -  Total Local Usage
	73154  -  Run Bytes Sent By Job
	496  -  Run Bytes Received By Job
	73154  -  Total Bytes Sent By Job
	496  -  Total Bytes Received By Job
...
