000 (362024.001.000) 05/07 07:13:46 Job submitted from host: <131.225.191.196:38048>
...
001 (362024.001.000) 05/07 07:13:58 Job executing on host: <131.225.206.167:43667>
...
006 (362024.001.000) 05/07 07:14:06 Image size of job updated: 29372
...
006 (362024.001.000) 05/07 07:15:06 Image size of job updated: 177996
...
006 (362024.001.000) 05/07 07:16:06 Image size of job updated: 628608
...
006 (362024.001.000) 05/07 07:18:06 Image size of job updated: 644008
...
006 (362024.001.000) 05/07 07:19:06 Image size of job updated: 656848
...
006 (362024.001.000) 05/07 07:20:06 Image size of job updated: 658008
...
006 (362024.001.000) 05/07 07:21:06 Image size of job updated: 674316
...
005 (362024.001.000) 05/07 07:21:47 Job terminated.
	(1) Normal termination (return value 0)
		Usr 0 00:01:56, Sys 0 00:00:16  -  Run Remote Usage
		Usr 0 00:00:00, Sys 0 00:00:00  -  Run Local Usage
		Usr 0 00:01:56, Sys 0 00:00:16  -  Total Remote Usage
		Usr 0 00:00:00, Sys 0 00:00:00  -  Total Local Usage
	53332  -  Run Bytes Sent By Job
	496  -  Run Bytes Received By Job
	53332  -  Total Bytes Sent By Job
	496  -  Total Bytes Received By Job
...
