==================================================
WARNING: Binding variable in PSet ('EtaCut') that is not in base definition.
Note that this may well be an error in your script!
==================================================
Error in <TUnixSystem::Load>: version mismatch, /uscms_data/d3/zmeng/SUSYv2/lib/AutoDict_vector_ROOT__Math__DisplacementVector3D_ROOT__Math__Cartesian3D_float__ROOT__Math__DefaultCoordinateSystemTag____cxx.so = 53200, ROOT = 53002
Branch 'genpthat' does not exist. Disabling.
Branch 'susyScanCrossSection' does not exist. Disabling.
Branch 'susyScanM0' does not exist. Disabling.
Branch 'susyScanM12' does not exist. Disabling.
Branch 'susyScanMu' does not exist. Disabling.
Branch 'SimpModelScanHandleValid' does not exist. Disabling.
Branch 'susyScanxCHI' does not exist. Disabling.
Branch 'susyScanmGL' does not exist. Disabling.
Branch 'susyScanmLSP' does not exist. Disabling.
Branch 'susyScantanbeta' does not exist. Disabling.
Branch 'susyScanMassGluino' does not exist. Disabling.
Branch 'susyScanMassSquark' does not exist. Disabling.
Branch 'susyScanChi0' does not exist. Disabling.
Branch 'Result' does not exist. Disabling.
Branch 'ecaldeadcellfilterflag' does not exist. Disabling.
Branch 'tracksNEtaLT0p9AllTracks' does not exist. Disabling.
Branch 'tracksNEta0p9to1p5AllTracks' does not exist. Disabling.
Branch 'tracksNEtaGT1p5AllTracks' does not exist. Disabling.
Branch 'tracksNEtaLT0p9HighPurityTracks' does not exist. Disabling.
Branch 'tracksNEta0p9to1p5HighPurityTracks' does not exist. Disabling.
Branch 'tracksNEtaGT1p5HighPurityTracks' does not exist. Disabling.
Branch 'electronConversionPartnerTrackTrackerExpectedHitsInnerPat' does not exist. Disabling.
Branch 'muonGlobalTrackdxyErrorPF' does not exist. Disabling.
Branch 'tauP4Pat' does not exist. Disabling.
Branch 'tauVertexPat' does not exist. Disabling.
Branch 'tauChargePat' does not exist. Disabling.
Branch 'tauTauIdByDecayPat' does not exist. Disabling.
Branch 'tauTauIdByLooseIsolationPat' does not exist. Disabling.
Branch 'tauTauIdByMediumIsolationPat' does not exist. Disabling.
Branch 'tauTauIdByTightIsolationPat' does not exist. Disabling.
Branch 'tauTauIdagainstElectronPat' does not exist. Disabling.
Branch 'tauTauIdagainstMuonPat' does not exist. Disabling.
Branch 'tauTauIdbyTaNCPat' does not exist. Disabling.
Branch 'tauTauIdbyTaNCfrOnePercentPat' does not exist. Disabling.
Branch 'tauTauIdbyTaNCfrHalfPercentPat' does not exist. Disabling.
Branch 'tauTauIdbyTaNCfrQuarterPercentPat' does not exist. Disabling.
Branch 'tauTauIdbyTaNCfrTenthPercentPat' does not exist. Disabling.
Branch 'tauHPSP4PF' does not exist. Disabling.
Branch 'tauHPSVertexPF' does not exist. Disabling.
Branch 'tauHPSChargePF' does not exist. Disabling.
Branch 'tauHPSTauIdByDecayPF' does not exist. Disabling.
Branch 'tauHPSTauIdByLooseIsolationPF' does not exist. Disabling.
Branch 'tauHPSTauIdByMediumIsolationPF' does not exist. Disabling.
Branch 'tauHPSTauIdByTightIsolationPF' does not exist. Disabling.
Branch 'tauHPSTauIdagainstElectronPF' does not exist. Disabling.
Branch 'tauHPSTauIdagainstMuonPF' does not exist. Disabling.
Branch 'tauHPSTauIdbyTaNCPF' does not exist. Disabling.
Branch 'tauHPSTauIdbyTaNCfrOnePercentPF' does not exist. Disabling.
Branch 'tauHPSTauIdbyTaNCfrHalfPercentPF' does not exist. Disabling.
Branch 'tauHPSTauIdbyTaNCfrQuarterPercentPF' does not exist. Disabling.
Branch 'tauHPSTauIdbyTaNCfrTenthPercentPF' does not exist. Disabling.
Branch 'ak5JetPFJetIDloosePat' does not exist. Disabling.
Branch 'ak5JetPF2PATCorrectedP4Pat' does not exist. Disabling.
Branch 'ak5JetPF2PATCorrFactorPat' does not exist. Disabling.
Branch 'ak5JetPF2PATTrkCountingHighEffBJetTagsPat' does not exist. Disabling.
Branch 'ak5JetJPTCorrectedP4Pat' does not exist. Disabling.
Branch 'ak5JetJPTCorrFactorPat' does not exist. Disabling.
Branch 'photonSwissCrossPat' does not exist. Disabling.
Branch 'gensignalProcessID' does not exist. Disabling.
Branch 'genHandleValid' does not exist. Disabling.
Branch 'genP4' does not exist. Disabling.
Branch 'genStatus' does not exist. Disabling.
Branch 'genHasMother' does not exist. Disabling.
Branch 'genMotherStored' does not exist. Disabling.
Branch 'genMother' does not exist. Disabling.
Branch 'genPdgId' does not exist. Disabling.
Branch 'genak5GenJetsP4' does not exist. Disabling.
Branch 'ak5JetGenJetMatchIndexPat' does not exist. Disabling.
Branch 'genmetP4True' does not exist. Disabling.
Branch 'metGenMetP4IC5' does not exist. Disabling.
Branch 'metGenMetMatchExistsIC5' does not exist. Disabling.
Branch 'metGenMetP4AK5' does not exist. Disabling.
Branch 'metGenMetMatchExistsAK5' does not exist. Disabling.
Branch 'metGenMetP4PF' does not exist. Disabling.
Branch 'metGenMetMatchExistsPF' does not exist. Disabling.
Branch 'metGenMetP4TC' does not exist. Disabling.
Branch 'metGenMetMatchExistsTC' does not exist. Disabling.
Branch 'genMotherIndex' does not exist. Disabling.
Branch 'genMotherPdgId' does not exist. Disabling.
Branch 'genid1' does not exist. Disabling.
Branch 'genid2' does not exist. Disabling.
Branch 'genx1' does not exist. Disabling.
Branch 'genx2' does not exist. Disabling.
Branch 'genpdf1' does not exist. Disabling.
Branch 'genpdf2' does not exist. Disabling.
Branch 'genQ' does not exist. Disabling.
Branch 'metP4IC5' does not exist. Disabling.
Branch 'ak5JetPF2PATFchargedEmPat' does not exist. Disabling.
Branch 'ak5JetPF2PATFneutralEmPat' does not exist. Disabling.
Branch 'ak5JetPF2PATFneutralHadPat' does not exist. Disabling.
Branch 'ak5JetPF2PATFchargedHadPat' does not exist. Disabling.
Branch 'ak5JetPF2PATNchargedPat' does not exist. Disabling.
Branch 'ak5JetPF2PATNneutralPat' does not exist. Disabling.
Branch 'ak5JetJPTEmEnergyFractionPat' does not exist. Disabling.
Branch 'ak5JetJPTJetIDloosePat' does not exist. Disabling.
Branch 'ak5JetJPTJetIDminimalPat' does not exist. Disabling.
Branch 'ak5JetJPTJetIDtightPat' does not exist. Disabling.
Branch 'ak5JetJPTJetIDResEMFPat' does not exist. Disabling.
Branch 'ak5JetJPTJetIDFHPDPat' does not exist. Disabling.
Branch 'ak5JetJPTJetIDN90HitsPat' does not exist. Disabling.
Branch 'ak5JetJPTJetIDFRBXPat' does not exist. Disabling.
Branch 'ak5JetSimpleSecondaryVertexBJetTagsPat' does not exist. Disabling.
