
================================
 Setting up your environment...
================================
-------------------------------------
ROOTSYS is  /uscmst1/prod/sw/cms/slc5_amd64_gcc434/lcg/root/5.30.02-cms/
=====================================
LD_LIBRARY_PATH is: /uscmst1/prod/sw/cms/slc5_amd64_gcc434/lcg/root/5.30.02-cms//lib:/uscmst1/prod/sw/cms/slc5_amd64_gcc434/external/libjpg/8b/lib:/uscmst1/prod/sw/cms/slc5_amd64_gcc434/external/python/2.6.4-cms14/lib:/uscmst1/prod/sw/cms/slc5_amd64_gcc434/external/boost/1.44.0-cms3/lib:/opt/gLite/d-cache/dcap/lib64:/opt/gLite/d-cache/dcap/lib:/opt/gLite/globus/lib:/opt/gLite/globus/lib:/opt/gLite/lcg/lib:/uscmst1/prod/sw/cms/slc5_amd64_gcc434/external/gcc/4.3.4/lib64:/uscmst1/prod/sw/cms/slc5_amd64_gcc434/external/xrootd/5.28.00d/lib:/uscms_data/d3/zmeng/SUSYv2/lib
PYTHONPATH is: /uscmst1/prod/sw/cms/slc5_amd64_gcc434/lcg/root/5.30.02-cms//lib:/uscms_data/d3/zmeng/SUSYv2/lib
=====================================
Set-up complete.
=====================================

in ParaControl
100.0 [<icf.core.PSet object at 0xbe41510>] True Muon_SingleMuTrig
SingleMu_Run2012A_PromptReco_v1_V17_pre3_taus_0_jetCorrections_L1FastJet_L2Relative_L3Absolute_L2L3Residual_jetCollections_ak5calo_ak5pf_zmengJob83
in MuonNoSmear
100.0 [<icf.core.PSet object at 0xbe41510>] True Muon_SingleMuTrig Data 50.0 PUS0 SingleMu2012A HigHTBinsMuonSingleMuTrig Data True FNAL
SingleMu_Run2012A_PromptReco_v1_V17_pre3_taus_0_jetCorrections_L1FastJet_L2Relative_L3Absolute_L2L3Residual_jetCollections_ak5calo_ak5pf_zmengJob83
in MakeMCTree
100.0
test1
OneMuon_375_475
OneMuon_475_575
OneMuon_575_675
OneMuon_675_775
OneMuon_775_875
OneMuon_875
DiMuon_375_475
DiMuon_475_575
DiMuon_575_675
DiMuon_675_775
DiMuon_775_875
DiMuon_875
mode=Muon_SingleMuTrig
in MakeDataTree
100.0
OneMuon_375_475
OneMuon_475_575
OneMuon_575_675
OneMuon_675_775
OneMuon_775_875
OneMuon_875
DiMuon_375_475
DiMuon_475_575
DiMuon_575_675
DiMuon_675_775
DiMuon_775_875
DiMuon_875
100.0 [<icf.core.PSet object at 0xbe41510>] True Muon_SingleMuTrig Data 50.0 PUS0 SingleMu2012A HigHTBinsMuonSingleMuTrig Data True FNAL
in MuonNoSmear
100.0 [<icf.core.PSet object at 0xbe41510>] True Muon_SingleMuTrig Data 50.0 PUS0 SingleMu2012A HigHTBinsMuonSingleMuTrig Data True FNAL
SingleMu_Run2012A_PromptReco_v1_V17_pre3_taus_0_jetCorrections_L1FastJet_L2Relative_L3Absolute_L2L3Residual_jetCollections_ak5calo_ak5pf_zmengJob83
Photons.UseID = True
Taus.MuonClean = False
Photons.EtaEEMaxCut = 2.5
Photons.HcalIsoCut = 2.0
Photons.HcalIsoRel = 0.0
Taus.JetClean = False
Muons.PtCut = 10.0
Photons.HadOverEmCut = 0.05
Taus.ApplyID = True
Taus.EtaCut = 2.5
Photons.SigIhIhEBCut = 0.015
Electrons.ApplyID = True
Electrons.PtCut = 10.0
Jets.PtCut = 50.0
Electrons.CombIsoCut = 0.15
Muons.CombIsoCut = 0.15
Photons.TrackIsoRel = 0.0
Muons.TrkIsoCut = -1.0
Jets.TightID = False
Photons.RequireLooseForOdd = True
Photons.IDReq = 3
Photons.EcalIsoRel = 0.0
ApplyXCleaning = True
Electrons.TrkIsoCut = -1.0
Photons.SigIhIhEECut = 0.035
Taus.ElecClean = False
Electrons.RequireLooseForOdd = True
Jets.ApplyID = True
Jets.EtaCut = 3.0
Muons.TightID = True
Muons.EtaCut = 2.5
AlphaT.CalcWithEt = True
Taus.PtCut = 20.0
Electrons.TightID = False
Electrons.EtaCut = 2.5
Photons.EtaEBMaxCut = 1.479
Photons.EtCut = 25.0
Muons.ApplyID = True
Photons.EcalIsoCut = 4.0
Photons.R9Cut = 0.0
Photons.TrackIsoCut = 2.0
Photons.EtaEEMinCut = 1.525
Taus.TightID = False
Muons.RequireLooseForOdd = True
Building ROOT dictionaries. Please wait...
Initialising Analysis: AK5Calo
PUS0
It's Data
Batch running mode
['dcap://cmsdca.fnal.gov:24137/pnfs/fnal.gov/usr/cms/WAX/11/store/user/lpcsusyra1/zmeng//ICF/automated/2012_05_06_11_03_08//SusyCAF_Tree_291_0_0Pg.root', 'dcap://cmsdca.fnal.gov:24137/pnfs/fnal.gov/usr/cms/WAX/11/store/user/lpcsusyra1/zmeng//ICF/automated/2012_05_06_11_03_08//SusyCAF_Tree_292_0_iv1.root', 'dcap://cmsdca.fnal.gov:24137/pnfs/fnal.gov/usr/cms/WAX/11/store/user/lpcsusyra1/zmeng//ICF/automated/2012_05_06_11_03_08//SusyCAF_Tree_293_0_V9Y.root', 'dcap://cmsdca.fnal.gov:24137/pnfs/fnal.gov/usr/cms/WAX/11/store/user/lpcsusyra1/zmeng//ICF/automated/2012_05_06_11_03_08//SusyCAF_Tree_294_0_Gby.root', 'dcap://cmsdca.fnal.gov:24137/pnfs/fnal.gov/usr/cms/WAX/11/store/user/lpcsusyra1/zmeng//ICF/automated/2012_05_06_11_03_08//SusyCAF_Tree_295_0_JOk.root', 'dcap://cmsdca.fnal.gov:24137/pnfs/fnal.gov/usr/cms/WAX/11/store/user/lpcsusyra1/zmeng//ICF/automated/2012_05_06_11_03_08//SusyCAF_Tree_296_0_ECk.root', 'dcap://cmsdca.fnal.gov:24137/pnfs/fnal.gov/usr/cms/WAX/11/store/user/lpcsusyra1/zmeng//ICF/automated/2012_05_06_11_03_08//SusyCAF_Tree_297_0_Qbf.root', 'dcap://cmsdca.fnal.gov:24137/pnfs/fnal.gov/usr/cms/WAX/11/store/user/lpcsusyra1/zmeng//ICF/automated/2012_05_06_11_03_08//SusyCAF_Tree_298_0_pgW.root', 'dcap://cmsdca.fnal.gov:24137/pnfs/fnal.gov/usr/cms/WAX/11/store/user/lpcsusyra1/zmeng//ICF/automated/2012_05_06_11_03_08//SusyCAF_Tree_299_0_nWC.root', 'dcap://cmsdca.fnal.gov:24137/pnfs/fnal.gov/usr/cms/WAX/11/store/user/lpcsusyra1/zmeng//ICF/automated/2012_05_06_11_03_08//SusyCAF_Tree_2_1_drR.root', 'dcap://cmsdca.fnal.gov:24137/pnfs/fnal.gov/usr/cms/WAX/11/store/user/lpcsusyra1/zmeng//ICF/automated/2012_05_06_11_03_08//SusyCAF_Tree_300_0_uhi.root', 'dcap://cmsdca.fnal.gov:24137/pnfs/fnal.gov/usr/cms/WAX/11/store/user/lpcsusyra1/zmeng//ICF/automated/2012_05_06_11_03_08//SusyCAF_Tree_301_0_zjJ.root', 'dcap://cmsdca.fnal.gov:24137/pnfs/fnal.gov/usr/cms/WAX/11/store/user/lpcsusyra1/zmeng//ICF/automated/2012_05_06_11_03_08//SusyCAF_Tree_302_0_ls8.root', 'dcap://cmsdca.fnal.gov:24137/pnfs/fnal.gov/usr/cms/WAX/11/store/user/lpcsusyra1/zmeng//ICF/automated/2012_05_06_11_03_08//SusyCAF_Tree_303_0_G6m.root', 'dcap://cmsdca.fnal.gov:24137/pnfs/fnal.gov/usr/cms/WAX/11/store/user/lpcsusyra1/zmeng//ICF/automated/2012_05_06_11_03_08//SusyCAF_Tree_304_0_Tl9.root', 'dcap://cmsdca.fnal.gov:24137/pnfs/fnal.gov/usr/cms/WAX/11/store/user/lpcsusyra1/zmeng//ICF/automated/2012_05_06_11_03_08//SusyCAF_Tree_305_0_kBt.root', 'dcap://cmsdca.fnal.gov:24137/pnfs/fnal.gov/usr/cms/WAX/11/store/user/lpcsusyra1/zmeng//ICF/automated/2012_05_06_11_03_08//SusyCAF_Tree_306_0_PQw.root', 'dcap://cmsdca.fnal.gov:24137/pnfs/fnal.gov/usr/cms/WAX/11/store/user/lpcsusyra1/zmeng//ICF/automated/2012_05_06_11_03_08//SusyCAF_Tree_307_0_83f.root', 'dcap://cmsdca.fnal.gov:24137/pnfs/fnal.gov/usr/cms/WAX/11/store/user/lpcsusyra1/zmeng//ICF/automated/2012_05_06_11_03_08//SusyCAF_Tree_308_0_fLE.root', 'dcap://cmsdca.fnal.gov:24137/pnfs/fnal.gov/usr/cms/WAX/11/store/user/lpcsusyra1/zmeng//ICF/automated/2012_05_06_11_03_08//SusyCAF_Tree_309_0_Snm.root', 'dcap://cmsdca.fnal.gov:24137/pnfs/fnal.gov/usr/cms/WAX/11/store/user/lpcsusyra1/zmeng//ICF/automated/2012_05_06_11_03_08//SusyCAF_Tree_310_0_Xfk.root', 'dcap://cmsdca.fnal.gov:24137/pnfs/fnal.gov/usr/cms/WAX/11/store/user/lpcsusyra1/zmeng//ICF/automated/2012_05_06_11_03_08//SusyCAF_Tree_311_0_kRR.root', 'dcap://cmsdca.fnal.gov:24137/pnfs/fnal.gov/usr/cms/WAX/11/store/user/lpcsusyra1/zmeng//ICF/automated/2012_05_06_11_03_08//SusyCAF_Tree_312_0_MTc.root', 'dcap://cmsdca.fnal.gov:24137/pnfs/fnal.gov/usr/cms/WAX/11/store/user/lpcsusyra1/zmeng//ICF/automated/2012_05_06_11_03_08//SusyCAF_Tree_313_0_KTb.root', 'dcap://cmsdca.fnal.gov:24137/pnfs/fnal.gov/usr/cms/WAX/11/store/user/lpcsusyra1/zmeng//ICF/automated/2012_05_06_11_03_08//SusyCAF_Tree_314_0_Uaq.root', 'dcap://cmsdca.fnal.gov:24137/pnfs/fnal.gov/usr/cms/WAX/11/store/user/lpcsusyra1/zmeng//ICF/automated/2012_05_06_11_03_08//SusyCAF_Tree_315_0_p5Q.root', 'dcap://cmsdca.fnal.gov:24137/pnfs/fnal.gov/usr/cms/WAX/11/store/user/lpcsusyra1/zmeng//ICF/automated/2012_05_06_11_03_08//SusyCAF_Tree_316_0_1cY.root', 'dcap://cmsdca.fnal.gov:24137/pnfs/fnal.gov/usr/cms/WAX/11/store/user/lpcsusyra1/zmeng//ICF/automated/2012_05_06_11_03_08//SusyCAF_Tree_317_0_JNU.root', 'dcap://cmsdca.fnal.gov:24137/pnfs/fnal.gov/usr/cms/WAX/11/store/user/lpcsusyra1/zmeng//ICF/automated/2012_05_06_11_03_08//SusyCAF_Tree_318_0_rca.root', 'dcap://cmsdca.fnal.gov:24137/pnfs/fnal.gov/usr/cms/WAX/11/store/user/lpcsusyra1/zmeng//ICF/automated/2012_05_06_11_03_08//SusyCAF_Tree_319_0_m7m.root', 'dcap://cmsdca.fnal.gov:24137/pnfs/fnal.gov/usr/cms/WAX/11/store/user/lpcsusyra1/zmeng//ICF/automated/2012_05_06_11_03_08//SusyCAF_Tree_320_0_xZ9.root', 'dcap://cmsdca.fnal.gov:24137/pnfs/fnal.gov/usr/cms/WAX/11/store/user/lpcsusyra1/zmeng//ICF/automated/2012_05_06_11_03_08//SusyCAF_Tree_321_0_wez.root', 'dcap://cmsdca.fnal.gov:24137/pnfs/fnal.gov/usr/cms/WAX/11/store/user/lpcsusyra1/zmeng//ICF/automated/2012_05_06_11_03_08//SusyCAF_Tree_322_0_z7h.root', 'dcap://cmsdca.fnal.gov:24137/pnfs/fnal.gov/usr/cms/WAX/11/store/user/lpcsusyra1/zmeng//ICF/automated/2012_05_06_11_03_08//SusyCAF_Tree_323_0_iay.root', 'dcap://cmsdca.fnal.gov:24137/pnfs/fnal.gov/usr/cms/WAX/11/store/user/lpcsusyra1/zmeng//ICF/automated/2012_05_06_11_03_08//SusyCAF_Tree_324_0_hkq.root', 'dcap://cmsdca.fnal.gov:24137/pnfs/fnal.gov/usr/cms/WAX/11/store/user/lpcsusyra1/zmeng//ICF/automated/2012_05_06_11_03_08//SusyCAF_Tree_325_0_h7M.root', 'dcap://cmsdca.fnal.gov:24137/pnfs/fnal.gov/usr/cms/WAX/11/store/user/lpcsusyra1/zmeng//ICF/automated/2012_05_06_11_03_08//SusyCAF_Tree_326_0_vKJ.root', 'dcap://cmsdca.fnal.gov:24137/pnfs/fnal.gov/usr/cms/WAX/11/store/user/lpcsusyra1/zmeng//ICF/automated/2012_05_06_11_03_08//SusyCAF_Tree_327_0_H7j.root', 'dcap://cmsdca.fnal.gov:24137/pnfs/fnal.gov/usr/cms/WAX/11/store/user/lpcsusyra1/zmeng//ICF/automated/2012_05_06_11_03_08//SusyCAF_Tree_328_0_Fyz.root', 'dcap://cmsdca.fnal.gov:24137/pnfs/fnal.gov/usr/cms/WAX/11/store/user/lpcsusyra1/zmeng//ICF/automated/2012_05_06_11_03_08//SusyCAF_Tree_329_0_GPa.root', 'dcap://cmsdca.fnal.gov:24137/pnfs/fnal.gov/usr/cms/WAX/11/store/user/lpcsusyra1/zmeng//ICF/automated/2012_05_06_11_03_08//SusyCAF_Tree_330_0_TCU.root', 'dcap://cmsdca.fnal.gov:24137/pnfs/fnal.gov/usr/cms/WAX/11/store/user/lpcsusyra1/zmeng//ICF/automated/2012_05_06_11_03_08//SusyCAF_Tree_331_0_x8Z.root', 'dcap://cmsdca.fnal.gov:24137/pnfs/fnal.gov/usr/cms/WAX/11/store/user/lpcsusyra1/zmeng//ICF/automated/2012_05_06_11_03_08//SusyCAF_Tree_332_0_27r.root', 'dcap://cmsdca.fnal.gov:24137/pnfs/fnal.gov/usr/cms/WAX/11/store/user/lpcsusyra1/zmeng//ICF/automated/2012_05_06_11_03_08//SusyCAF_Tree_333_0_f4D.root', 'dcap://cmsdca.fnal.gov:24137/pnfs/fnal.gov/usr/cms/WAX/11/store/user/lpcsusyra1/zmeng//ICF/automated/2012_05_06_11_03_08//SusyCAF_Tree_334_0_7yr.root', 'dcap://cmsdca.fnal.gov:24137/pnfs/fnal.gov/usr/cms/WAX/11/store/user/lpcsusyra1/zmeng//ICF/automated/2012_05_06_11_03_08//SusyCAF_Tree_335_0_UJ0.root', 'dcap://cmsdca.fnal.gov:24137/pnfs/fnal.gov/usr/cms/WAX/11/store/user/lpcsusyra1/zmeng//ICF/automated/2012_05_06_11_03_08//SusyCAF_Tree_336_0_h8l.root', 'dcap://cmsdca.fnal.gov:24137/pnfs/fnal.gov/usr/cms/WAX/11/store/user/lpcsusyra1/zmeng//ICF/automated/2012_05_06_11_03_08//SusyCAF_Tree_337_0_CHf.root', 'dcap://cmsdca.fnal.gov:24137/pnfs/fnal.gov/usr/cms/WAX/11/store/user/lpcsusyra1/zmeng//ICF/automated/2012_05_06_11_03_08//SusyCAF_Tree_338_0_Pqi.root', 'dcap://cmsdca.fnal.gov:24137/pnfs/fnal.gov/usr/cms/WAX/11/store/user/lpcsusyra1/zmeng//ICF/automated/2012_05_06_11_03_08//SusyCAF_Tree_339_0_04H.root', 'dcap://cmsdca.fnal.gov:24137/pnfs/fnal.gov/usr/cms/WAX/11/store/user/lpcsusyra1/zmeng//ICF/automated/2012_05_06_11_03_08//SusyCAF_Tree_33_1_wcj.root', 'dcap://cmsdca.fnal.gov:24137/pnfs/fnal.gov/usr/cms/WAX/11/store/user/lpcsusyra1/zmeng//ICF/automated/2012_05_06_11_03_08//SusyCAF_Tree_340_0_bny.root', 'dcap://cmsdca.fnal.gov:24137/pnfs/fnal.gov/usr/cms/WAX/11/store/user/lpcsusyra1/zmeng//ICF/automated/2012_05_06_11_03_08//SusyCAF_Tree_341_0_YhT.root', 'dcap://cmsdca.fnal.gov:24137/pnfs/fnal.gov/usr/cms/WAX/11/store/user/lpcsusyra1/zmeng//ICF/automated/2012_05_06_11_03_08//SusyCAF_Tree_342_0_PfS.root', 'dcap://cmsdca.fnal.gov:24137/pnfs/fnal.gov/usr/cms/WAX/11/store/user/lpcsusyra1/zmeng//ICF/automated/2012_05_06_11_03_08//SusyCAF_Tree_343_0_BD5.root', 'dcap://cmsdca.fnal.gov:24137/pnfs/fnal.gov/usr/cms/WAX/11/store/user/lpcsusyra1/zmeng//ICF/automated/2012_05_06_11_03_08//SusyCAF_Tree_344_0_bJk.root', 'dcap://cmsdca.fnal.gov:24137/pnfs/fnal.gov/usr/cms/WAX/11/store/user/lpcsusyra1/zmeng//ICF/automated/2012_05_06_11_03_08//SusyCAF_Tree_345_0_KO7.root', 'dcap://cmsdca.fnal.gov:24137/pnfs/fnal.gov/usr/cms/WAX/11/store/user/lpcsusyra1/zmeng//ICF/automated/2012_05_06_11_03_08//SusyCAF_Tree_346_0_Wbn.root', 'dcap://cmsdca.fnal.gov:24137/pnfs/fnal.gov/usr/cms/WAX/11/store/user/lpcsusyra1/zmeng//ICF/automated/2012_05_06_11_03_08//SusyCAF_Tree_347_0_RVy.root', 'dcap://cmsdca.fnal.gov:24137/pnfs/fnal.gov/usr/cms/WAX/11/store/user/lpcsusyra1/zmeng//ICF/automated/2012_05_06_11_03_08//SusyCAF_Tree_348_0_URK.root', 'dcap://cmsdca.fnal.gov:24137/pnfs/fnal.gov/usr/cms/WAX/11/store/user/lpcsusyra1/zmeng//ICF/automated/2012_05_06_11_03_08//SusyCAF_Tree_349_0_ZXc.root', 'dcap://cmsdca.fnal.gov:24137/pnfs/fnal.gov/usr/cms/WAX/11/store/user/lpcsusyra1/zmeng//ICF/automated/2012_05_06_11_03_08//SusyCAF_Tree_350_0_buf.root', 'dcap://cmsdca.fnal.gov:24137/pnfs/fnal.gov/usr/cms/WAX/11/store/user/lpcsusyra1/zmeng//ICF/automated/2012_05_06_11_03_08//SusyCAF_Tree_351_0_fEr.root', 'dcap://cmsdca.fnal.gov:24137/pnfs/fnal.gov/usr/cms/WAX/11/store/user/lpcsusyra1/zmeng//ICF/automated/2012_05_06_11_03_08//SusyCAF_Tree_352_0_U7g.root', 'dcap://cmsdca.fnal.gov:24137/pnfs/fnal.gov/usr/cms/WAX/11/store/user/lpcsusyra1/zmeng//ICF/automated/2012_05_06_11_03_08//SusyCAF_Tree_353_0_sLI.root', 'dcap://cmsdca.fnal.gov:24137/pnfs/fnal.gov/usr/cms/WAX/11/store/user/lpcsusyra1/zmeng//ICF/automated/2012_05_06_11_03_08//SusyCAF_Tree_354_0_qBK.root', 'dcap://cmsdca.fnal.gov:24137/pnfs/fnal.gov/usr/cms/WAX/11/store/user/lpcsusyra1/zmeng//ICF/automated/2012_05_06_11_03_08//SusyCAF_Tree_355_0_hK8.root', 'dcap://cmsdca.fnal.gov:24137/pnfs/fnal.gov/usr/cms/WAX/11/store/user/lpcsusyra1/zmeng//ICF/automated/2012_05_06_11_03_08//SusyCAF_Tree_356_0_WOv.root', 'dcap://cmsdca.fnal.gov:24137/pnfs/fnal.gov/usr/cms/WAX/11/store/user/lpcsusyra1/zmeng//ICF/automated/2012_05_06_11_03_08//SusyCAF_Tree_357_0_AoN.root', 'dcap://cmsdca.fnal.gov:24137/pnfs/fnal.gov/usr/cms/WAX/11/store/user/lpcsusyra1/zmeng//ICF/automated/2012_05_06_11_03_08//SusyCAF_Tree_358_0_Wgh.root', 'dcap://cmsdca.fnal.gov:24137/pnfs/fnal.gov/usr/cms/WAX/11/store/user/lpcsusyra1/zmeng//ICF/automated/2012_05_06_11_03_08//SusyCAF_Tree_359_0_Veq.root', 'dcap://cmsdca.fnal.gov:24137/pnfs/fnal.gov/usr/cms/WAX/11/store/user/lpcsusyra1/zmeng//ICF/automated/2012_05_06_11_03_08//SusyCAF_Tree_35_1_5Wg.root', 'dcap://cmsdca.fnal.gov:24137/pnfs/fnal.gov/usr/cms/WAX/11/store/user/lpcsusyra1/zmeng//ICF/automated/2012_05_06_11_03_08//SusyCAF_Tree_360_0_UVT.root', 'dcap://cmsdca.fnal.gov:24137/pnfs/fnal.gov/usr/cms/WAX/11/store/user/lpcsusyra1/zmeng//ICF/automated/2012_05_06_11_03_08//SusyCAF_Tree_361_0_bdr.root', 'dcap://cmsdca.fnal.gov:24137/pnfs/fnal.gov/usr/cms/WAX/11/store/user/lpcsusyra1/zmeng//ICF/automated/2012_05_06_11_03_08//SusyCAF_Tree_362_0_nTz.root', 'dcap://cmsdca.fnal.gov:24137/pnfs/fnal.gov/usr/cms/WAX/11/store/user/lpcsusyra1/zmeng//ICF/automated/2012_05_06_11_03_08//SusyCAF_Tree_363_0_Op9.root', 'dcap://cmsdca.fnal.gov:24137/pnfs/fnal.gov/usr/cms/WAX/11/store/user/lpcsusyra1/zmeng//ICF/automated/2012_05_06_11_03_08//SusyCAF_Tree_364_0_LIu.root', 'dcap://cmsdca.fnal.gov:24137/pnfs/fnal.gov/usr/cms/WAX/11/store/user/lpcsusyra1/zmeng//ICF/automated/2012_05_06_11_03_08//SusyCAF_Tree_365_0_jnn.root', 'dcap://cmsdca.fnal.gov:24137/pnfs/fnal.gov/usr/cms/WAX/11/store/user/lpcsusyra1/zmeng//ICF/automated/2012_05_06_11_03_08//SusyCAF_Tree_366_0_Mjp.root', 'dcap://cmsdca.fnal.gov:24137/pnfs/fnal.gov/usr/cms/WAX/11/store/user/lpcsusyra1/zmeng//ICF/automated/2012_05_06_11_03_08//SusyCAF_Tree_367_0_udr.root', 'dcap://cmsdca.fnal.gov:24137/pnfs/fnal.gov/usr/cms/WAX/11/store/user/lpcsusyra1/zmeng//ICF/automated/2012_05_06_11_03_08//SusyCAF_Tree_368_0_90e.root', 'dcap://cmsdca.fnal.gov:24137/pnfs/fnal.gov/usr/cms/WAX/11/store/user/lpcsusyra1/zmeng//ICF/automated/2012_05_06_11_03_08//SusyCAF_Tree_369_0_B45.root', 'dcap://cmsdca.fnal.gov:24137/pnfs/fnal.gov/usr/cms/WAX/11/store/user/lpcsusyra1/zmeng//ICF/automated/2012_05_06_11_03_08//SusyCAF_Tree_370_0_VSs.root', 'dcap://cmsdca.fnal.gov:24137/pnfs/fnal.gov/usr/cms/WAX/11/store/user/lpcsusyra1/zmeng//ICF/automated/2012_05_06_11_03_08//SusyCAF_Tree_371_0_z7G.root', 'dcap://cmsdca.fnal.gov:24137/pnfs/fnal.gov/usr/cms/WAX/11/store/user/lpcsusyra1/zmeng//ICF/automated/2012_05_06_11_03_08//SusyCAF_Tree_372_0_dDU.root', 'dcap://cmsdca.fnal.gov:24137/pnfs/fnal.gov/usr/cms/WAX/11/store/user/lpcsusyra1/zmeng//ICF/automated/2012_05_06_11_03_08//SusyCAF_Tree_373_0_Z8I.root', 'dcap://cmsdca.fnal.gov:24137/pnfs/fnal.gov/usr/cms/WAX/11/store/user/lpcsusyra1/zmeng//ICF/automated/2012_05_06_11_03_08//SusyCAF_Tree_374_0_ruj.root', 'dcap://cmsdca.fnal.gov:24137/pnfs/fnal.gov/usr/cms/WAX/11/store/user/lpcsusyra1/zmeng//ICF/automated/2012_05_06_11_03_08//SusyCAF_Tree_375_0_ueG.root', 'dcap://cmsdca.fnal.gov:24137/pnfs/fnal.gov/usr/cms/WAX/11/store/user/lpcsusyra1/zmeng//ICF/automated/2012_05_06_11_03_08//SusyCAF_Tree_376_0_Qvg.root', 'dcap://cmsdca.fnal.gov:24137/pnfs/fnal.gov/usr/cms/WAX/11/store/user/lpcsusyra1/zmeng//ICF/automated/2012_05_06_11_03_08//SusyCAF_Tree_377_0_aqj.root', 'dcap://cmsdca.fnal.gov:24137/pnfs/fnal.gov/usr/cms/WAX/11/store/user/lpcsusyra1/zmeng//ICF/automated/2012_05_06_11_03_08//SusyCAF_Tree_378_0_XtO.root', 'dcap://cmsdca.fnal.gov:24137/pnfs/fnal.gov/usr/cms/WAX/11/store/user/lpcsusyra1/zmeng//ICF/automated/2012_05_06_11_03_08//SusyCAF_Tree_379_0_ghV.root', 'dcap://cmsdca.fnal.gov:24137/pnfs/fnal.gov/usr/cms/WAX/11/store/user/lpcsusyra1/zmeng//ICF/automated/2012_05_06_11_03_08//SusyCAF_Tree_380_0_gFh.root', 'dcap://cmsdca.fnal.gov:24137/pnfs/fnal.gov/usr/cms/WAX/11/store/user/lpcsusyra1/zmeng//ICF/automated/2012_05_06_11_03_08//SusyCAF_Tree_381_0_72p.root', 'dcap://cmsdca.fnal.gov:24137/pnfs/fnal.gov/usr/cms/WAX/11/store/user/lpcsusyra1/zmeng//ICF/automated/2012_05_06_11_03_08//SusyCAF_Tree_382_0_qyy.root', 'dcap://cmsdca.fnal.gov:24137/pnfs/fnal.gov/usr/cms/WAX/11/store/user/lpcsusyra1/zmeng//ICF/automated/2012_05_06_11_03_08//SusyCAF_Tree_383_0_uKX.root', 'dcap://cmsdca.fnal.gov:24137/pnfs/fnal.gov/usr/cms/WAX/11/store/user/lpcsusyra1/zmeng//ICF/automated/2012_05_06_11_03_08//SusyCAF_Tree_384_0_p5V.root', 'dcap://cmsdca.fnal.gov:24137/pnfs/fnal.gov/usr/cms/WAX/11/store/user/lpcsusyra1/zmeng//ICF/automated/2012_05_06_11_03_08//SusyCAF_Tree_385_0_sgE.root', 'dcap://cmsdca.fnal.gov:24137/pnfs/fnal.gov/usr/cms/WAX/11/store/user/lpcsusyra1/zmeng//ICF/automated/2012_05_06_11_03_08//SusyCAF_Tree_386_0_MQ7.root', 'dcap://cmsdca.fnal.gov:24137/pnfs/fnal.gov/usr/cms/WAX/11/store/user/lpcsusyra1/zmeng//ICF/automated/2012_05_06_11_03_08//SusyCAF_Tree_387_0_CcJ.root']
==================================================
Running Analysis: AK5Calo
==================================================
On 1 sample(s):
	SingleMu_Run2012A_PromptReco_v1_V17_pre3_taus_0_jetCorrections_L1FastJet_L2Relative_L3Absolute_L2L3Residual_jetCollections_ak5calo_ak5pf_zmengJob83		1.00pb 
==================================================
Total number of events in the ntuple = 3815996
Setting mLastEntry to match input tree
[CHAIN] At Entry: 0
[CHAIN] File: pnfs/fnal.gov/usr/cms/WAX/11/store/user/lpcsusyra1/zmeng/ICF/automated/2012_05_06_11_03_08/SusyCAF_Tree_291_0_0Pg.root
Secondary jet collection: ak5JetPF2PAT    Pat
Tertiary jet collection: ak5JetJPT   Pat
Event weights will be set to constant value: 1.
 found found found -1
 found found found -1
 found found found -1
 found found found -1
 found found found -1
 found found found -1
 found found found -1
 found found found -1
 found found found -1
 found found found -1
 found found found -1
 found found found -1
mode=Muon_SingleMuTrig mode_.find=18446744073709551615 int find=-1
found=18446744073709551615int found -1
mode=Muon_SingleMuTrig mode_.find=18446744073709551615 int find=-1
found=18446744073709551615int found -1
[CHAIN] At Entry: 22797
[CHAIN] File: pnfs/fnal.gov/usr/cms/WAX/11/store/user/lpcsusyra1/zmeng/ICF/automated/2012_05_06_11_03_08/SusyCAF_Tree_292_0_iv1.root
mode=Muon_SingleMuTrig mode_.find=18446744073709551615 int find=-1
found=18446744073709551615int found -1
mode=Muon_SingleMuTrig mode_.find=18446744073709551615 int find=-1
found=18446744073709551615int found -1
mode=Muon_SingleMuTrig mode_.find=18446744073709551615 int find=-1
found=18446744073709551615int found -1
mode=Muon_SingleMuTrig mode_.find=18446744073709551615 int find=-1
found=18446744073709551615int found -1
[CHAIN] At Entry: 58439
[CHAIN] File: pnfs/fnal.gov/usr/cms/WAX/11/store/user/lpcsusyra1/zmeng/ICF/automated/2012_05_06_11_03_08/SusyCAF_Tree_293_0_V9Y.root
mode=Muon_SingleMuTrig mode_.find=18446744073709551615 int find=-1
found=18446744073709551615int found -1
mode=Muon_SingleMuTrig mode_.find=18446744073709551615 int find=-1
found=18446744073709551615int found -1
mode=Muon_SingleMuTrig mode_.find=18446744073709551615 int find=-1
found=18446744073709551615int found -1
[CHAIN] At Entry: 96051
[CHAIN] File: pnfs/fnal.gov/usr/cms/WAX/11/store/user/lpcsusyra1/zmeng/ICF/automated/2012_05_06_11_03_08/SusyCAF_Tree_294_0_Gby.root
mode=Muon_SingleMuTrig mode_.find=18446744073709551615 int find=-1
found=18446744073709551615int found -1
mode=Muon_SingleMuTrig mode_.find=18446744073709551615 int find=-1
found=18446744073709551615int found -1
mode=Muon_SingleMuTrig mode_.find=18446744073709551615 int find=-1
found=18446744073709551615int found -1
[CHAIN] At Entry: 133720
[CHAIN] File: pnfs/fnal.gov/usr/cms/WAX/11/store/user/lpcsusyra1/zmeng/ICF/automated/2012_05_06_11_03_08/SusyCAF_Tree_295_0_JOk.root
mode=Muon_SingleMuTrig mode_.find=18446744073709551615 int find=-1
found=18446744073709551615int found -1
[CHAIN] At Entry: 172795
[CHAIN] File: pnfs/fnal.gov/usr/cms/WAX/11/store/user/lpcsusyra1/zmeng/ICF/automated/2012_05_06_11_03_08/SusyCAF_Tree_296_0_ECk.root
mode=Muon_SingleMuTrig mode_.find=18446744073709551615 int find=-1
found=18446744073709551615int found -1
mode=Muon_SingleMuTrig mode_.find=18446744073709551615 int find=-1
found=18446744073709551615int found -1
[CHAIN] At Entry: 210150
[CHAIN] File: pnfs/fnal.gov/usr/cms/WAX/11/store/user/lpcsusyra1/zmeng/ICF/automated/2012_05_06_11_03_08/SusyCAF_Tree_297_0_Qbf.root
mode=Muon_SingleMuTrig mode_.find=18446744073709551615 int find=-1
found=18446744073709551615int found -1
mode=Muon_SingleMuTrig mode_.find=18446744073709551615 int find=-1
found=18446744073709551615int found -1
mode=Muon_SingleMuTrig mode_.find=18446744073709551615 int find=-1
found=18446744073709551615int found -1
mode=Muon_SingleMuTrig mode_.find=18446744073709551615 int find=-1
found=18446744073709551615int found -1
mode=Muon_SingleMuTrig mode_.find=18446744073709551615 int find=-1
found=18446744073709551615int found -1
mode=Muon_SingleMuTrig mode_.find=18446744073709551615 int find=-1
found=18446744073709551615int found -1
mode=Muon_SingleMuTrig mode_.find=18446744073709551615 int find=-1
found=18446744073709551615int found -1
mode=Muon_SingleMuTrig mode_.find=18446744073709551615 int find=-1
found=18446744073709551615int found -1
[CHAIN] At Entry: 249185
[CHAIN] File: pnfs/fnal.gov/usr/cms/WAX/11/store/user/lpcsusyra1/zmeng/ICF/automated/2012_05_06_11_03_08/SusyCAF_Tree_298_0_pgW.root
mode=Muon_SingleMuTrig mode_.find=18446744073709551615 int find=-1
found=18446744073709551615int found -1
mode=Muon_SingleMuTrig mode_.find=18446744073709551615 int find=-1
found=18446744073709551615int found -1
mode=Muon_SingleMuTrig mode_.find=18446744073709551615 int find=-1
found=18446744073709551615int found -1
[CHAIN] At Entry: 291961
[CHAIN] File: pnfs/fnal.gov/usr/cms/WAX/11/store/user/lpcsusyra1/zmeng/ICF/automated/2012_05_06_11_03_08/SusyCAF_Tree_299_0_nWC.root
[CHAIN] At Entry: 332547
[CHAIN] File: pnfs/fnal.gov/usr/cms/WAX/11/store/user/lpcsusyra1/zmeng/ICF/automated/2012_05_06_11_03_08/SusyCAF_Tree_2_1_drR.root
mode=Muon_SingleMuTrig mode_.find=18446744073709551615 int find=-1
found=18446744073709551615int found -1
mode=Muon_SingleMuTrig mode_.find=18446744073709551615 int find=-1
found=18446744073709551615int found -1
[CHAIN] At Entry: 362518
[CHAIN] File: pnfs/fnal.gov/usr/cms/WAX/11/store/user/lpcsusyra1/zmeng/ICF/automated/2012_05_06_11_03_08/SusyCAF_Tree_300_0_uhi.root
mode=Muon_SingleMuTrig mode_.find=18446744073709551615 int find=-1
found=18446744073709551615int found -1
mode=Muon_SingleMuTrig mode_.find=18446744073709551615 int find=-1
found=18446744073709551615int found -1
mode=Muon_SingleMuTrig mode_.find=18446744073709551615 int find=-1
found=18446744073709551615int found -1
[CHAIN] At Entry: 403038
[CHAIN] File: pnfs/fnal.gov/usr/cms/WAX/11/store/user/lpcsusyra1/zmeng/ICF/automated/2012_05_06_11_03_08/SusyCAF_Tree_301_0_zjJ.root
mode=Muon_SingleMuTrig mode_.find=18446744073709551615 int find=-1
found=18446744073709551615int found -1
mode=Muon_SingleMuTrig mode_.find=18446744073709551615 int find=-1
found=18446744073709551615int found -1
mode=Muon_SingleMuTrig mode_.find=18446744073709551615 int find=-1
found=18446744073709551615int found -1
mode=Muon_SingleMuTrig mode_.find=18446744073709551615 int find=-1
found=18446744073709551615int found -1
[CHAIN] At Entry: 444378
[CHAIN] File: pnfs/fnal.gov/usr/cms/WAX/11/store/user/lpcsusyra1/zmeng/ICF/automated/2012_05_06_11_03_08/SusyCAF_Tree_302_0_ls8.root
mode=Muon_SingleMuTrig mode_.find=18446744073709551615 int find=-1
found=18446744073709551615int found -1
mode=Muon_SingleMuTrig mode_.find=18446744073709551615 int find=-1
found=18446744073709551615int found -1
mode=Muon_SingleMuTrig mode_.find=18446744073709551615 int find=-1
found=18446744073709551615int found -1
mode=Muon_SingleMuTrig mode_.find=18446744073709551615 int find=-1
found=18446744073709551615int found -1
[CHAIN] At Entry: 487024
[CHAIN] File: pnfs/fnal.gov/usr/cms/WAX/11/store/user/lpcsusyra1/zmeng/ICF/automated/2012_05_06_11_03_08/SusyCAF_Tree_303_0_G6m.root
mode=Muon_SingleMuTrig mode_.find=18446744073709551615 int find=-1
found=18446744073709551615int found -1
mode=Muon_SingleMuTrig mode_.find=18446744073709551615 int find=-1
found=18446744073709551615int found -1
mode=Muon_SingleMuTrig mode_.find=18446744073709551615 int find=-1
found=18446744073709551615int found -1
[CHAIN] At Entry: 528998
[CHAIN] File: pnfs/fnal.gov/usr/cms/WAX/11/store/user/lpcsusyra1/zmeng/ICF/automated/2012_05_06_11_03_08/SusyCAF_Tree_304_0_Tl9.root
[CHAIN] At Entry: 575044
[CHAIN] File: pnfs/fnal.gov/usr/cms/WAX/11/store/user/lpcsusyra1/zmeng/ICF/automated/2012_05_06_11_03_08/SusyCAF_Tree_305_0_kBt.root
mode=Muon_SingleMuTrig mode_.find=18446744073709551615 int find=-1
found=18446744073709551615int found -1
[CHAIN] At Entry: 626017
[CHAIN] File: pnfs/fnal.gov/usr/cms/WAX/11/store/user/lpcsusyra1/zmeng/ICF/automated/2012_05_06_11_03_08/SusyCAF_Tree_306_0_PQw.root
[CHAIN] At Entry: 675782
[CHAIN] File: pnfs/fnal.gov/usr/cms/WAX/11/store/user/lpcsusyra1/zmeng/ICF/automated/2012_05_06_11_03_08/SusyCAF_Tree_307_0_83f.root
[CHAIN] At Entry: 723819
[CHAIN] File: pnfs/fnal.gov/usr/cms/WAX/11/store/user/lpcsusyra1/zmeng/ICF/automated/2012_05_06_11_03_08/SusyCAF_Tree_308_0_fLE.root
[CHAIN] At Entry: 769140
[CHAIN] File: pnfs/fnal.gov/usr/cms/WAX/11/store/user/lpcsusyra1/zmeng/ICF/automated/2012_05_06_11_03_08/SusyCAF_Tree_309_0_Snm.root
[CHAIN] At Entry: 818375
[CHAIN] File: pnfs/fnal.gov/usr/cms/WAX/11/store/user/lpcsusyra1/zmeng/ICF/automated/2012_05_06_11_03_08/SusyCAF_Tree_310_0_Xfk.root
[CHAIN] At Entry: 868022
[CHAIN] File: pnfs/fnal.gov/usr/cms/WAX/11/store/user/lpcsusyra1/zmeng/ICF/automated/2012_05_06_11_03_08/SusyCAF_Tree_311_0_kRR.root
[CHAIN] At Entry: 917413
[CHAIN] File: pnfs/fnal.gov/usr/cms/WAX/11/store/user/lpcsusyra1/zmeng/ICF/automated/2012_05_06_11_03_08/SusyCAF_Tree_312_0_MTc.root
[CHAIN] At Entry: 966467
[CHAIN] File: pnfs/fnal.gov/usr/cms/WAX/11/store/user/lpcsusyra1/zmeng/ICF/automated/2012_05_06_11_03_08/SusyCAF_Tree_313_0_KTb.root
mode=Muon_SingleMuTrig mode_.find=18446744073709551615 int find=-1
found=18446744073709551615int found -1
mode=Muon_SingleMuTrig mode_.find=18446744073709551615 int find=-1
found=18446744073709551615int found -1
mode=Muon_SingleMuTrig mode_.find=18446744073709551615 int find=-1
found=18446744073709551615int found -1
mode=Muon_SingleMuTrig mode_.find=18446744073709551615 int find=-1
found=18446744073709551615int found -1
[CHAIN] At Entry: 1003141
[CHAIN] File: pnfs/fnal.gov/usr/cms/WAX/11/store/user/lpcsusyra1/zmeng/ICF/automated/2012_05_06_11_03_08/SusyCAF_Tree_314_0_Uaq.root
mode=Muon_SingleMuTrig mode_.find=18446744073709551615 int find=-1
found=18446744073709551615int found -1
mode=Muon_SingleMuTrig mode_.find=18446744073709551615 int find=-1
found=18446744073709551615int found -1
mode=Muon_SingleMuTrig mode_.find=18446744073709551615 int find=-1
found=18446744073709551615int found -1
mode=Muon_SingleMuTrig mode_.find=18446744073709551615 int find=-1
found=18446744073709551615int found -1
mode=Muon_SingleMuTrig mode_.find=18446744073709551615 int find=-1
found=18446744073709551615int found -1
[CHAIN] At Entry: 1043029
[CHAIN] File: pnfs/fnal.gov/usr/cms/WAX/11/store/user/lpcsusyra1/zmeng/ICF/automated/2012_05_06_11_03_08/SusyCAF_Tree_315_0_p5Q.root
mode=Muon_SingleMuTrig mode_.find=18446744073709551615 int find=-1
found=18446744073709551615int found -1
mode=Muon_SingleMuTrig mode_.find=18446744073709551615 int find=-1
found=18446744073709551615int found -1
[CHAIN] At Entry: 1090137
[CHAIN] File: pnfs/fnal.gov/usr/cms/WAX/11/store/user/lpcsusyra1/zmeng/ICF/automated/2012_05_06_11_03_08/SusyCAF_Tree_316_0_1cY.root
mode=Muon_SingleMuTrig mode_.find=18446744073709551615 int find=-1
found=18446744073709551615int found -1
mode=Muon_SingleMuTrig mode_.find=18446744073709551615 int find=-1
found=18446744073709551615int found -1
[CHAIN] At Entry: 1125005
[CHAIN] File: pnfs/fnal.gov/usr/cms/WAX/11/store/user/lpcsusyra1/zmeng/ICF/automated/2012_05_06_11_03_08/SusyCAF_Tree_317_0_JNU.root
mode=Muon_SingleMuTrig mode_.find=18446744073709551615 int find=-1
found=18446744073709551615int found -1
mode=Muon_SingleMuTrig mode_.find=18446744073709551615 int find=-1
found=18446744073709551615int found -1
mode=Muon_SingleMuTrig mode_.find=18446744073709551615 int find=-1
found=18446744073709551615int found -1
mode=Muon_SingleMuTrig mode_.find=18446744073709551615 int find=-1
found=18446744073709551615int found -1
mode=Muon_SingleMuTrig mode_.find=18446744073709551615 int find=-1
found=18446744073709551615int found -1
[CHAIN] At Entry: 1163718
[CHAIN] File: pnfs/fnal.gov/usr/cms/WAX/11/store/user/lpcsusyra1/zmeng/ICF/automated/2012_05_06_11_03_08/SusyCAF_Tree_318_0_rca.root
mode=Muon_SingleMuTrig mode_.find=18446744073709551615 int find=-1
found=18446744073709551615int found -1
mode=Muon_SingleMuTrig mode_.find=18446744073709551615 int find=-1
found=18446744073709551615int found -1
mode=Muon_SingleMuTrig mode_.find=18446744073709551615 int find=-1
found=18446744073709551615int found -1
mode=Muon_SingleMuTrig mode_.find=18446744073709551615 int find=-1
found=18446744073709551615int found -1
[CHAIN] At Entry: 1204905
[CHAIN] File: pnfs/fnal.gov/usr/cms/WAX/11/store/user/lpcsusyra1/zmeng/ICF/automated/2012_05_06_11_03_08/SusyCAF_Tree_319_0_m7m.root
mode=Muon_SingleMuTrig mode_.find=18446744073709551615 int find=-1
found=18446744073709551615int found -1
[CHAIN] At Entry: 1246365
[CHAIN] File: pnfs/fnal.gov/usr/cms/WAX/11/store/user/lpcsusyra1/zmeng/ICF/automated/2012_05_06_11_03_08/SusyCAF_Tree_320_0_xZ9.root
mode=Muon_SingleMuTrig mode_.find=18446744073709551615 int find=-1
found=18446744073709551615int found -1
mode=Muon_SingleMuTrig mode_.find=18446744073709551615 int find=-1
found=18446744073709551615int found -1
[CHAIN] At Entry: 1288857
[CHAIN] File: pnfs/fnal.gov/usr/cms/WAX/11/store/user/lpcsusyra1/zmeng/ICF/automated/2012_05_06_11_03_08/SusyCAF_Tree_321_0_wez.root
mode=Muon_SingleMuTrig mode_.find=18446744073709551615 int find=-1
found=18446744073709551615int found -1
mode=Muon_SingleMuTrig mode_.find=18446744073709551615 int find=-1
found=18446744073709551615int found -1
mode=Muon_SingleMuTrig mode_.find=18446744073709551615 int find=-1
found=18446744073709551615int found -1
[CHAIN] At Entry: 1332113
[CHAIN] File: pnfs/fnal.gov/usr/cms/WAX/11/store/user/lpcsusyra1/zmeng/ICF/automated/2012_05_06_11_03_08/SusyCAF_Tree_322_0_z7h.root
mode=Muon_SingleMuTrig mode_.find=18446744073709551615 int find=-1
found=18446744073709551615int found -1
mode=Muon_SingleMuTrig mode_.find=18446744073709551615 int find=-1
found=18446744073709551615int found -1
mode=Muon_SingleMuTrig mode_.find=18446744073709551615 int find=-1
found=18446744073709551615int found -1
[CHAIN] At Entry: 1375747
[CHAIN] File: pnfs/fnal.gov/usr/cms/WAX/11/store/user/lpcsusyra1/zmeng/ICF/automated/2012_05_06_11_03_08/SusyCAF_Tree_323_0_iay.root
mode=Muon_SingleMuTrig mode_.find=18446744073709551615 int find=-1
found=18446744073709551615int found -1
[CHAIN] At Entry: 1407828
[CHAIN] File: pnfs/fnal.gov/usr/cms/WAX/11/store/user/lpcsusyra1/zmeng/ICF/automated/2012_05_06_11_03_08/SusyCAF_Tree_324_0_hkq.root
mode=Muon_SingleMuTrig mode_.find=18446744073709551615 int find=-1
found=18446744073709551615int found -1
mode=Muon_SingleMuTrig mode_.find=18446744073709551615 int find=-1
found=18446744073709551615int found -1
mode=Muon_SingleMuTrig mode_.find=18446744073709551615 int find=-1
found=18446744073709551615int found -1
[CHAIN] At Entry: 1454204
[CHAIN] File: pnfs/fnal.gov/usr/cms/WAX/11/store/user/lpcsusyra1/zmeng/ICF/automated/2012_05_06_11_03_08/SusyCAF_Tree_325_0_h7M.root
mode=Muon_SingleMuTrig mode_.find=18446744073709551615 int find=-1
found=18446744073709551615int found -1
mode=Muon_SingleMuTrig mode_.find=18446744073709551615 int find=-1
found=18446744073709551615int found -1
mode=Muon_SingleMuTrig mode_.find=18446744073709551615 int find=-1
found=18446744073709551615int found -1
mode=Muon_SingleMuTrig mode_.find=18446744073709551615 int find=-1
found=18446744073709551615int found -1
[CHAIN] At Entry: 1485796
[CHAIN] File: pnfs/fnal.gov/usr/cms/WAX/11/store/user/lpcsusyra1/zmeng/ICF/automated/2012_05_06_11_03_08/SusyCAF_Tree_326_0_vKJ.root
mode=Muon_SingleMuTrig mode_.find=18446744073709551615 int find=-1
found=18446744073709551615int found -1
[CHAIN] At Entry: 1517552
[CHAIN] File: pnfs/fnal.gov/usr/cms/WAX/11/store/user/lpcsusyra1/zmeng/ICF/automated/2012_05_06_11_03_08/SusyCAF_Tree_327_0_H7j.root
mode=Muon_SingleMuTrig mode_.find=18446744073709551615 int find=-1
found=18446744073709551615int found -1
mode=Muon_SingleMuTrig mode_.find=18446744073709551615 int find=-1
found=18446744073709551615int found -1
[CHAIN] At Entry: 1551834
[CHAIN] File: pnfs/fnal.gov/usr/cms/WAX/11/store/user/lpcsusyra1/zmeng/ICF/automated/2012_05_06_11_03_08/SusyCAF_Tree_328_0_Fyz.root
mode=Muon_SingleMuTrig mode_.find=18446744073709551615 int find=-1
found=18446744073709551615int found -1
mode=Muon_SingleMuTrig mode_.find=18446744073709551615 int find=-1
found=18446744073709551615int found -1
[CHAIN] At Entry: 1585447
[CHAIN] File: pnfs/fnal.gov/usr/cms/WAX/11/store/user/lpcsusyra1/zmeng/ICF/automated/2012_05_06_11_03_08/SusyCAF_Tree_329_0_GPa.root
mode=Muon_SingleMuTrig mode_.find=18446744073709551615 int find=-1
found=18446744073709551615int found -1
mode=Muon_SingleMuTrig mode_.find=18446744073709551615 int find=-1
found=18446744073709551615int found -1
mode=Muon_SingleMuTrig mode_.find=18446744073709551615 int find=-1
found=18446744073709551615int found -1
mode=Muon_SingleMuTrig mode_.find=18446744073709551615 int find=-1
found=18446744073709551615int found -1
[CHAIN] At Entry: 1620489
[CHAIN] File: pnfs/fnal.gov/usr/cms/WAX/11/store/user/lpcsusyra1/zmeng/ICF/automated/2012_05_06_11_03_08/SusyCAF_Tree_330_0_TCU.root
mode=Muon_SingleMuTrig mode_.find=18446744073709551615 int find=-1
found=18446744073709551615int found -1
mode=Muon_SingleMuTrig mode_.find=18446744073709551615 int find=-1
found=18446744073709551615int found -1
mode=Muon_SingleMuTrig mode_.find=18446744073709551615 int find=-1
found=18446744073709551615int found -1
[CHAIN] At Entry: 1652767
[CHAIN] File: pnfs/fnal.gov/usr/cms/WAX/11/store/user/lpcsusyra1/zmeng/ICF/automated/2012_05_06_11_03_08/SusyCAF_Tree_331_0_x8Z.root
mode=Muon_SingleMuTrig mode_.find=18446744073709551615 int find=-1
found=18446744073709551615int found -1
mode=Muon_SingleMuTrig mode_.find=18446744073709551615 int find=-1
found=18446744073709551615int found -1
mode=Muon_SingleMuTrig mode_.find=18446744073709551615 int find=-1
found=18446744073709551615int found -1
[CHAIN] At Entry: 1686742
[CHAIN] File: pnfs/fnal.gov/usr/cms/WAX/11/store/user/lpcsusyra1/zmeng/ICF/automated/2012_05_06_11_03_08/SusyCAF_Tree_332_0_27r.root
mode=Muon_SingleMuTrig mode_.find=18446744073709551615 int find=-1
found=18446744073709551615int found -1
mode=Muon_SingleMuTrig mode_.find=18446744073709551615 int find=-1
found=18446744073709551615int found -1
[CHAIN] At Entry: 1721964
[CHAIN] File: pnfs/fnal.gov/usr/cms/WAX/11/store/user/lpcsusyra1/zmeng/ICF/automated/2012_05_06_11_03_08/SusyCAF_Tree_333_0_f4D.root
mode=Muon_SingleMuTrig mode_.find=18446744073709551615 int find=-1
found=18446744073709551615int found -1
mode=Muon_SingleMuTrig mode_.find=18446744073709551615 int find=-1
found=18446744073709551615int found -1
mode=Muon_SingleMuTrig mode_.find=18446744073709551615 int find=-1
found=18446744073709551615int found -1
[CHAIN] At Entry: 1758954
[CHAIN] File: pnfs/fnal.gov/usr/cms/WAX/11/store/user/lpcsusyra1/zmeng/ICF/automated/2012_05_06_11_03_08/SusyCAF_Tree_334_0_7yr.root
mode=Muon_SingleMuTrig mode_.find=18446744073709551615 int find=-1
found=18446744073709551615int found -1
mode=Muon_SingleMuTrig mode_.find=18446744073709551615 int find=-1
found=18446744073709551615int found -1
mode=Muon_SingleMuTrig mode_.find=18446744073709551615 int find=-1
found=18446744073709551615int found -1
mode=Muon_SingleMuTrig mode_.find=18446744073709551615 int find=-1
found=18446744073709551615int found -1
[CHAIN] At Entry: 1793219
[CHAIN] File: pnfs/fnal.gov/usr/cms/WAX/11/store/user/lpcsusyra1/zmeng/ICF/automated/2012_05_06_11_03_08/SusyCAF_Tree_335_0_UJ0.root
mode=Muon_SingleMuTrig mode_.find=18446744073709551615 int find=-1
found=18446744073709551615int found -1
mode=Muon_SingleMuTrig mode_.find=18446744073709551615 int find=-1
found=18446744073709551615int found -1
mode=Muon_SingleMuTrig mode_.find=18446744073709551615 int find=-1
found=18446744073709551615int found -1
[CHAIN] At Entry: 1826495
[CHAIN] File: pnfs/fnal.gov/usr/cms/WAX/11/store/user/lpcsusyra1/zmeng/ICF/automated/2012_05_06_11_03_08/SusyCAF_Tree_336_0_h8l.root
mode=Muon_SingleMuTrig mode_.find=18446744073709551615 int find=-1
found=18446744073709551615int found -1
mode=Muon_SingleMuTrig mode_.find=18446744073709551615 int find=-1
found=18446744073709551615int found -1
mode=Muon_SingleMuTrig mode_.find=18446744073709551615 int find=-1
found=18446744073709551615int found -1
mode=Muon_SingleMuTrig mode_.find=18446744073709551615 int find=-1
found=18446744073709551615int found -1
[CHAIN] At Entry: 1859930
[CHAIN] File: pnfs/fnal.gov/usr/cms/WAX/11/store/user/lpcsusyra1/zmeng/ICF/automated/2012_05_06_11_03_08/SusyCAF_Tree_337_0_CHf.root
mode=Muon_SingleMuTrig mode_.find=18446744073709551615 int find=-1
found=18446744073709551615int found -1
mode=Muon_SingleMuTrig mode_.find=18446744073709551615 int find=-1
found=18446744073709551615int found -1
[CHAIN] At Entry: 1894587
[CHAIN] File: pnfs/fnal.gov/usr/cms/WAX/11/store/user/lpcsusyra1/zmeng/ICF/automated/2012_05_06_11_03_08/SusyCAF_Tree_338_0_Pqi.root
mode=Muon_SingleMuTrig mode_.find=18446744073709551615 int find=-1
found=18446744073709551615int found -1
mode=Muon_SingleMuTrig mode_.find=18446744073709551615 int find=-1
found=18446744073709551615int found -1
mode=Muon_SingleMuTrig mode_.find=18446744073709551615 int find=-1
found=18446744073709551615int found -1
[CHAIN] At Entry: 1928535
[CHAIN] File: pnfs/fnal.gov/usr/cms/WAX/11/store/user/lpcsusyra1/zmeng/ICF/automated/2012_05_06_11_03_08/SusyCAF_Tree_339_0_04H.root
mode=Muon_SingleMuTrig mode_.find=18446744073709551615 int find=-1
found=18446744073709551615int found -1
mode=Muon_SingleMuTrig mode_.find=18446744073709551615 int find=-1
found=18446744073709551615int found -1
mode=Muon_SingleMuTrig mode_.find=18446744073709551615 int find=-1
found=18446744073709551615int found -1
[CHAIN] At Entry: 1961997
[CHAIN] File: pnfs/fnal.gov/usr/cms/WAX/11/store/user/lpcsusyra1/zmeng/ICF/automated/2012_05_06_11_03_08/SusyCAF_Tree_33_1_wcj.root
mode=Muon_SingleMuTrig mode_.find=18446744073709551615 int find=-1
found=18446744073709551615int found -1
mode=Muon_SingleMuTrig mode_.find=18446744073709551615 int find=-1
found=18446744073709551615int found -1
mode=Muon_SingleMuTrig mode_.find=18446744073709551615 int find=-1
found=18446744073709551615int found -1
mode=Muon_SingleMuTrig mode_.find=18446744073709551615 int find=-1
found=18446744073709551615int found -1
mode=Muon_SingleMuTrig mode_.find=18446744073709551615 int find=-1
found=18446744073709551615int found -1
[CHAIN] At Entry: 2005930
[CHAIN] File: pnfs/fnal.gov/usr/cms/WAX/11/store/user/lpcsusyra1/zmeng/ICF/automated/2012_05_06_11_03_08/SusyCAF_Tree_340_0_bny.root
mode=Muon_SingleMuTrig mode_.find=18446744073709551615 int find=-1
found=18446744073709551615int found -1
mode=Muon_SingleMuTrig mode_.find=18446744073709551615 int find=-1
found=18446744073709551615int found -1
mode=Muon_SingleMuTrig mode_.find=18446744073709551615 int find=-1
found=18446744073709551615int found -1
mode=Muon_SingleMuTrig mode_.find=18446744073709551615 int find=-1
found=18446744073709551615int found -1
[CHAIN] At Entry: 2039948
[CHAIN] File: pnfs/fnal.gov/usr/cms/WAX/11/store/user/lpcsusyra1/zmeng/ICF/automated/2012_05_06_11_03_08/SusyCAF_Tree_341_0_YhT.root
mode=Muon_SingleMuTrig mode_.find=18446744073709551615 int find=-1
found=18446744073709551615int found -1
[CHAIN] At Entry: 2074258
[CHAIN] File: pnfs/fnal.gov/usr/cms/WAX/11/store/user/lpcsusyra1/zmeng/ICF/automated/2012_05_06_11_03_08/SusyCAF_Tree_342_0_PfS.root
mode=Muon_SingleMuTrig mode_.find=18446744073709551615 int find=-1
found=18446744073709551615int found -1
mode=Muon_SingleMuTrig mode_.find=18446744073709551615 int find=-1
found=18446744073709551615int found -1
mode=Muon_SingleMuTrig mode_.find=18446744073709551615 int find=-1
found=18446744073709551615int found -1
mode=Muon_SingleMuTrig mode_.find=18446744073709551615 int find=-1
found=18446744073709551615int found -1
mode=Muon_SingleMuTrig mode_.find=18446744073709551615 int find=-1
found=18446744073709551615int found -1
[CHAIN] At Entry: 2107540
[CHAIN] File: pnfs/fnal.gov/usr/cms/WAX/11/store/user/lpcsusyra1/zmeng/ICF/automated/2012_05_06_11_03_08/SusyCAF_Tree_343_0_BD5.root
mode=Muon_SingleMuTrig mode_.find=18446744073709551615 int find=-1
found=18446744073709551615int found -1
mode=Muon_SingleMuTrig mode_.find=18446744073709551615 int find=-1
found=18446744073709551615int found -1
mode=Muon_SingleMuTrig mode_.find=18446744073709551615 int find=-1
found=18446744073709551615int found -1
[CHAIN] At Entry: 2143581
[CHAIN] File: pnfs/fnal.gov/usr/cms/WAX/11/store/user/lpcsusyra1/zmeng/ICF/automated/2012_05_06_11_03_08/SusyCAF_Tree_344_0_bJk.root
mode=Muon_SingleMuTrig mode_.find=18446744073709551615 int find=-1
found=18446744073709551615int found -1
mode=Muon_SingleMuTrig mode_.find=18446744073709551615 int find=-1
found=18446744073709551615int found -1
[CHAIN] At Entry: 2181255
[CHAIN] File: pnfs/fnal.gov/usr/cms/WAX/11/store/user/lpcsusyra1/zmeng/ICF/automated/2012_05_06_11_03_08/SusyCAF_Tree_345_0_KO7.root
mode=Muon_SingleMuTrig mode_.find=18446744073709551615 int find=-1
found=18446744073709551615int found -1
mode=Muon_SingleMuTrig mode_.find=18446744073709551615 int find=-1
found=18446744073709551615int found -1
mode=Muon_SingleMuTrig mode_.find=18446744073709551615 int find=-1
found=18446744073709551615int found -1
mode=Muon_SingleMuTrig mode_.find=18446744073709551615 int find=-1
found=18446744073709551615int found -1
mode=Muon_SingleMuTrig mode_.find=18446744073709551615 int find=-1
found=18446744073709551615int found -1
mode=Muon_SingleMuTrig mode_.find=18446744073709551615 int find=-1
found=18446744073709551615int found -1
[CHAIN] At Entry: 2221423
[CHAIN] File: pnfs/fnal.gov/usr/cms/WAX/11/store/user/lpcsusyra1/zmeng/ICF/automated/2012_05_06_11_03_08/SusyCAF_Tree_346_0_Wbn.root
mode=Muon_SingleMuTrig mode_.find=18446744073709551615 int find=-1
found=18446744073709551615int found -1
mode=Muon_SingleMuTrig mode_.find=18446744073709551615 int find=-1
found=18446744073709551615int found -1
[CHAIN] At Entry: 2259187
[CHAIN] File: pnfs/fnal.gov/usr/cms/WAX/11/store/user/lpcsusyra1/zmeng/ICF/automated/2012_05_06_11_03_08/SusyCAF_Tree_347_0_RVy.root
mode=Muon_SingleMuTrig mode_.find=18446744073709551615 int find=-1
found=18446744073709551615int found -1
[CHAIN] At Entry: 2300018
[CHAIN] File: pnfs/fnal.gov/usr/cms/WAX/11/store/user/lpcsusyra1/zmeng/ICF/automated/2012_05_06_11_03_08/SusyCAF_Tree_348_0_URK.root
mode=Muon_SingleMuTrig mode_.find=18446744073709551615 int find=-1
found=18446744073709551615int found -1
mode=Muon_SingleMuTrig mode_.find=18446744073709551615 int find=-1
found=18446744073709551615int found -1
mode=Muon_SingleMuTrig mode_.find=18446744073709551615 int find=-1
found=18446744073709551615int found -1
[CHAIN] At Entry: 2339497
[CHAIN] File: pnfs/fnal.gov/usr/cms/WAX/11/store/user/lpcsusyra1/zmeng/ICF/automated/2012_05_06_11_03_08/SusyCAF_Tree_349_0_ZXc.root
[CHAIN] At Entry: 2381333
[CHAIN] File: pnfs/fnal.gov/usr/cms/WAX/11/store/user/lpcsusyra1/zmeng/ICF/automated/2012_05_06_11_03_08/SusyCAF_Tree_350_0_buf.root
mode=Muon_SingleMuTrig mode_.find=18446744073709551615 int find=-1
found=18446744073709551615int found -1
mode=Muon_SingleMuTrig mode_.find=18446744073709551615 int find=-1
found=18446744073709551615int found -1
[CHAIN] At Entry: 2425679
[CHAIN] File: pnfs/fnal.gov/usr/cms/WAX/11/store/user/lpcsusyra1/zmeng/ICF/automated/2012_05_06_11_03_08/SusyCAF_Tree_351_0_fEr.root
mode=Muon_SingleMuTrig mode_.find=18446744073709551615 int find=-1
found=18446744073709551615int found -1
mode=Muon_SingleMuTrig mode_.find=18446744073709551615 int find=-1
found=18446744073709551615int found -1
mode=Muon_SingleMuTrig mode_.find=18446744073709551615 int find=-1
found=18446744073709551615int found -1
mode=Muon_SingleMuTrig mode_.find=18446744073709551615 int find=-1
found=18446744073709551615int found -1
[CHAIN] At Entry: 2467669
[CHAIN] File: pnfs/fnal.gov/usr/cms/WAX/11/store/user/lpcsusyra1/zmeng/ICF/automated/2012_05_06_11_03_08/SusyCAF_Tree_352_0_U7g.root
mode=Muon_SingleMuTrig mode_.find=18446744073709551615 int find=-1
found=18446744073709551615int found -1
mode=Muon_SingleMuTrig mode_.find=18446744073709551615 int find=-1
found=18446744073709551615int found -1
mode=Muon_SingleMuTrig mode_.find=18446744073709551615 int find=-1
found=18446744073709551615int found -1
mode=Muon_SingleMuTrig mode_.find=18446744073709551615 int find=-1
found=18446744073709551615int found -1
[CHAIN] At Entry: 2509568
[CHAIN] File: pnfs/fnal.gov/usr/cms/WAX/11/store/user/lpcsusyra1/zmeng/ICF/automated/2012_05_06_11_03_08/SusyCAF_Tree_353_0_sLI.root
mode=Muon_SingleMuTrig mode_.find=18446744073709551615 int find=-1
found=18446744073709551615int found -1
mode=Muon_SingleMuTrig mode_.find=18446744073709551615 int find=-1
found=18446744073709551615int found -1
mode=Muon_SingleMuTrig mode_.find=18446744073709551615 int find=-1
found=18446744073709551615int found -1
mode=Muon_SingleMuTrig mode_.find=18446744073709551615 int find=-1
found=18446744073709551615int found -1
[CHAIN] At Entry: 2553430
[CHAIN] File: pnfs/fnal.gov/usr/cms/WAX/11/store/user/lpcsusyra1/zmeng/ICF/automated/2012_05_06_11_03_08/SusyCAF_Tree_354_0_qBK.root
[CHAIN] At Entry: 2576028
[CHAIN] File: pnfs/fnal.gov/usr/cms/WAX/11/store/user/lpcsusyra1/zmeng/ICF/automated/2012_05_06_11_03_08/SusyCAF_Tree_355_0_hK8.root
mode=Muon_SingleMuTrig mode_.find=18446744073709551615 int find=-1
found=18446744073709551615int found -1
mode=Muon_SingleMuTrig mode_.find=18446744073709551615 int find=-1
found=18446744073709551615int found -1
mode=Muon_SingleMuTrig mode_.find=18446744073709551615 int find=-1
found=18446744073709551615int found -1
mode=Muon_SingleMuTrig mode_.find=18446744073709551615 int find=-1
found=18446744073709551615int found -1
[CHAIN] At Entry: 2598311
[CHAIN] File: pnfs/fnal.gov/usr/cms/WAX/11/store/user/lpcsusyra1/zmeng/ICF/automated/2012_05_06_11_03_08/SusyCAF_Tree_356_0_WOv.root
mode=Muon_SingleMuTrig mode_.find=18446744073709551615 int find=-1
found=18446744073709551615int found -1
mode=Muon_SingleMuTrig mode_.find=18446744073709551615 int find=-1
found=18446744073709551615int found -1
[CHAIN] At Entry: 2640970
[CHAIN] File: pnfs/fnal.gov/usr/cms/WAX/11/store/user/lpcsusyra1/zmeng/ICF/automated/2012_05_06_11_03_08/SusyCAF_Tree_357_0_AoN.root
mode=Muon_SingleMuTrig mode_.find=18446744073709551615 int find=-1
found=18446744073709551615int found -1
mode=Muon_SingleMuTrig mode_.find=18446744073709551615 int find=-1
found=18446744073709551615int found -1
mode=Muon_SingleMuTrig mode_.find=18446744073709551615 int find=-1
found=18446744073709551615int found -1
mode=Muon_SingleMuTrig mode_.find=18446744073709551615 int find=-1
found=18446744073709551615int found -1
mode=Muon_SingleMuTrig mode_.find=18446744073709551615 int find=-1
found=18446744073709551615int found -1
mode=Muon_SingleMuTrig mode_.find=18446744073709551615 int find=-1
found=18446744073709551615int found -1
[CHAIN] At Entry: 2670452
[CHAIN] File: pnfs/fnal.gov/usr/cms/WAX/11/store/user/lpcsusyra1/zmeng/ICF/automated/2012_05_06_11_03_08/SusyCAF_Tree_358_0_Wgh.root
mode=Muon_SingleMuTrig mode_.find=18446744073709551615 int find=-1
found=18446744073709551615int found -1
[CHAIN] At Entry: 2715903
[CHAIN] File: pnfs/fnal.gov/usr/cms/WAX/11/store/user/lpcsusyra1/zmeng/ICF/automated/2012_05_06_11_03_08/SusyCAF_Tree_359_0_Veq.root
mode=Muon_SingleMuTrig mode_.find=18446744073709551615 int find=-1
found=18446744073709551615int found -1
mode=Muon_SingleMuTrig mode_.find=18446744073709551615 int find=-1
found=18446744073709551615int found -1
mode=Muon_SingleMuTrig mode_.find=18446744073709551615 int find=-1
found=18446744073709551615int found -1
mode=Muon_SingleMuTrig mode_.find=18446744073709551615 int find=-1
found=18446744073709551615int found -1
[CHAIN] At Entry: 2746086
[CHAIN] File: pnfs/fnal.gov/usr/cms/WAX/11/store/user/lpcsusyra1/zmeng/ICF/automated/2012_05_06_11_03_08/SusyCAF_Tree_35_1_5Wg.root
mode=Muon_SingleMuTrig mode_.find=18446744073709551615 int find=-1
found=18446744073709551615int found -1
mode=Muon_SingleMuTrig mode_.find=18446744073709551615 int find=-1
found=18446744073709551615int found -1
mode=Muon_SingleMuTrig mode_.find=18446744073709551615 int find=-1
found=18446744073709551615int found -1
mode=Muon_SingleMuTrig mode_.find=18446744073709551615 int find=-1
found=18446744073709551615int found -1
mode=Muon_SingleMuTrig mode_.find=18446744073709551615 int find=-1
found=18446744073709551615int found -1
[CHAIN] At Entry: 2776394
[CHAIN] File: pnfs/fnal.gov/usr/cms/WAX/11/store/user/lpcsusyra1/zmeng/ICF/automated/2012_05_06_11_03_08/SusyCAF_Tree_360_0_UVT.root
mode=Muon_SingleMuTrig mode_.find=18446744073709551615 int find=-1
found=18446744073709551615int found -1
mode=Muon_SingleMuTrig mode_.find=18446744073709551615 int find=-1
found=18446744073709551615int found -1
mode=Muon_SingleMuTrig mode_.find=18446744073709551615 int find=-1
found=18446744073709551615int found -1
[CHAIN] At Entry: 2819389
[CHAIN] File: pnfs/fnal.gov/usr/cms/WAX/11/store/user/lpcsusyra1/zmeng/ICF/automated/2012_05_06_11_03_08/SusyCAF_Tree_361_0_bdr.root
mode=Muon_SingleMuTrig mode_.find=18446744073709551615 int find=-1
found=18446744073709551615int found -1
mode=Muon_SingleMuTrig mode_.find=18446744073709551615 int find=-1
found=18446744073709551615int found -1
mode=Muon_SingleMuTrig mode_.find=18446744073709551615 int find=-1
found=18446744073709551615int found -1
mode=Muon_SingleMuTrig mode_.find=18446744073709551615 int find=-1
found=18446744073709551615int found -1
mode=Muon_SingleMuTrig mode_.find=18446744073709551615 int find=-1
found=18446744073709551615int found -1
[CHAIN] At Entry: 2864377
[CHAIN] File: pnfs/fnal.gov/usr/cms/WAX/11/store/user/lpcsusyra1/zmeng/ICF/automated/2012_05_06_11_03_08/SusyCAF_Tree_362_0_nTz.root
mode=Muon_SingleMuTrig mode_.find=18446744073709551615 int find=-1
found=18446744073709551615int found -1
mode=Muon_SingleMuTrig mode_.find=18446744073709551615 int find=-1
found=18446744073709551615int found -1
mode=Muon_SingleMuTrig mode_.find=18446744073709551615 int find=-1
found=18446744073709551615int found -1
mode=Muon_SingleMuTrig mode_.find=18446744073709551615 int find=-1
found=18446744073709551615int found -1
mode=Muon_SingleMuTrig mode_.find=18446744073709551615 int find=-1
found=18446744073709551615int found -1
mode=Muon_SingleMuTrig mode_.find=18446744073709551615 int find=-1
found=18446744073709551615int found -1
[CHAIN] At Entry: 2908831
[CHAIN] File: pnfs/fnal.gov/usr/cms/WAX/11/store/user/lpcsusyra1/zmeng/ICF/automated/2012_05_06_11_03_08/SusyCAF_Tree_363_0_Op9.root
mode=Muon_SingleMuTrig mode_.find=18446744073709551615 int find=-1
found=18446744073709551615int found -1
mode=Muon_SingleMuTrig mode_.find=18446744073709551615 int find=-1
found=18446744073709551615int found -1
mode=Muon_SingleMuTrig mode_.find=18446744073709551615 int find=-1
found=18446744073709551615int found -1
[CHAIN] At Entry: 2953430
[CHAIN] File: pnfs/fnal.gov/usr/cms/WAX/11/store/user/lpcsusyra1/zmeng/ICF/automated/2012_05_06_11_03_08/SusyCAF_Tree_364_0_LIu.root
mode=Muon_SingleMuTrig mode_.find=18446744073709551615 int find=-1
found=18446744073709551615int found -1
mode=Muon_SingleMuTrig mode_.find=18446744073709551615 int find=-1
found=18446744073709551615int found -1
[CHAIN] At Entry: 2984139
[CHAIN] File: pnfs/fnal.gov/usr/cms/WAX/11/store/user/lpcsusyra1/zmeng/ICF/automated/2012_05_06_11_03_08/SusyCAF_Tree_365_0_jnn.root
mode=Muon_SingleMuTrig mode_.find=18446744073709551615 int find=-1
found=18446744073709551615int found -1
mode=Muon_SingleMuTrig mode_.find=18446744073709551615 int find=-1
found=18446744073709551615int found -1
mode=Muon_SingleMuTrig mode_.find=18446744073709551615 int find=-1
found=18446744073709551615int found -1
mode=Muon_SingleMuTrig mode_.find=18446744073709551615 int find=-1
found=18446744073709551615int found -1
mode=Muon_SingleMuTrig mode_.find=18446744073709551615 int find=-1
found=18446744073709551615int found -1
mode=Muon_SingleMuTrig mode_.find=18446744073709551615 int find=-1
found=18446744073709551615int found -1
mode=Muon_SingleMuTrig mode_.find=18446744073709551615 int find=-1
found=18446744073709551615int found -1
mode=Muon_SingleMuTrig mode_.find=18446744073709551615 int find=-1
found=18446744073709551615int found -1
[CHAIN] At Entry: 3016352
[CHAIN] File: pnfs/fnal.gov/usr/cms/WAX/11/store/user/lpcsusyra1/zmeng/ICF/automated/2012_05_06_11_03_08/SusyCAF_Tree_366_0_Mjp.root
mode=Muon_SingleMuTrig mode_.find=18446744073709551615 int find=-1
found=18446744073709551615int found -1
[CHAIN] At Entry: 3049781
[CHAIN] File: pnfs/fnal.gov/usr/cms/WAX/11/store/user/lpcsusyra1/zmeng/ICF/automated/2012_05_06_11_03_08/SusyCAF_Tree_367_0_udr.root
mode=Muon_SingleMuTrig mode_.find=18446744073709551615 int find=-1
found=18446744073709551615int found -1
mode=Muon_SingleMuTrig mode_.find=18446744073709551615 int find=-1
found=18446744073709551615int found -1
mode=Muon_SingleMuTrig mode_.find=18446744073709551615 int find=-1
found=18446744073709551615int found -1
mode=Muon_SingleMuTrig mode_.find=18446744073709551615 int find=-1
found=18446744073709551615int found -1
[CHAIN] At Entry: 3081951
[CHAIN] File: pnfs/fnal.gov/usr/cms/WAX/11/store/user/lpcsusyra1/zmeng/ICF/automated/2012_05_06_11_03_08/SusyCAF_Tree_368_0_90e.root
mode=Muon_SingleMuTrig mode_.find=18446744073709551615 int find=-1
found=18446744073709551615int found -1
mode=Muon_SingleMuTrig mode_.find=18446744073709551615 int find=-1
found=18446744073709551615int found -1
[CHAIN] At Entry: 3116016
[CHAIN] File: pnfs/fnal.gov/usr/cms/WAX/11/store/user/lpcsusyra1/zmeng/ICF/automated/2012_05_06_11_03_08/SusyCAF_Tree_369_0_B45.root
mode=Muon_SingleMuTrig mode_.find=18446744073709551615 int find=-1
found=18446744073709551615int found -1
mode=Muon_SingleMuTrig mode_.find=18446744073709551615 int find=-1
found=18446744073709551615int found -1
mode=Muon_SingleMuTrig mode_.find=18446744073709551615 int find=-1
found=18446744073709551615int found -1
mode=Muon_SingleMuTrig mode_.find=18446744073709551615 int find=-1
found=18446744073709551615int found -1
mode=Muon_SingleMuTrig mode_.find=18446744073709551615 int find=-1
found=18446744073709551615int found -1
mode=Muon_SingleMuTrig mode_.find=18446744073709551615 int find=-1
found=18446744073709551615int found -1
[CHAIN] At Entry: 3152203
[CHAIN] File: pnfs/fnal.gov/usr/cms/WAX/11/store/user/lpcsusyra1/zmeng/ICF/automated/2012_05_06_11_03_08/SusyCAF_Tree_370_0_VSs.root
mode=Muon_SingleMuTrig mode_.find=18446744073709551615 int find=-1
found=18446744073709551615int found -1
mode=Muon_SingleMuTrig mode_.find=18446744073709551615 int find=-1
found=18446744073709551615int found -1
[CHAIN] At Entry: 3185997
[CHAIN] File: pnfs/fnal.gov/usr/cms/WAX/11/store/user/lpcsusyra1/zmeng/ICF/automated/2012_05_06_11_03_08/SusyCAF_Tree_371_0_z7G.root
mode=Muon_SingleMuTrig mode_.find=18446744073709551615 int find=-1
found=18446744073709551615int found -1
mode=Muon_SingleMuTrig mode_.find=18446744073709551615 int find=-1
found=18446744073709551615int found -1
mode=Muon_SingleMuTrig mode_.find=18446744073709551615 int find=-1
found=18446744073709551615int found -1
mode=Muon_SingleMuTrig mode_.find=18446744073709551615 int find=-1
found=18446744073709551615int found -1
[CHAIN] At Entry: 3219911
[CHAIN] File: pnfs/fnal.gov/usr/cms/WAX/11/store/user/lpcsusyra1/zmeng/ICF/automated/2012_05_06_11_03_08/SusyCAF_Tree_372_0_dDU.root
mode=Muon_SingleMuTrig mode_.find=18446744073709551615 int find=-1
found=18446744073709551615int found -1
mode=Muon_SingleMuTrig mode_.find=18446744073709551615 int find=-1
found=18446744073709551615int found -1
mode=Muon_SingleMuTrig mode_.find=18446744073709551615 int find=-1
found=18446744073709551615int found -1
[CHAIN] At Entry: 3254345
[CHAIN] File: pnfs/fnal.gov/usr/cms/WAX/11/store/user/lpcsusyra1/zmeng/ICF/automated/2012_05_06_11_03_08/SusyCAF_Tree_373_0_Z8I.root
mode=Muon_SingleMuTrig mode_.find=18446744073709551615 int find=-1
found=18446744073709551615int found -1
mode=Muon_SingleMuTrig mode_.find=18446744073709551615 int find=-1
found=18446744073709551615int found -1
[CHAIN] At Entry: 3291375
[CHAIN] File: pnfs/fnal.gov/usr/cms/WAX/11/store/user/lpcsusyra1/zmeng/ICF/automated/2012_05_06_11_03_08/SusyCAF_Tree_374_0_ruj.root
mode=Muon_SingleMuTrig mode_.find=18446744073709551615 int find=-1
found=18446744073709551615int found -1
mode=Muon_SingleMuTrig mode_.find=18446744073709551615 int find=-1
found=18446744073709551615int found -1
mode=Muon_SingleMuTrig mode_.find=18446744073709551615 int find=-1
found=18446744073709551615int found -1
[CHAIN] At Entry: 3325991
[CHAIN] File: pnfs/fnal.gov/usr/cms/WAX/11/store/user/lpcsusyra1/zmeng/ICF/automated/2012_05_06_11_03_08/SusyCAF_Tree_375_0_ueG.root
mode=Muon_SingleMuTrig mode_.find=18446744073709551615 int find=-1
found=18446744073709551615int found -1
mode=Muon_SingleMuTrig mode_.find=18446744073709551615 int find=-1
found=18446744073709551615int found -1
[CHAIN] At Entry: 3360193
[CHAIN] File: pnfs/fnal.gov/usr/cms/WAX/11/store/user/lpcsusyra1/zmeng/ICF/automated/2012_05_06_11_03_08/SusyCAF_Tree_376_0_Qvg.root
mode=Muon_SingleMuTrig mode_.find=18446744073709551615 int find=-1
found=18446744073709551615int found -1
mode=Muon_SingleMuTrig mode_.find=18446744073709551615 int find=-1
found=18446744073709551615int found -1
mode=Muon_SingleMuTrig mode_.find=18446744073709551615 int find=-1
found=18446744073709551615int found -1
mode=Muon_SingleMuTrig mode_.find=18446744073709551615 int find=-1
found=18446744073709551615int found -1
[CHAIN] At Entry: 3396305
[CHAIN] File: pnfs/fnal.gov/usr/cms/WAX/11/store/user/lpcsusyra1/zmeng/ICF/automated/2012_05_06_11_03_08/SusyCAF_Tree_377_0_aqj.root
mode=Muon_SingleMuTrig mode_.find=18446744073709551615 int find=-1
found=18446744073709551615int found -1
mode=Muon_SingleMuTrig mode_.find=18446744073709551615 int find=-1
found=18446744073709551615int found -1
mode=Muon_SingleMuTrig mode_.find=18446744073709551615 int find=-1
found=18446744073709551615int found -1
mode=Muon_SingleMuTrig mode_.find=18446744073709551615 int find=-1
found=18446744073709551615int found -1
mode=Muon_SingleMuTrig mode_.find=18446744073709551615 int find=-1
found=18446744073709551615int found -1
mode=Muon_SingleMuTrig mode_.find=18446744073709551615 int find=-1
found=18446744073709551615int found -1
mode=Muon_SingleMuTrig mode_.find=18446744073709551615 int find=-1
found=18446744073709551615int found -1
[CHAIN] At Entry: 3431674
[CHAIN] File: pnfs/fnal.gov/usr/cms/WAX/11/store/user/lpcsusyra1/zmeng/ICF/automated/2012_05_06_11_03_08/SusyCAF_Tree_378_0_XtO.root
mode=Muon_SingleMuTrig mode_.find=18446744073709551615 int find=-1
found=18446744073709551615int found -1
mode=Muon_SingleMuTrig mode_.find=18446744073709551615 int find=-1
found=18446744073709551615int found -1
mode=Muon_SingleMuTrig mode_.find=18446744073709551615 int find=-1
found=18446744073709551615int found -1
[CHAIN] At Entry: 3470051
[CHAIN] File: pnfs/fnal.gov/usr/cms/WAX/11/store/user/lpcsusyra1/zmeng/ICF/automated/2012_05_06_11_03_08/SusyCAF_Tree_379_0_ghV.root
mode=Muon_SingleMuTrig mode_.find=18446744073709551615 int find=-1
found=18446744073709551615int found -1
[CHAIN] At Entry: 3507735
[CHAIN] File: pnfs/fnal.gov/usr/cms/WAX/11/store/user/lpcsusyra1/zmeng/ICF/automated/2012_05_06_11_03_08/SusyCAF_Tree_380_0_gFh.root
mode=Muon_SingleMuTrig mode_.find=18446744073709551615 int find=-1
found=18446744073709551615int found -1
[CHAIN] At Entry: 3545581
[CHAIN] File: pnfs/fnal.gov/usr/cms/WAX/11/store/user/lpcsusyra1/zmeng/ICF/automated/2012_05_06_11_03_08/SusyCAF_Tree_381_0_72p.root
mode=Muon_SingleMuTrig mode_.find=18446744073709551615 int find=-1
found=18446744073709551615int found -1
mode=Muon_SingleMuTrig mode_.find=18446744073709551615 int find=-1
found=18446744073709551615int found -1
mode=Muon_SingleMuTrig mode_.find=18446744073709551615 int find=-1
found=18446744073709551615int found -1
mode=Muon_SingleMuTrig mode_.find=18446744073709551615 int find=-1
found=18446744073709551615int found -1
mode=Muon_SingleMuTrig mode_.find=18446744073709551615 int find=-1
found=18446744073709551615int found -1
mode=Muon_SingleMuTrig mode_.find=18446744073709551615 int find=-1
found=18446744073709551615int found -1
[CHAIN] At Entry: 3584059
[CHAIN] File: pnfs/fnal.gov/usr/cms/WAX/11/store/user/lpcsusyra1/zmeng/ICF/automated/2012_05_06_11_03_08/SusyCAF_Tree_382_0_qyy.root
mode=Muon_SingleMuTrig mode_.find=18446744073709551615 int find=-1
found=18446744073709551615int found -1
[CHAIN] At Entry: 3623148
[CHAIN] File: pnfs/fnal.gov/usr/cms/WAX/11/store/user/lpcsusyra1/zmeng/ICF/automated/2012_05_06_11_03_08/SusyCAF_Tree_383_0_uKX.root
mode=Muon_SingleMuTrig mode_.find=18446744073709551615 int find=-1
found=18446744073709551615int found -1
mode=Muon_SingleMuTrig mode_.find=18446744073709551615 int find=-1
found=18446744073709551615int found -1
mode=Muon_SingleMuTrig mode_.find=18446744073709551615 int find=-1
found=18446744073709551615int found -1
mode=Muon_SingleMuTrig mode_.find=18446744073709551615 int find=-1
found=18446744073709551615int found -1
[CHAIN] At Entry: 3662789
[CHAIN] File: pnfs/fnal.gov/usr/cms/WAX/11/store/user/lpcsusyra1/zmeng/ICF/automated/2012_05_06_11_03_08/SusyCAF_Tree_384_0_p5V.root
mode=Muon_SingleMuTrig mode_.find=18446744073709551615 int find=-1
found=18446744073709551615int found -1
mode=Muon_SingleMuTrig mode_.find=18446744073709551615 int find=-1
found=18446744073709551615int found -1
mode=Muon_SingleMuTrig mode_.find=18446744073709551615 int find=-1
found=18446744073709551615int found -1
[CHAIN] At Entry: 3704627
[CHAIN] File: pnfs/fnal.gov/usr/cms/WAX/11/store/user/lpcsusyra1/zmeng/ICF/automated/2012_05_06_11_03_08/SusyCAF_Tree_385_0_sgE.root
mode=Muon_SingleMuTrig mode_.find=18446744073709551615 int find=-1
found=18446744073709551615int found -1
mode=Muon_SingleMuTrig mode_.find=18446744073709551615 int find=-1
found=18446744073709551615int found -1
mode=Muon_SingleMuTrig mode_.find=18446744073709551615 int find=-1
found=18446744073709551615int found -1
[CHAIN] At Entry: 3744992
[CHAIN] File: pnfs/fnal.gov/usr/cms/WAX/11/store/user/lpcsusyra1/zmeng/ICF/automated/2012_05_06_11_03_08/SusyCAF_Tree_386_0_MQ7.root
mode=Muon_SingleMuTrig mode_.find=18446744073709551615 int find=-1
found=18446744073709551615int found -1
mode=Muon_SingleMuTrig mode_.find=18446744073709551615 int find=-1
found=18446744073709551615int found -1
mode=Muon_SingleMuTrig mode_.find=18446744073709551615 int find=-1
found=18446744073709551615int found -1
mode=Muon_SingleMuTrig mode_.find=18446744073709551615 int find=-1
found=18446744073709551615int found -1
mode=Muon_SingleMuTrig mode_.find=18446744073709551615 int find=-1
found=18446744073709551615int found -1
mode=Muon_SingleMuTrig mode_.find=18446744073709551615 int find=-1
found=18446744073709551615int found -1
mode=Muon_SingleMuTrig mode_.find=18446744073709551615 int find=-1
found=18446744073709551615int found -1
mode=Muon_SingleMuTrig mode_.find=18446744073709551615 int find=-1
found=18446744073709551615int found -1
mode=Muon_SingleMuTrig mode_.find=18446744073709551615 int find=-1
found=18446744073709551615int found -1
[CHAIN] At Entry: 3784929
[CHAIN] File: pnfs/fnal.gov/usr/cms/WAX/11/store/user/lpcsusyra1/zmeng/ICF/automated/2012_05_06_11_03_08/SusyCAF_Tree_387_0_CcJ.root
mode=Muon_SingleMuTrig mode_.find=18446744073709551615 int find=-1
found=18446744073709551615int found -1
mode=Muon_SingleMuTrig mode_.find=18446744073709551615 int find=-1
found=18446744073709551615int found -1
mode=Muon_SingleMuTrig mode_.find=18446744073709551615 int find=-1
found=18446744073709551615int found -1
---------------------------------------------------------------
Dataset info recorded in: ../results_07_May//DataSingleMu2012A_PUS0HigHTBinsMuonSingleMuTrig_524p1//AK5Calo_SingleMu_Run2012A_PromptReco_v1_V17_pre3_taus_0_jetCorrections_L1FastJet_L2Relative_L3Absolute_L2L3Residual_jetCollections_ak5calo_ak5pf_zmengJob83_3.log
Total events processed by all operations: 3.816e+06
---------------------------------------------------------------
[Manager::~Manager] Analysis has taken 525 seconds to process 3815996 events at an average rate of 7268 events/second
