000 (362023.001.000) 05/07 07:13:34 Job submitted from host: <131.225.191.196:38048>
...
001 (362023.001.000) 05/07 07:13:57 Job executing on host: <131.225.206.196:35661>
...
006 (362023.001.000) 05/07 07:14:05 Image size of job updated: 26060
...
006 (362023.001.000) 05/07 07:15:05 Image size of job updated: 178164
...
006 (362023.001.000) 05/07 07:16:05 Image size of job updated: 426440
...
006 (362023.001.000) 05/07 07:17:05 Image size of job updated: 429516
...
006 (362023.001.000) 05/07 07:18:05 Image size of job updated: 433160
...
006 (362023.001.000) 05/07 07:19:05 Image size of job updated: 436176
...
006 (362023.001.000) 05/07 07:20:05 Image size of job updated: 442344
...
006 (362023.001.000) 05/07 07:23:05 Image size of job updated: 442544
...
006 (362023.001.000) 05/07 07:25:05 Image size of job updated: 446720
...
006 (362023.001.000) 05/07 07:28:05 Image size of job updated: 451284
...
005 (362023.001.000) 05/07 07:28:35 Job terminated.
	(1) Normal termination (return value 0)
		Usr 0 00:08:11, Sys 0 00:00:21  -  Run Remote Usage
		Usr 0 00:00:00, Sys 0 00:00:00  -  Run Local Usage
		Usr 0 00:08:11, Sys 0 00:00:21  -  Total Remote Usage
		Usr 0 00:00:00, Sys 0 00:00:00  -  Total Local Usage
	1148539  -  Run Bytes Sent By Job
	451  -  Run Bytes Received By Job
	1148539  -  Total Bytes Sent By Job
	451  -  Total Bytes Received By Job
...
