000 (362023.003.000) 05/07 07:13:34 Job submitted from host: <131.225.191.196:38048>
...
001 (362023.003.000) 05/07 07:13:58 Job executing on host: <131.225.191.151:55678>
...
006 (362023.003.000) 05/07 07:14:06 Image size of job updated: 101772
...
006 (362023.003.000) 05/07 07:15:06 Image size of job updated: 429284
...
006 (362023.003.000) 05/07 07:17:06 Image size of job updated: 430376
...
006 (362023.003.000) 05/07 07:18:06 Image size of job updated: 434816
...
006 (362023.003.000) 05/07 07:19:06 Image size of job updated: 435212
...
006 (362023.003.000) 05/07 07:21:06 Image size of job updated: 435284
...
006 (362023.003.000) 05/07 07:22:06 Image size of job updated: 437332
...
005 (362023.003.000) 05/07 07:23:24 Job terminated.
	(1) Normal termination (return value 0)
		Usr 0 00:05:01, Sys 0 00:00:18  -  Run Remote Usage
		Usr 0 00:00:00, Sys 0 00:00:00  -  Run Local Usage
		Usr 0 00:05:01, Sys 0 00:00:18  -  Total Remote Usage
		Usr 0 00:00:00, Sys 0 00:00:00  -  Total Local Usage
	759024  -  Run Bytes Sent By Job
	451  -  Run Bytes Received By Job
	759024  -  Total Bytes Sent By Job
	451  -  Total Bytes Received By Job
...
