000 (362023.000.000) 05/07 07:13:34 Job submitted from host: <131.225.191.196:38048>
...
001 (362023.000.000) 05/07 07:13:58 Job executing on host: <131.225.206.234:46446>
...
006 (362023.000.000) 05/07 07:14:06 Image size of job updated: 29368
...
006 (362023.000.000) 05/07 07:15:06 Image size of job updated: 179040
...
006 (362023.000.000) 05/07 07:16:06 Image size of job updated: 424080
...
006 (362023.000.000) 05/07 07:17:06 Image size of job updated: 428592
...
006 (362023.000.000) 05/07 07:18:06 Image size of job updated: 430648
...
006 (362023.000.000) 05/07 07:19:06 Image size of job updated: 431048
...
005 (362023.000.000) 05/07 07:20:46 Job terminated.
	(1) Normal termination (return value 0)
		Usr 0 00:03:35, Sys 0 00:00:07  -  Run Remote Usage
		Usr 0 00:00:00, Sys 0 00:00:00  -  Run Local Usage
		Usr 0 00:03:35, Sys 0 00:00:07  -  Total Remote Usage
		Usr 0 00:00:00, Sys 0 00:00:00  -  Total Local Usage
	529531  -  Run Bytes Sent By Job
	451  -  Run Bytes Received By Job
	529531  -  Total Bytes Sent By Job
	451  -  Total Bytes Received By Job
...
