000 (362023.002.000) 05/07 07:13:34 Job submitted from host: <131.225.191.196:38048>
...
001 (362023.002.000) 05/07 07:13:59 Job executing on host: <131.225.191.151:55678>
...
006 (362023.002.000) 05/07 07:15:07 Image size of job updated: 429184
...
006 (362023.002.000) 05/07 07:16:07 Image size of job updated: 429328
...
006 (362023.002.000) 05/07 07:18:07 Image size of job updated: 431688
...
006 (362023.002.000) 05/07 07:20:07 Image size of job updated: 435816
...
006 (362023.002.000) 05/07 07:22:07 Image size of job updated: 437980
...
006 (362023.002.000) 05/07 07:24:07 Image size of job updated: 439892
...
005 (362023.002.000) 05/07 07:27:57 Job terminated.
	(1) Normal termination (return value 0)
		Usr 0 00:07:38, Sys 0 00:00:25  -  Run Remote Usage
		Usr 0 00:00:00, Sys 0 00:00:00  -  Run Local Usage
		Usr 0 00:07:38, Sys 0 00:00:25  -  Total Remote Usage
		Usr 0 00:00:00, Sys 0 00:00:00  -  Total Local Usage
	1087624  -  Run Bytes Sent By Job
	451  -  Run Bytes Received By Job
	1087624  -  Total Bytes Sent By Job
	451  -  Total Bytes Received By Job
...
