000 (362023.004.000) 05/07 07:13:34 Job submitted from host: <131.225.191.196:38048>
...
001 (362023.004.000) 05/07 07:13:58 Job executing on host: <131.225.206.188:49590>
...
006 (362023.004.000) 05/07 07:14:06 Image size of job updated: 57064
...
006 (362023.004.000) 05/07 07:15:06 Image size of job updated: 178480
...
006 (362023.004.000) 05/07 07:16:06 Image size of job updated: 426632
...
005 (362023.004.000) 05/07 07:16:46 Job terminated.
	(1) Normal termination (return value 0)
		Usr 0 00:00:55, Sys 0 00:00:03  -  Run Remote Usage
		Usr 0 00:00:00, Sys 0 00:00:00  -  Run Local Usage
		Usr 0 00:00:55, Sys 0 00:00:03  -  Total Remote Usage
		Usr 0 00:00:00, Sys 0 00:00:00  -  Total Local Usage
	156750  -  Run Bytes Sent By Job
	451  -  Run Bytes Received By Job
	156750  -  Total Bytes Sent By Job
	451  -  Total Bytes Received By Job
...
