
================================
 Setting up your environment...
================================
-------------------------------------
ROOTSYS is  /uscmst1/prod/sw/cms/slc5_amd64_gcc434/lcg/root/5.30.02-cms/
=====================================
LD_LIBRARY_PATH is: /uscmst1/prod/sw/cms/slc5_amd64_gcc434/lcg/root/5.30.02-cms//lib:/uscmst1/prod/sw/cms/slc5_amd64_gcc434/external/libjpg/8b/lib:/uscmst1/prod/sw/cms/slc5_amd64_gcc434/external/python/2.6.4-cms14/lib:/uscmst1/prod/sw/cms/slc5_amd64_gcc434/external/boost/1.44.0-cms3/lib:/opt/gLite/d-cache/dcap/lib64:/opt/gLite/d-cache/dcap/lib:/opt/gLite/globus/lib:/opt/gLite/globus/lib:/opt/gLite/lcg/lib:/uscmst1/prod/sw/cms/slc5_amd64_gcc434/external/gcc/4.3.4/lib64:/uscmst1/prod/sw/cms/slc5_amd64_gcc434/external/xrootd/5.28.00d/lib:/uscms_data/d3/zmeng/SUSYv2/lib
PYTHONPATH is: /uscmst1/prod/sw/cms/slc5_amd64_gcc434/lcg/root/5.30.02-cms//lib:/uscms_data/d3/zmeng/SUSYv2/lib
=====================================
Set-up complete.
=====================================

in ParaControl
100.0 [<icf.core.PSet object at 0x15537410>] None None
MuHad_Run2012A_PromptReco_v1_V17_pre3_taus_0_jetCorrections_L1FastJet_L2Relative_L3Absolute_L2L3Residual_jetCollections_ak5calo_ak5pf_zmengJob84
in MuonNoSmear
100.0 [<icf.core.PSet object at 0x15537410>] None None Data 50.0 PUS0 MuHad2012A HigHTBinsHadSele Data True FNAL
MuHad_Run2012A_PromptReco_v1_V17_pre3_taus_0_jetCorrections_L1FastJet_L2Relative_L3Absolute_L2L3Residual_jetCollections_ak5calo_ak5pf_zmengJob84
in MakeMCTree
100.0
375_475
475_575
575_675
675_775
775_875
875
test
mode1=None
in MakeDataTree
100.0
375_475
475_575
575_675
675_775
775_875
875
100.0 [<icf.core.PSet object at 0x15537410>] None None Data 50.0 PUS0 MuHad2012A HigHTBinsHadSele Data True FNAL
in MuonNoSmear
100.0 [<icf.core.PSet object at 0x15537410>] None None Data 50.0 PUS0 MuHad2012A HigHTBinsHadSele Data True FNAL
MuHad_Run2012A_PromptReco_v1_V17_pre3_taus_0_jetCorrections_L1FastJet_L2Relative_L3Absolute_L2L3Residual_jetCollections_ak5calo_ak5pf_zmengJob84
Photons.UseID = True
Taus.MuonClean = False
Photons.EtaEEMaxCut = 2.5
Photons.HcalIsoCut = 2.0
Photons.HcalIsoRel = 0.0
Taus.JetClean = False
Muons.PtCut = 10.0
Photons.HadOverEmCut = 0.05
Taus.ApplyID = True
Taus.EtaCut = 2.5
Photons.SigIhIhEBCut = 0.015
Electrons.ApplyID = True
Electrons.PtCut = 10.0
Jets.PtCut = 50.0
Electrons.CombIsoCut = 0.15
Muons.CombIsoCut = 0.15
Photons.TrackIsoRel = 0.0
Muons.TrkIsoCut = -1.0
Jets.TightID = False
Photons.RequireLooseForOdd = True
Photons.IDReq = 3
Photons.EcalIsoRel = 0.0
ApplyXCleaning = True
Electrons.TrkIsoCut = -1.0
Photons.SigIhIhEECut = 0.035
Taus.ElecClean = False
Electrons.RequireLooseForOdd = True
Jets.ApplyID = True
Jets.EtaCut = 3.0
Muons.TightID = True
Muons.EtaCut = 2.5
AlphaT.CalcWithEt = True
Taus.PtCut = 20.0
Electrons.TightID = False
Electrons.EtaCut = 2.5
Photons.EtaEBMaxCut = 1.479
Photons.EtCut = 25.0
Muons.ApplyID = True
Photons.EcalIsoCut = 4.0
Photons.R9Cut = 0.0
Photons.TrackIsoCut = 2.0
Photons.EtaEEMinCut = 1.525
Taus.TightID = False
Muons.RequireLooseForOdd = True
Building ROOT dictionaries. Please wait...
Initialising Analysis: AK5Calo
PUS0
It's Data
Batch running mode
['dcap://cmsdca.fnal.gov:24137/pnfs/fnal.gov/usr/cms/WAX/11/store/user/lpcsusyra1/zmeng//ICF/automated/2012_05_06_11_12_26//SusyCAF_Tree_100_1_nOy.root', 'dcap://cmsdca.fnal.gov:24137/pnfs/fnal.gov/usr/cms/WAX/11/store/user/lpcsusyra1/zmeng//ICF/automated/2012_05_06_11_12_26//SusyCAF_Tree_10_1_S6F.root', 'dcap://cmsdca.fnal.gov:24137/pnfs/fnal.gov/usr/cms/WAX/11/store/user/lpcsusyra1/zmeng//ICF/automated/2012_05_06_11_12_26//SusyCAF_Tree_116_1_Hyu.root', 'dcap://cmsdca.fnal.gov:24137/pnfs/fnal.gov/usr/cms/WAX/11/store/user/lpcsusyra1/zmeng//ICF/automated/2012_05_06_11_12_26//SusyCAF_Tree_117_1_Zka.root', 'dcap://cmsdca.fnal.gov:24137/pnfs/fnal.gov/usr/cms/WAX/11/store/user/lpcsusyra1/zmeng//ICF/automated/2012_05_06_11_12_26//SusyCAF_Tree_120_1_uLV.root', 'dcap://cmsdca.fnal.gov:24137/pnfs/fnal.gov/usr/cms/WAX/11/store/user/lpcsusyra1/zmeng//ICF/automated/2012_05_06_11_12_26//SusyCAF_Tree_124_1_fjM.root', 'dcap://cmsdca.fnal.gov:24137/pnfs/fnal.gov/usr/cms/WAX/11/store/user/lpcsusyra1/zmeng//ICF/automated/2012_05_06_11_12_26//SusyCAF_Tree_128_1_Xff.root', 'dcap://cmsdca.fnal.gov:24137/pnfs/fnal.gov/usr/cms/WAX/11/store/user/lpcsusyra1/zmeng//ICF/automated/2012_05_06_11_12_26//SusyCAF_Tree_129_1_E0D.root', 'dcap://cmsdca.fnal.gov:24137/pnfs/fnal.gov/usr/cms/WAX/11/store/user/lpcsusyra1/zmeng//ICF/automated/2012_05_06_11_12_26//SusyCAF_Tree_12_1_iGR.root', 'dcap://cmsdca.fnal.gov:24137/pnfs/fnal.gov/usr/cms/WAX/11/store/user/lpcsusyra1/zmeng//ICF/automated/2012_05_06_11_12_26//SusyCAF_Tree_138_1_cXE.root', 'dcap://cmsdca.fnal.gov:24137/pnfs/fnal.gov/usr/cms/WAX/11/store/user/lpcsusyra1/zmeng//ICF/automated/2012_05_06_11_12_26//SusyCAF_Tree_13_1_mOa.root', 'dcap://cmsdca.fnal.gov:24137/pnfs/fnal.gov/usr/cms/WAX/11/store/user/lpcsusyra1/zmeng//ICF/automated/2012_05_06_11_12_26//SusyCAF_Tree_146_1_Sra.root', 'dcap://cmsdca.fnal.gov:24137/pnfs/fnal.gov/usr/cms/WAX/11/store/user/lpcsusyra1/zmeng//ICF/automated/2012_05_06_11_12_26//SusyCAF_Tree_148_1_3WR.root', 'dcap://cmsdca.fnal.gov:24137/pnfs/fnal.gov/usr/cms/WAX/11/store/user/lpcsusyra1/zmeng//ICF/automated/2012_05_06_11_12_26//SusyCAF_Tree_14_1_M5m.root', 'dcap://cmsdca.fnal.gov:24137/pnfs/fnal.gov/usr/cms/WAX/11/store/user/lpcsusyra1/zmeng//ICF/automated/2012_05_06_11_12_26//SusyCAF_Tree_150_1_TwH.root', 'dcap://cmsdca.fnal.gov:24137/pnfs/fnal.gov/usr/cms/WAX/11/store/user/lpcsusyra1/zmeng//ICF/automated/2012_05_06_11_12_26//SusyCAF_Tree_152_1_VNS.root', 'dcap://cmsdca.fnal.gov:24137/pnfs/fnal.gov/usr/cms/WAX/11/store/user/lpcsusyra1/zmeng//ICF/automated/2012_05_06_11_12_26//SusyCAF_Tree_154_1_yYx.root', 'dcap://cmsdca.fnal.gov:24137/pnfs/fnal.gov/usr/cms/WAX/11/store/user/lpcsusyra1/zmeng//ICF/automated/2012_05_06_11_12_26//SusyCAF_Tree_155_1_Lqu.root', 'dcap://cmsdca.fnal.gov:24137/pnfs/fnal.gov/usr/cms/WAX/11/store/user/lpcsusyra1/zmeng//ICF/automated/2012_05_06_11_12_26//SusyCAF_Tree_156_1_v4i.root', 'dcap://cmsdca.fnal.gov:24137/pnfs/fnal.gov/usr/cms/WAX/11/store/user/lpcsusyra1/zmeng//ICF/automated/2012_05_06_11_12_26//SusyCAF_Tree_15_1_Zr1.root', 'dcap://cmsdca.fnal.gov:24137/pnfs/fnal.gov/usr/cms/WAX/11/store/user/lpcsusyra1/zmeng//ICF/automated/2012_05_06_11_12_26//SusyCAF_Tree_160_1_VYv.root', 'dcap://cmsdca.fnal.gov:24137/pnfs/fnal.gov/usr/cms/WAX/11/store/user/lpcsusyra1/zmeng//ICF/automated/2012_05_06_11_12_26//SusyCAF_Tree_162_1_Tju.root', 'dcap://cmsdca.fnal.gov:24137/pnfs/fnal.gov/usr/cms/WAX/11/store/user/lpcsusyra1/zmeng//ICF/automated/2012_05_06_11_12_26//SusyCAF_Tree_163_1_G3D.root', 'dcap://cmsdca.fnal.gov:24137/pnfs/fnal.gov/usr/cms/WAX/11/store/user/lpcsusyra1/zmeng//ICF/automated/2012_05_06_11_12_26//SusyCAF_Tree_168_1_4iM.root', 'dcap://cmsdca.fnal.gov:24137/pnfs/fnal.gov/usr/cms/WAX/11/store/user/lpcsusyra1/zmeng//ICF/automated/2012_05_06_11_12_26//SusyCAF_Tree_169_1_T51.root', 'dcap://cmsdca.fnal.gov:24137/pnfs/fnal.gov/usr/cms/WAX/11/store/user/lpcsusyra1/zmeng//ICF/automated/2012_05_06_11_12_26//SusyCAF_Tree_16_1_ZGB.root', 'dcap://cmsdca.fnal.gov:24137/pnfs/fnal.gov/usr/cms/WAX/11/store/user/lpcsusyra1/zmeng//ICF/automated/2012_05_06_11_12_26//SusyCAF_Tree_170_1_lvc.root', 'dcap://cmsdca.fnal.gov:24137/pnfs/fnal.gov/usr/cms/WAX/11/store/user/lpcsusyra1/zmeng//ICF/automated/2012_05_06_11_12_26//SusyCAF_Tree_177_1_uTP.root', 'dcap://cmsdca.fnal.gov:24137/pnfs/fnal.gov/usr/cms/WAX/11/store/user/lpcsusyra1/zmeng//ICF/automated/2012_05_06_11_12_26//SusyCAF_Tree_17_1_ZYA.root', 'dcap://cmsdca.fnal.gov:24137/pnfs/fnal.gov/usr/cms/WAX/11/store/user/lpcsusyra1/zmeng//ICF/automated/2012_05_06_11_12_26//SusyCAF_Tree_180_1_dTH.root', 'dcap://cmsdca.fnal.gov:24137/pnfs/fnal.gov/usr/cms/WAX/11/store/user/lpcsusyra1/zmeng//ICF/automated/2012_05_06_11_12_26//SusyCAF_Tree_185_1_7am.root', 'dcap://cmsdca.fnal.gov:24137/pnfs/fnal.gov/usr/cms/WAX/11/store/user/lpcsusyra1/zmeng//ICF/automated/2012_05_06_11_12_26//SusyCAF_Tree_186_1_IIc.root', 'dcap://cmsdca.fnal.gov:24137/pnfs/fnal.gov/usr/cms/WAX/11/store/user/lpcsusyra1/zmeng//ICF/automated/2012_05_06_11_12_26//SusyCAF_Tree_187_1_HSV.root', 'dcap://cmsdca.fnal.gov:24137/pnfs/fnal.gov/usr/cms/WAX/11/store/user/lpcsusyra1/zmeng//ICF/automated/2012_05_06_11_12_26//SusyCAF_Tree_188_1_IbN.root', 'dcap://cmsdca.fnal.gov:24137/pnfs/fnal.gov/usr/cms/WAX/11/store/user/lpcsusyra1/zmeng//ICF/automated/2012_05_06_11_12_26//SusyCAF_Tree_189_1_y2D.root', 'dcap://cmsdca.fnal.gov:24137/pnfs/fnal.gov/usr/cms/WAX/11/store/user/lpcsusyra1/zmeng//ICF/automated/2012_05_06_11_12_26//SusyCAF_Tree_18_1_iOs.root', 'dcap://cmsdca.fnal.gov:24137/pnfs/fnal.gov/usr/cms/WAX/11/store/user/lpcsusyra1/zmeng//ICF/automated/2012_05_06_11_12_26//SusyCAF_Tree_190_1_Dkf.root', 'dcap://cmsdca.fnal.gov:24137/pnfs/fnal.gov/usr/cms/WAX/11/store/user/lpcsusyra1/zmeng//ICF/automated/2012_05_06_11_12_26//SusyCAF_Tree_191_1_bz4.root', 'dcap://cmsdca.fnal.gov:24137/pnfs/fnal.gov/usr/cms/WAX/11/store/user/lpcsusyra1/zmeng//ICF/automated/2012_05_06_11_12_26//SusyCAF_Tree_192_1_Ot3.root', 'dcap://cmsdca.fnal.gov:24137/pnfs/fnal.gov/usr/cms/WAX/11/store/user/lpcsusyra1/zmeng//ICF/automated/2012_05_06_11_12_26//SusyCAF_Tree_193_1_oW3.root', 'dcap://cmsdca.fnal.gov:24137/pnfs/fnal.gov/usr/cms/WAX/11/store/user/lpcsusyra1/zmeng//ICF/automated/2012_05_06_11_12_26//SusyCAF_Tree_194_1_GKb.root', 'dcap://cmsdca.fnal.gov:24137/pnfs/fnal.gov/usr/cms/WAX/11/store/user/lpcsusyra1/zmeng//ICF/automated/2012_05_06_11_12_26//SusyCAF_Tree_195_1_4SE.root', 'dcap://cmsdca.fnal.gov:24137/pnfs/fnal.gov/usr/cms/WAX/11/store/user/lpcsusyra1/zmeng//ICF/automated/2012_05_06_11_12_26//SusyCAF_Tree_196_1_9uW.root', 'dcap://cmsdca.fnal.gov:24137/pnfs/fnal.gov/usr/cms/WAX/11/store/user/lpcsusyra1/zmeng//ICF/automated/2012_05_06_11_12_26//SusyCAF_Tree_197_1_UcY.root', 'dcap://cmsdca.fnal.gov:24137/pnfs/fnal.gov/usr/cms/WAX/11/store/user/lpcsusyra1/zmeng//ICF/automated/2012_05_06_11_12_26//SusyCAF_Tree_198_1_aoc.root', 'dcap://cmsdca.fnal.gov:24137/pnfs/fnal.gov/usr/cms/WAX/11/store/user/lpcsusyra1/zmeng//ICF/automated/2012_05_06_11_12_26//SusyCAF_Tree_199_1_HuZ.root', 'dcap://cmsdca.fnal.gov:24137/pnfs/fnal.gov/usr/cms/WAX/11/store/user/lpcsusyra1/zmeng//ICF/automated/2012_05_06_11_12_26//SusyCAF_Tree_19_1_ezm.root', 'dcap://cmsdca.fnal.gov:24137/pnfs/fnal.gov/usr/cms/WAX/11/store/user/lpcsusyra1/zmeng//ICF/automated/2012_05_06_11_12_26//SusyCAF_Tree_1_1_ioi.root', 'dcap://cmsdca.fnal.gov:24137/pnfs/fnal.gov/usr/cms/WAX/11/store/user/lpcsusyra1/zmeng//ICF/automated/2012_05_06_11_12_26//SusyCAF_Tree_200_1_yH5.root', 'dcap://cmsdca.fnal.gov:24137/pnfs/fnal.gov/usr/cms/WAX/11/store/user/lpcsusyra1/zmeng//ICF/automated/2012_05_06_11_12_26//SusyCAF_Tree_201_1_ueP.root', 'dcap://cmsdca.fnal.gov:24137/pnfs/fnal.gov/usr/cms/WAX/11/store/user/lpcsusyra1/zmeng//ICF/automated/2012_05_06_11_12_26//SusyCAF_Tree_20_1_ypa.root', 'dcap://cmsdca.fnal.gov:24137/pnfs/fnal.gov/usr/cms/WAX/11/store/user/lpcsusyra1/zmeng//ICF/automated/2012_05_06_11_12_26//SusyCAF_Tree_210_1_ccm.root', 'dcap://cmsdca.fnal.gov:24137/pnfs/fnal.gov/usr/cms/WAX/11/store/user/lpcsusyra1/zmeng//ICF/automated/2012_05_06_11_12_26//SusyCAF_Tree_211_1_FiK.root', 'dcap://cmsdca.fnal.gov:24137/pnfs/fnal.gov/usr/cms/WAX/11/store/user/lpcsusyra1/zmeng//ICF/automated/2012_05_06_11_12_26//SusyCAF_Tree_219_1_cVw.root', 'dcap://cmsdca.fnal.gov:24137/pnfs/fnal.gov/usr/cms/WAX/11/store/user/lpcsusyra1/zmeng//ICF/automated/2012_05_06_11_12_26//SusyCAF_Tree_21_1_8zT.root', 'dcap://cmsdca.fnal.gov:24137/pnfs/fnal.gov/usr/cms/WAX/11/store/user/lpcsusyra1/zmeng//ICF/automated/2012_05_06_11_12_26//SusyCAF_Tree_222_1_NsY.root', 'dcap://cmsdca.fnal.gov:24137/pnfs/fnal.gov/usr/cms/WAX/11/store/user/lpcsusyra1/zmeng//ICF/automated/2012_05_06_11_12_26//SusyCAF_Tree_227_1_6DH.root', 'dcap://cmsdca.fnal.gov:24137/pnfs/fnal.gov/usr/cms/WAX/11/store/user/lpcsusyra1/zmeng//ICF/automated/2012_05_06_11_12_26//SusyCAF_Tree_229_1_R1y.root', 'dcap://cmsdca.fnal.gov:24137/pnfs/fnal.gov/usr/cms/WAX/11/store/user/lpcsusyra1/zmeng//ICF/automated/2012_05_06_11_12_26//SusyCAF_Tree_22_1_heY.root', 'dcap://cmsdca.fnal.gov:24137/pnfs/fnal.gov/usr/cms/WAX/11/store/user/lpcsusyra1/zmeng//ICF/automated/2012_05_06_11_12_26//SusyCAF_Tree_231_1_A53.root', 'dcap://cmsdca.fnal.gov:24137/pnfs/fnal.gov/usr/cms/WAX/11/store/user/lpcsusyra1/zmeng//ICF/automated/2012_05_06_11_12_26//SusyCAF_Tree_232_1_YXh.root', 'dcap://cmsdca.fnal.gov:24137/pnfs/fnal.gov/usr/cms/WAX/11/store/user/lpcsusyra1/zmeng//ICF/automated/2012_05_06_11_12_26//SusyCAF_Tree_233_1_sOI.root', 'dcap://cmsdca.fnal.gov:24137/pnfs/fnal.gov/usr/cms/WAX/11/store/user/lpcsusyra1/zmeng//ICF/automated/2012_05_06_11_12_26//SusyCAF_Tree_234_1_WQU.root', 'dcap://cmsdca.fnal.gov:24137/pnfs/fnal.gov/usr/cms/WAX/11/store/user/lpcsusyra1/zmeng//ICF/automated/2012_05_06_11_12_26//SusyCAF_Tree_235_1_7Tk.root', 'dcap://cmsdca.fnal.gov:24137/pnfs/fnal.gov/usr/cms/WAX/11/store/user/lpcsusyra1/zmeng//ICF/automated/2012_05_06_11_12_26//SusyCAF_Tree_236_1_rJR.root', 'dcap://cmsdca.fnal.gov:24137/pnfs/fnal.gov/usr/cms/WAX/11/store/user/lpcsusyra1/zmeng//ICF/automated/2012_05_06_11_12_26//SusyCAF_Tree_237_1_zJv.root', 'dcap://cmsdca.fnal.gov:24137/pnfs/fnal.gov/usr/cms/WAX/11/store/user/lpcsusyra1/zmeng//ICF/automated/2012_05_06_11_12_26//SusyCAF_Tree_238_1_YYu.root', 'dcap://cmsdca.fnal.gov:24137/pnfs/fnal.gov/usr/cms/WAX/11/store/user/lpcsusyra1/zmeng//ICF/automated/2012_05_06_11_12_26//SusyCAF_Tree_239_1_eDA.root', 'dcap://cmsdca.fnal.gov:24137/pnfs/fnal.gov/usr/cms/WAX/11/store/user/lpcsusyra1/zmeng//ICF/automated/2012_05_06_11_12_26//SusyCAF_Tree_23_1_mgA.root', 'dcap://cmsdca.fnal.gov:24137/pnfs/fnal.gov/usr/cms/WAX/11/store/user/lpcsusyra1/zmeng//ICF/automated/2012_05_06_11_12_26//SusyCAF_Tree_246_1_d7q.root', 'dcap://cmsdca.fnal.gov:24137/pnfs/fnal.gov/usr/cms/WAX/11/store/user/lpcsusyra1/zmeng//ICF/automated/2012_05_06_11_12_26//SusyCAF_Tree_247_1_sGx.root', 'dcap://cmsdca.fnal.gov:24137/pnfs/fnal.gov/usr/cms/WAX/11/store/user/lpcsusyra1/zmeng//ICF/automated/2012_05_06_11_12_26//SusyCAF_Tree_248_1_Iwc.root', 'dcap://cmsdca.fnal.gov:24137/pnfs/fnal.gov/usr/cms/WAX/11/store/user/lpcsusyra1/zmeng//ICF/automated/2012_05_06_11_12_26//SusyCAF_Tree_249_1_4Au.root', 'dcap://cmsdca.fnal.gov:24137/pnfs/fnal.gov/usr/cms/WAX/11/store/user/lpcsusyra1/zmeng//ICF/automated/2012_05_06_11_12_26//SusyCAF_Tree_24_1_cBt.root', 'dcap://cmsdca.fnal.gov:24137/pnfs/fnal.gov/usr/cms/WAX/11/store/user/lpcsusyra1/zmeng//ICF/automated/2012_05_06_11_12_26//SusyCAF_Tree_250_1_6Zp.root', 'dcap://cmsdca.fnal.gov:24137/pnfs/fnal.gov/usr/cms/WAX/11/store/user/lpcsusyra1/zmeng//ICF/automated/2012_05_06_11_12_26//SusyCAF_Tree_251_1_G7l.root', 'dcap://cmsdca.fnal.gov:24137/pnfs/fnal.gov/usr/cms/WAX/11/store/user/lpcsusyra1/zmeng//ICF/automated/2012_05_06_11_12_26//SusyCAF_Tree_252_1_4rA.root', 'dcap://cmsdca.fnal.gov:24137/pnfs/fnal.gov/usr/cms/WAX/11/store/user/lpcsusyra1/zmeng//ICF/automated/2012_05_06_11_12_26//SusyCAF_Tree_253_1_Gb8.root', 'dcap://cmsdca.fnal.gov:24137/pnfs/fnal.gov/usr/cms/WAX/11/store/user/lpcsusyra1/zmeng//ICF/automated/2012_05_06_11_12_26//SusyCAF_Tree_254_1_pn8.root', 'dcap://cmsdca.fnal.gov:24137/pnfs/fnal.gov/usr/cms/WAX/11/store/user/lpcsusyra1/zmeng//ICF/automated/2012_05_06_11_12_26//SusyCAF_Tree_255_1_Ltf.root', 'dcap://cmsdca.fnal.gov:24137/pnfs/fnal.gov/usr/cms/WAX/11/store/user/lpcsusyra1/zmeng//ICF/automated/2012_05_06_11_12_26//SusyCAF_Tree_256_1_IEV.root', 'dcap://cmsdca.fnal.gov:24137/pnfs/fnal.gov/usr/cms/WAX/11/store/user/lpcsusyra1/zmeng//ICF/automated/2012_05_06_11_12_26//SusyCAF_Tree_258_1_YmI.root', 'dcap://cmsdca.fnal.gov:24137/pnfs/fnal.gov/usr/cms/WAX/11/store/user/lpcsusyra1/zmeng//ICF/automated/2012_05_06_11_12_26//SusyCAF_Tree_259_1_p3Q.root', 'dcap://cmsdca.fnal.gov:24137/pnfs/fnal.gov/usr/cms/WAX/11/store/user/lpcsusyra1/zmeng//ICF/automated/2012_05_06_11_12_26//SusyCAF_Tree_25_1_Ltj.root', 'dcap://cmsdca.fnal.gov:24137/pnfs/fnal.gov/usr/cms/WAX/11/store/user/lpcsusyra1/zmeng//ICF/automated/2012_05_06_11_12_26//SusyCAF_Tree_260_1_xpK.root', 'dcap://cmsdca.fnal.gov:24137/pnfs/fnal.gov/usr/cms/WAX/11/store/user/lpcsusyra1/zmeng//ICF/automated/2012_05_06_11_12_26//SusyCAF_Tree_261_1_jPh.root', 'dcap://cmsdca.fnal.gov:24137/pnfs/fnal.gov/usr/cms/WAX/11/store/user/lpcsusyra1/zmeng//ICF/automated/2012_05_06_11_12_26//SusyCAF_Tree_262_1_8rv.root', 'dcap://cmsdca.fnal.gov:24137/pnfs/fnal.gov/usr/cms/WAX/11/store/user/lpcsusyra1/zmeng//ICF/automated/2012_05_06_11_12_26//SusyCAF_Tree_263_1_g2l.root', 'dcap://cmsdca.fnal.gov:24137/pnfs/fnal.gov/usr/cms/WAX/11/store/user/lpcsusyra1/zmeng//ICF/automated/2012_05_06_11_12_26//SusyCAF_Tree_264_1_LoL.root', 'dcap://cmsdca.fnal.gov:24137/pnfs/fnal.gov/usr/cms/WAX/11/store/user/lpcsusyra1/zmeng//ICF/automated/2012_05_06_11_12_26//SusyCAF_Tree_265_1_OYk.root', 'dcap://cmsdca.fnal.gov:24137/pnfs/fnal.gov/usr/cms/WAX/11/store/user/lpcsusyra1/zmeng//ICF/automated/2012_05_06_11_12_26//SusyCAF_Tree_266_1_RyO.root', 'dcap://cmsdca.fnal.gov:24137/pnfs/fnal.gov/usr/cms/WAX/11/store/user/lpcsusyra1/zmeng//ICF/automated/2012_05_06_11_12_26//SusyCAF_Tree_267_1_L0I.root', 'dcap://cmsdca.fnal.gov:24137/pnfs/fnal.gov/usr/cms/WAX/11/store/user/lpcsusyra1/zmeng//ICF/automated/2012_05_06_11_12_26//SusyCAF_Tree_268_1_LYi.root', 'dcap://cmsdca.fnal.gov:24137/pnfs/fnal.gov/usr/cms/WAX/11/store/user/lpcsusyra1/zmeng//ICF/automated/2012_05_06_11_12_26//SusyCAF_Tree_269_1_NIQ.root', 'dcap://cmsdca.fnal.gov:24137/pnfs/fnal.gov/usr/cms/WAX/11/store/user/lpcsusyra1/zmeng//ICF/automated/2012_05_06_11_12_26//SusyCAF_Tree_26_1_qfE.root', 'dcap://cmsdca.fnal.gov:24137/pnfs/fnal.gov/usr/cms/WAX/11/store/user/lpcsusyra1/zmeng//ICF/automated/2012_05_06_11_12_26//SusyCAF_Tree_270_1_baW.root', 'dcap://cmsdca.fnal.gov:24137/pnfs/fnal.gov/usr/cms/WAX/11/store/user/lpcsusyra1/zmeng//ICF/automated/2012_05_06_11_12_26//SusyCAF_Tree_274_1_Ccs.root', 'dcap://cmsdca.fnal.gov:24137/pnfs/fnal.gov/usr/cms/WAX/11/store/user/lpcsusyra1/zmeng//ICF/automated/2012_05_06_11_12_26//SusyCAF_Tree_275_1_9O5.root', 'dcap://cmsdca.fnal.gov:24137/pnfs/fnal.gov/usr/cms/WAX/11/store/user/lpcsusyra1/zmeng//ICF/automated/2012_05_06_11_12_26//SusyCAF_Tree_27_1_79i.root', 'dcap://cmsdca.fnal.gov:24137/pnfs/fnal.gov/usr/cms/WAX/11/store/user/lpcsusyra1/zmeng//ICF/automated/2012_05_06_11_12_26//SusyCAF_Tree_28_1_y4c.root']
==================================================
Running Analysis: AK5Calo
==================================================
On 1 sample(s):
	MuHad_Run2012A_PromptReco_v1_V17_pre3_taus_0_jetCorrections_L1FastJet_L2Relative_L3Absolute_L2L3Residual_jetCollections_ak5calo_ak5pf_zmengJob84		1.00pb 
==================================================
Total number of events in the ntuple = 1794341
Setting mLastEntry to match input tree
[CHAIN] At Entry: 0
[CHAIN] File: pnfs/fnal.gov/usr/cms/WAX/11/store/user/lpcsusyra1/zmeng/ICF/automated/2012_05_06_11_12_26/SusyCAF_Tree_100_1_nOy.root
Secondary jet collection: ak5JetPF2PAT    Pat
Tertiary jet collection: ak5JetJPT   Pat
Event weights will be set to constant value: 1.
 found found found -1
 found found found -1
 found found found -1
 found found found -1
 found found found -1
 found found found -1
mode=None mode_.find=18446744073709551615 int find=-1
found=18446744073709551615int found -1
mode=None mode_.find=18446744073709551615 int find=-1
found=18446744073709551615int found -1
mode=None mode_.find=18446744073709551615 int find=-1
found=18446744073709551615int found -1
mode=None mode_.find=18446744073709551615 int find=-1
found=18446744073709551615int found -1
mode=None mode_.find=18446744073709551615 int find=-1
found=18446744073709551615int found -1
mode=None mode_.find=18446744073709551615 int find=-1
found=18446744073709551615int found -1
mode=None mode_.find=18446744073709551615 int find=-1
found=18446744073709551615int found -1
[CHAIN] At Entry: 20452
[CHAIN] File: pnfs/fnal.gov/usr/cms/WAX/11/store/user/lpcsusyra1/zmeng/ICF/automated/2012_05_06_11_12_26/SusyCAF_Tree_10_1_S6F.root
mode=None mode_.find=18446744073709551615 int find=-1
found=18446744073709551615int found -1
[CHAIN] At Entry: 25017
[CHAIN] File: pnfs/fnal.gov/usr/cms/WAX/11/store/user/lpcsusyra1/zmeng/ICF/automated/2012_05_06_11_12_26/SusyCAF_Tree_116_1_Hyu.root
mode=None mode_.find=18446744073709551615 int find=-1
found=18446744073709551615int found -1
mode=None mode_.find=18446744073709551615 int find=-1
found=18446744073709551615int found -1
mode=None mode_.find=18446744073709551615 int find=-1
found=18446744073709551615int found -1
mode=None mode_.find=18446744073709551615 int find=-1
found=18446744073709551615int found -1
mode=None mode_.find=18446744073709551615 int find=-1
found=18446744073709551615int found -1
mode=None mode_.find=18446744073709551615 int find=-1
found=18446744073709551615int found -1
[CHAIN] At Entry: 48832
[CHAIN] File: pnfs/fnal.gov/usr/cms/WAX/11/store/user/lpcsusyra1/zmeng/ICF/automated/2012_05_06_11_12_26/SusyCAF_Tree_117_1_Zka.root
mode=None mode_.find=18446744073709551615 int find=-1
found=18446744073709551615int found -1
mode=None mode_.find=18446744073709551615 int find=-1
found=18446744073709551615int found -1
mode=None mode_.find=18446744073709551615 int find=-1
found=18446744073709551615int found -1
mode=None mode_.find=18446744073709551615 int find=-1
found=18446744073709551615int found -1
[CHAIN] At Entry: 71778
[CHAIN] File: pnfs/fnal.gov/usr/cms/WAX/11/store/user/lpcsusyra1/zmeng/ICF/automated/2012_05_06_11_12_26/SusyCAF_Tree_120_1_uLV.root
mode=None mode_.find=18446744073709551615 int find=-1
found=18446744073709551615int found -1
mode=None mode_.find=18446744073709551615 int find=-1
found=18446744073709551615int found -1
mode=None mode_.find=18446744073709551615 int find=-1
found=18446744073709551615int found -1
mode=None mode_.find=18446744073709551615 int find=-1
found=18446744073709551615int found -1
[CHAIN] At Entry: 84032
[CHAIN] File: pnfs/fnal.gov/usr/cms/WAX/11/store/user/lpcsusyra1/zmeng/ICF/automated/2012_05_06_11_12_26/SusyCAF_Tree_124_1_fjM.root
mode=None mode_.find=18446744073709551615 int find=-1
found=18446744073709551615int found -1
mode=None mode_.find=18446744073709551615 int find=-1
found=18446744073709551615int found -1
[CHAIN] At Entry: 93469
[CHAIN] File: pnfs/fnal.gov/usr/cms/WAX/11/store/user/lpcsusyra1/zmeng/ICF/automated/2012_05_06_11_12_26/SusyCAF_Tree_128_1_Xff.root
mode=None mode_.find=18446744073709551615 int find=-1
found=18446744073709551615int found -1
mode=None mode_.find=18446744073709551615 int find=-1
found=18446744073709551615int found -1
mode=None mode_.find=18446744073709551615 int find=-1
found=18446744073709551615int found -1
mode=None mode_.find=18446744073709551615 int find=-1
found=18446744073709551615int found -1
mode=None mode_.find=18446744073709551615 int find=-1
found=18446744073709551615int found -1
mode=None mode_.find=18446744073709551615 int find=-1
found=18446744073709551615int found -1
[CHAIN] At Entry: 107618
[CHAIN] File: pnfs/fnal.gov/usr/cms/WAX/11/store/user/lpcsusyra1/zmeng/ICF/automated/2012_05_06_11_12_26/SusyCAF_Tree_129_1_E0D.root
mode=None mode_.find=18446744073709551615 int find=-1
found=18446744073709551615int found -1
mode=None mode_.find=18446744073709551615 int find=-1
found=18446744073709551615int found -1
mode=None mode_.find=18446744073709551615 int find=-1
found=18446744073709551615int found -1
mode=None mode_.find=18446744073709551615 int find=-1
found=18446744073709551615int found -1
mode=None mode_.find=18446744073709551615 int find=-1
found=18446744073709551615int found -1
mode=None mode_.find=18446744073709551615 int find=-1
found=18446744073709551615int found -1
mode=None mode_.find=18446744073709551615 int find=-1
found=18446744073709551615int found -1
mode=None mode_.find=18446744073709551615 int find=-1
found=18446744073709551615int found -1
mode=None mode_.find=18446744073709551615 int find=-1
found=18446744073709551615int found -1
mode=None mode_.find=18446744073709551615 int find=-1
found=18446744073709551615int found -1
mode=None mode_.find=18446744073709551615 int find=-1
found=18446744073709551615int found -1
[CHAIN] At Entry: 140534
[CHAIN] File: pnfs/fnal.gov/usr/cms/WAX/11/store/user/lpcsusyra1/zmeng/ICF/automated/2012_05_06_11_12_26/SusyCAF_Tree_12_1_iGR.root
mode=None mode_.find=18446744073709551615 int find=-1
found=18446744073709551615int found -1
[CHAIN] At Entry: 148768
[CHAIN] File: pnfs/fnal.gov/usr/cms/WAX/11/store/user/lpcsusyra1/zmeng/ICF/automated/2012_05_06_11_12_26/SusyCAF_Tree_138_1_cXE.root
mode=None mode_.find=18446744073709551615 int find=-1
found=18446744073709551615int found -1
mode=None mode_.find=18446744073709551615 int find=-1
found=18446744073709551615int found -1
mode=None mode_.find=18446744073709551615 int find=-1
found=18446744073709551615int found -1
mode=None mode_.find=18446744073709551615 int find=-1
found=18446744073709551615int found -1
mode=None mode_.find=18446744073709551615 int find=-1
found=18446744073709551615int found -1
mode=None mode_.find=18446744073709551615 int find=-1
found=18446744073709551615int found -1
mode=None mode_.find=18446744073709551615 int find=-1
found=18446744073709551615int found -1
mode=None mode_.find=18446744073709551615 int find=-1
found=18446744073709551615int found -1
[CHAIN] At Entry: 171993
[CHAIN] File: pnfs/fnal.gov/usr/cms/WAX/11/store/user/lpcsusyra1/zmeng/ICF/automated/2012_05_06_11_12_26/SusyCAF_Tree_13_1_mOa.root
mode=None mode_.find=18446744073709551615 int find=-1
found=18446744073709551615int found -1
mode=None mode_.find=18446744073709551615 int find=-1
found=18446744073709551615int found -1
mode=None mode_.find=18446744073709551615 int find=-1
found=18446744073709551615int found -1
mode=None mode_.find=18446744073709551615 int find=-1
found=18446744073709551615int found -1
[CHAIN] At Entry: 181067
[CHAIN] File: pnfs/fnal.gov/usr/cms/WAX/11/store/user/lpcsusyra1/zmeng/ICF/automated/2012_05_06_11_12_26/SusyCAF_Tree_146_1_Sra.root
mode=None mode_.find=18446744073709551615 int find=-1
found=18446744073709551615int found -1
mode=None mode_.find=18446744073709551615 int find=-1
found=18446744073709551615int found -1
mode=None mode_.find=18446744073709551615 int find=-1
found=18446744073709551615int found -1
mode=None mode_.find=18446744073709551615 int find=-1
found=18446744073709551615int found -1
mode=None mode_.find=18446744073709551615 int find=-1
found=18446744073709551615int found -1
mode=None mode_.find=18446744073709551615 int find=-1
found=18446744073709551615int found -1
mode=None mode_.find=18446744073709551615 int find=-1
found=18446744073709551615int found -1
mode=None mode_.find=18446744073709551615 int find=-1
found=18446744073709551615int found -1
mode=None mode_.find=18446744073709551615 int find=-1
found=18446744073709551615int found -1
mode=None mode_.find=18446744073709551615 int find=-1
found=18446744073709551615int found -1
[CHAIN] At Entry: 206355
[CHAIN] File: pnfs/fnal.gov/usr/cms/WAX/11/store/user/lpcsusyra1/zmeng/ICF/automated/2012_05_06_11_12_26/SusyCAF_Tree_148_1_3WR.root
mode=None mode_.find=18446744073709551615 int find=-1
found=18446744073709551615int found -1
mode=None mode_.find=18446744073709551615 int find=-1
found=18446744073709551615int found -1
mode=None mode_.find=18446744073709551615 int find=-1
found=18446744073709551615int found -1
mode=None mode_.find=18446744073709551615 int find=-1
found=18446744073709551615int found -1
mode=None mode_.find=18446744073709551615 int find=-1
found=18446744073709551615int found -1
[CHAIN] At Entry: 221029
[CHAIN] File: pnfs/fnal.gov/usr/cms/WAX/11/store/user/lpcsusyra1/zmeng/ICF/automated/2012_05_06_11_12_26/SusyCAF_Tree_14_1_M5m.root
mode=None mode_.find=18446744073709551615 int find=-1
found=18446744073709551615int found -1
[CHAIN] At Entry: 230390
[CHAIN] File: pnfs/fnal.gov/usr/cms/WAX/11/store/user/lpcsusyra1/zmeng/ICF/automated/2012_05_06_11_12_26/SusyCAF_Tree_150_1_TwH.root
mode=None mode_.find=18446744073709551615 int find=-1
found=18446744073709551615int found -1
mode=None mode_.find=18446744073709551615 int find=-1
found=18446744073709551615int found -1
mode=None mode_.find=18446744073709551615 int find=-1
found=18446744073709551615int found -1
mode=None mode_.find=18446744073709551615 int find=-1
found=18446744073709551615int found -1
mode=None mode_.find=18446744073709551615 int find=-1
found=18446744073709551615int found -1
mode=None mode_.find=18446744073709551615 int find=-1
found=18446744073709551615int found -1
mode=None mode_.find=18446744073709551615 int find=-1
found=18446744073709551615int found -1
mode=None mode_.find=18446744073709551615 int find=-1
found=18446744073709551615int found -1
mode=None mode_.find=18446744073709551615 int find=-1
found=18446744073709551615int found -1
mode=None mode_.find=18446744073709551615 int find=-1
found=18446744073709551615int found -1
mode=None mode_.find=18446744073709551615 int find=-1
found=18446744073709551615int found -1
mode=None mode_.find=18446744073709551615 int find=-1
found=18446744073709551615int found -1
mode=None mode_.find=18446744073709551615 int find=-1
found=18446744073709551615int found -1
mode=None mode_.find=18446744073709551615 int find=-1
found=18446744073709551615int found -1
mode=None mode_.find=18446744073709551615 int find=-1
found=18446744073709551615int found -1
mode=None mode_.find=18446744073709551615 int find=-1
found=18446744073709551615int found -1
mode=None mode_.find=18446744073709551615 int find=-1
found=18446744073709551615int found -1
[CHAIN] At Entry: 254308
[CHAIN] File: pnfs/fnal.gov/usr/cms/WAX/11/store/user/lpcsusyra1/zmeng/ICF/automated/2012_05_06_11_12_26/SusyCAF_Tree_152_1_VNS.root
mode=None mode_.find=18446744073709551615 int find=-1
found=18446744073709551615int found -1
mode=None mode_.find=18446744073709551615 int find=-1
found=18446744073709551615int found -1
mode=None mode_.find=18446744073709551615 int find=-1
found=18446744073709551615int found -1
mode=None mode_.find=18446744073709551615 int find=-1
found=18446744073709551615int found -1
mode=None mode_.find=18446744073709551615 int find=-1
found=18446744073709551615int found -1
mode=None mode_.find=18446744073709551615 int find=-1
found=18446744073709551615int found -1
mode=None mode_.find=18446744073709551615 int find=-1
found=18446744073709551615int found -1
mode=None mode_.find=18446744073709551615 int find=-1
found=18446744073709551615int found -1
mode=None mode_.find=18446744073709551615 int find=-1
found=18446744073709551615int found -1
mode=None mode_.find=18446744073709551615 int find=-1
found=18446744073709551615int found -1
mode=None mode_.find=18446744073709551615 int find=-1
found=18446744073709551615int found -1
mode=None mode_.find=18446744073709551615 int find=-1
found=18446744073709551615int found -1
[CHAIN] At Entry: 279450
[CHAIN] File: pnfs/fnal.gov/usr/cms/WAX/11/store/user/lpcsusyra1/zmeng/ICF/automated/2012_05_06_11_12_26/SusyCAF_Tree_154_1_yYx.root
mode=None mode_.find=18446744073709551615 int find=-1
found=18446744073709551615int found -1
mode=None mode_.find=18446744073709551615 int find=-1
found=18446744073709551615int found -1
mode=None mode_.find=18446744073709551615 int find=-1
found=18446744073709551615int found -1
mode=None mode_.find=18446744073709551615 int find=-1
found=18446744073709551615int found -1
mode=None mode_.find=18446744073709551615 int find=-1
found=18446744073709551615int found -1
mode=None mode_.find=18446744073709551615 int find=-1
found=18446744073709551615int found -1
mode=None mode_.find=18446744073709551615 int find=-1
found=18446744073709551615int found -1
mode=None mode_.find=18446744073709551615 int find=-1
found=18446744073709551615int found -1
mode=None mode_.find=18446744073709551615 int find=-1
found=18446744073709551615int found -1
[CHAIN] At Entry: 304686
[CHAIN] File: pnfs/fnal.gov/usr/cms/WAX/11/store/user/lpcsusyra1/zmeng/ICF/automated/2012_05_06_11_12_26/SusyCAF_Tree_155_1_Lqu.root
mode=None mode_.find=18446744073709551615 int find=-1
found=18446744073709551615int found -1
mode=None mode_.find=18446744073709551615 int find=-1
found=18446744073709551615int found -1
mode=None mode_.find=18446744073709551615 int find=-1
found=18446744073709551615int found -1
mode=None mode_.find=18446744073709551615 int find=-1
found=18446744073709551615int found -1
mode=None mode_.find=18446744073709551615 int find=-1
found=18446744073709551615int found -1
[CHAIN] At Entry: 330224
[CHAIN] File: pnfs/fnal.gov/usr/cms/WAX/11/store/user/lpcsusyra1/zmeng/ICF/automated/2012_05_06_11_12_26/SusyCAF_Tree_156_1_v4i.root
mode=None mode_.find=18446744073709551615 int find=-1
found=18446744073709551615int found -1
mode=None mode_.find=18446744073709551615 int find=-1
found=18446744073709551615int found -1
mode=None mode_.find=18446744073709551615 int find=-1
found=18446744073709551615int found -1
mode=None mode_.find=18446744073709551615 int find=-1
found=18446744073709551615int found -1
mode=None mode_.find=18446744073709551615 int find=-1
found=18446744073709551615int found -1
mode=None mode_.find=18446744073709551615 int find=-1
found=18446744073709551615int found -1
[CHAIN] At Entry: 343440
[CHAIN] File: pnfs/fnal.gov/usr/cms/WAX/11/store/user/lpcsusyra1/zmeng/ICF/automated/2012_05_06_11_12_26/SusyCAF_Tree_15_1_Zr1.root
mode=None mode_.find=18446744073709551615 int find=-1
found=18446744073709551615int found -1
[CHAIN] At Entry: 352621
[CHAIN] File: pnfs/fnal.gov/usr/cms/WAX/11/store/user/lpcsusyra1/zmeng/ICF/automated/2012_05_06_11_12_26/SusyCAF_Tree_160_1_VYv.root
mode=None mode_.find=18446744073709551615 int find=-1
found=18446744073709551615int found -1
mode=None mode_.find=18446744073709551615 int find=-1
found=18446744073709551615int found -1
mode=None mode_.find=18446744073709551615 int find=-1
found=18446744073709551615int found -1
mode=None mode_.find=18446744073709551615 int find=-1
found=18446744073709551615int found -1
mode=None mode_.find=18446744073709551615 int find=-1
found=18446744073709551615int found -1
[CHAIN] At Entry: 366799
[CHAIN] File: pnfs/fnal.gov/usr/cms/WAX/11/store/user/lpcsusyra1/zmeng/ICF/automated/2012_05_06_11_12_26/SusyCAF_Tree_162_1_Tju.root
mode=None mode_.find=18446744073709551615 int find=-1
found=18446744073709551615int found -1
mode=None mode_.find=18446744073709551615 int find=-1
found=18446744073709551615int found -1
[CHAIN] At Entry: 381144
[CHAIN] File: pnfs/fnal.gov/usr/cms/WAX/11/store/user/lpcsusyra1/zmeng/ICF/automated/2012_05_06_11_12_26/SusyCAF_Tree_163_1_G3D.root
mode=None mode_.find=18446744073709551615 int find=-1
found=18446744073709551615int found -1
mode=None mode_.find=18446744073709551615 int find=-1
found=18446744073709551615int found -1
mode=None mode_.find=18446744073709551615 int find=-1
found=18446744073709551615int found -1
[CHAIN] At Entry: 395747
[CHAIN] File: pnfs/fnal.gov/usr/cms/WAX/11/store/user/lpcsusyra1/zmeng/ICF/automated/2012_05_06_11_12_26/SusyCAF_Tree_168_1_4iM.root
mode=None mode_.find=18446744073709551615 int find=-1
found=18446744073709551615int found -1
mode=None mode_.find=18446744073709551615 int find=-1
found=18446744073709551615int found -1
mode=None mode_.find=18446744073709551615 int find=-1
found=18446744073709551615int found -1
mode=None mode_.find=18446744073709551615 int find=-1
found=18446744073709551615int found -1
mode=None mode_.find=18446744073709551615 int find=-1
found=18446744073709551615int found -1
mode=None mode_.find=18446744073709551615 int find=-1
found=18446744073709551615int found -1
[CHAIN] At Entry: 410545
[CHAIN] File: pnfs/fnal.gov/usr/cms/WAX/11/store/user/lpcsusyra1/zmeng/ICF/automated/2012_05_06_11_12_26/SusyCAF_Tree_169_1_T51.root
mode=None mode_.find=18446744073709551615 int find=-1
found=18446744073709551615int found -1
mode=None mode_.find=18446744073709551615 int find=-1
found=18446744073709551615int found -1
mode=None mode_.find=18446744073709551615 int find=-1
found=18446744073709551615int found -1
mode=None mode_.find=18446744073709551615 int find=-1
found=18446744073709551615int found -1
mode=None mode_.find=18446744073709551615 int find=-1
found=18446744073709551615int found -1
[CHAIN] At Entry: 425978
[CHAIN] File: pnfs/fnal.gov/usr/cms/WAX/11/store/user/lpcsusyra1/zmeng/ICF/automated/2012_05_06_11_12_26/SusyCAF_Tree_16_1_ZGB.root
mode=None mode_.find=18446744073709551615 int find=-1
found=18446744073709551615int found -1
mode=None mode_.find=18446744073709551615 int find=-1
found=18446744073709551615int found -1
mode=None mode_.find=18446744073709551615 int find=-1
found=18446744073709551615int found -1
[CHAIN] At Entry: 437488
[CHAIN] File: pnfs/fnal.gov/usr/cms/WAX/11/store/user/lpcsusyra1/zmeng/ICF/automated/2012_05_06_11_12_26/SusyCAF_Tree_170_1_lvc.root
mode=None mode_.find=18446744073709551615 int find=-1
found=18446744073709551615int found -1
mode=None mode_.find=18446744073709551615 int find=-1
found=18446744073709551615int found -1
mode=None mode_.find=18446744073709551615 int find=-1
found=18446744073709551615int found -1
mode=None mode_.find=18446744073709551615 int find=-1
found=18446744073709551615int found -1
mode=None mode_.find=18446744073709551615 int find=-1
found=18446744073709551615int found -1
mode=None mode_.find=18446744073709551615 int find=-1
found=18446744073709551615int found -1
mode=None mode_.find=18446744073709551615 int find=-1
found=18446744073709551615int found -1
mode=None mode_.find=18446744073709551615 int find=-1
found=18446744073709551615int found -1
mode=None mode_.find=18446744073709551615 int find=-1
found=18446744073709551615int found -1
mode=None mode_.find=18446744073709551615 int find=-1
found=18446744073709551615int found -1
mode=None mode_.find=18446744073709551615 int find=-1
found=18446744073709551615int found -1
mode=None mode_.find=18446744073709551615 int find=-1
found=18446744073709551615int found -1
mode=None mode_.find=18446744073709551615 int find=-1
found=18446744073709551615int found -1
mode=None mode_.find=18446744073709551615 int find=-1
found=18446744073709551615int found -1
[CHAIN] At Entry: 459577
[CHAIN] File: pnfs/fnal.gov/usr/cms/WAX/11/store/user/lpcsusyra1/zmeng/ICF/automated/2012_05_06_11_12_26/SusyCAF_Tree_177_1_uTP.root
mode=None mode_.find=18446744073709551615 int find=-1
found=18446744073709551615int found -1
mode=None mode_.find=18446744073709551615 int find=-1
found=18446744073709551615int found -1
mode=None mode_.find=18446744073709551615 int find=-1
found=18446744073709551615int found -1
mode=None mode_.find=18446744073709551615 int find=-1
found=18446744073709551615int found -1
mode=None mode_.find=18446744073709551615 int find=-1
found=18446744073709551615int found -1
mode=None mode_.find=18446744073709551615 int find=-1
found=18446744073709551615int found -1
mode=None mode_.find=18446744073709551615 int find=-1
found=18446744073709551615int found -1
mode=None mode_.find=18446744073709551615 int find=-1
found=18446744073709551615int found -1
[CHAIN] At Entry: 483119
[CHAIN] File: pnfs/fnal.gov/usr/cms/WAX/11/store/user/lpcsusyra1/zmeng/ICF/automated/2012_05_06_11_12_26/SusyCAF_Tree_17_1_ZYA.root
mode=None mode_.find=18446744073709551615 int find=-1
found=18446744073709551615int found -1
mode=None mode_.find=18446744073709551615 int find=-1
found=18446744073709551615int found -1
[CHAIN] At Entry: 491936
[CHAIN] File: pnfs/fnal.gov/usr/cms/WAX/11/store/user/lpcsusyra1/zmeng/ICF/automated/2012_05_06_11_12_26/SusyCAF_Tree_180_1_dTH.root
mode=None mode_.find=18446744073709551615 int find=-1
found=18446744073709551615int found -1
mode=None mode_.find=18446744073709551615 int find=-1
found=18446744073709551615int found -1
mode=None mode_.find=18446744073709551615 int find=-1
found=18446744073709551615int found -1
mode=None mode_.find=18446744073709551615 int find=-1
found=18446744073709551615int found -1
mode=None mode_.find=18446744073709551615 int find=-1
found=18446744073709551615int found -1
mode=None mode_.find=18446744073709551615 int find=-1
found=18446744073709551615int found -1
mode=None mode_.find=18446744073709551615 int find=-1
found=18446744073709551615int found -1
mode=None mode_.find=18446744073709551615 int find=-1
found=18446744073709551615int found -1
mode=None mode_.find=18446744073709551615 int find=-1
found=18446744073709551615int found -1
mode=None mode_.find=18446744073709551615 int find=-1
found=18446744073709551615int found -1
[CHAIN] At Entry: 516165
[CHAIN] File: pnfs/fnal.gov/usr/cms/WAX/11/store/user/lpcsusyra1/zmeng/ICF/automated/2012_05_06_11_12_26/SusyCAF_Tree_185_1_7am.root
mode=None mode_.find=18446744073709551615 int find=-1
found=18446744073709551615int found -1
mode=None mode_.find=18446744073709551615 int find=-1
found=18446744073709551615int found -1
mode=None mode_.find=18446744073709551615 int find=-1
found=18446744073709551615int found -1
mode=None mode_.find=18446744073709551615 int find=-1
found=18446744073709551615int found -1
mode=None mode_.find=18446744073709551615 int find=-1
found=18446744073709551615int found -1
mode=None mode_.find=18446744073709551615 int find=-1
found=18446744073709551615int found -1
mode=None mode_.find=18446744073709551615 int find=-1
found=18446744073709551615int found -1
[CHAIN] At Entry: 529470
[CHAIN] File: pnfs/fnal.gov/usr/cms/WAX/11/store/user/lpcsusyra1/zmeng/ICF/automated/2012_05_06_11_12_26/SusyCAF_Tree_186_1_IIc.root
mode=None mode_.find=18446744073709551615 int find=-1
found=18446744073709551615int found -1
mode=None mode_.find=18446744073709551615 int find=-1
found=18446744073709551615int found -1
mode=None mode_.find=18446744073709551615 int find=-1
found=18446744073709551615int found -1
mode=None mode_.find=18446744073709551615 int find=-1
found=18446744073709551615int found -1
mode=None mode_.find=18446744073709551615 int find=-1
found=18446744073709551615int found -1
mode=None mode_.find=18446744073709551615 int find=-1
found=18446744073709551615int found -1
mode=None mode_.find=18446744073709551615 int find=-1
found=18446744073709551615int found -1
[CHAIN] At Entry: 555373
[CHAIN] File: pnfs/fnal.gov/usr/cms/WAX/11/store/user/lpcsusyra1/zmeng/ICF/automated/2012_05_06_11_12_26/SusyCAF_Tree_187_1_HSV.root
mode=None mode_.find=18446744073709551615 int find=-1
found=18446744073709551615int found -1
mode=None mode_.find=18446744073709551615 int find=-1
found=18446744073709551615int found -1
mode=None mode_.find=18446744073709551615 int find=-1
found=18446744073709551615int found -1
mode=None mode_.find=18446744073709551615 int find=-1
found=18446744073709551615int found -1
mode=None mode_.find=18446744073709551615 int find=-1
found=18446744073709551615int found -1
mode=None mode_.find=18446744073709551615 int find=-1
found=18446744073709551615int found -1
mode=None mode_.find=18446744073709551615 int find=-1
found=18446744073709551615int found -1
mode=None mode_.find=18446744073709551615 int find=-1
found=18446744073709551615int found -1
[CHAIN] At Entry: 581433
[CHAIN] File: pnfs/fnal.gov/usr/cms/WAX/11/store/user/lpcsusyra1/zmeng/ICF/automated/2012_05_06_11_12_26/SusyCAF_Tree_188_1_IbN.root
mode=None mode_.find=18446744073709551615 int find=-1
found=18446744073709551615int found -1
mode=None mode_.find=18446744073709551615 int find=-1
found=18446744073709551615int found -1
[CHAIN] At Entry: 594720
[CHAIN] File: pnfs/fnal.gov/usr/cms/WAX/11/store/user/lpcsusyra1/zmeng/ICF/automated/2012_05_06_11_12_26/SusyCAF_Tree_189_1_y2D.root
mode=None mode_.find=18446744073709551615 int find=-1
found=18446744073709551615int found -1
mode=None mode_.find=18446744073709551615 int find=-1
found=18446744073709551615int found -1
mode=None mode_.find=18446744073709551615 int find=-1
found=18446744073709551615int found -1
[CHAIN] At Entry: 608590
[CHAIN] File: pnfs/fnal.gov/usr/cms/WAX/11/store/user/lpcsusyra1/zmeng/ICF/automated/2012_05_06_11_12_26/SusyCAF_Tree_18_1_iOs.root
mode=None mode_.find=18446744073709551615 int find=-1
found=18446744073709551615int found -1
[CHAIN] At Entry: 613309
[CHAIN] File: pnfs/fnal.gov/usr/cms/WAX/11/store/user/lpcsusyra1/zmeng/ICF/automated/2012_05_06_11_12_26/SusyCAF_Tree_190_1_Dkf.root
mode=None mode_.find=18446744073709551615 int find=-1
found=18446744073709551615int found -1
[CHAIN] At Entry: 626396
[CHAIN] File: pnfs/fnal.gov/usr/cms/WAX/11/store/user/lpcsusyra1/zmeng/ICF/automated/2012_05_06_11_12_26/SusyCAF_Tree_191_1_bz4.root
mode=None mode_.find=18446744073709551615 int find=-1
found=18446744073709551615int found -1
mode=None mode_.find=18446744073709551615 int find=-1
found=18446744073709551615int found -1
mode=None mode_.find=18446744073709551615 int find=-1
found=18446744073709551615int found -1
mode=None mode_.find=18446744073709551615 int find=-1
found=18446744073709551615int found -1
[CHAIN] At Entry: 640078
[CHAIN] File: pnfs/fnal.gov/usr/cms/WAX/11/store/user/lpcsusyra1/zmeng/ICF/automated/2012_05_06_11_12_26/SusyCAF_Tree_192_1_Ot3.root
mode=None mode_.find=18446744073709551615 int find=-1
found=18446744073709551615int found -1
mode=None mode_.find=18446744073709551615 int find=-1
found=18446744073709551615int found -1
mode=None mode_.find=18446744073709551615 int find=-1
found=18446744073709551615int found -1
mode=None mode_.find=18446744073709551615 int find=-1
found=18446744073709551615int found -1
[CHAIN] At Entry: 654079
[CHAIN] File: pnfs/fnal.gov/usr/cms/WAX/11/store/user/lpcsusyra1/zmeng/ICF/automated/2012_05_06_11_12_26/SusyCAF_Tree_193_1_oW3.root
mode=None mode_.find=18446744073709551615 int find=-1
found=18446744073709551615int found -1
mode=None mode_.find=18446744073709551615 int find=-1
found=18446744073709551615int found -1
mode=None mode_.find=18446744073709551615 int find=-1
found=18446744073709551615int found -1
[CHAIN] At Entry: 665905
[CHAIN] File: pnfs/fnal.gov/usr/cms/WAX/11/store/user/lpcsusyra1/zmeng/ICF/automated/2012_05_06_11_12_26/SusyCAF_Tree_194_1_GKb.root
mode=None mode_.find=18446744073709551615 int find=-1
found=18446744073709551615int found -1
mode=None mode_.find=18446744073709551615 int find=-1
found=18446744073709551615int found -1
mode=None mode_.find=18446744073709551615 int find=-1
found=18446744073709551615int found -1
mode=None mode_.find=18446744073709551615 int find=-1
found=18446744073709551615int found -1
mode=None mode_.find=18446744073709551615 int find=-1
found=18446744073709551615int found -1
mode=None mode_.find=18446744073709551615 int find=-1
found=18446744073709551615int found -1
[CHAIN] At Entry: 679245
[CHAIN] File: pnfs/fnal.gov/usr/cms/WAX/11/store/user/lpcsusyra1/zmeng/ICF/automated/2012_05_06_11_12_26/SusyCAF_Tree_195_1_4SE.root
mode=None mode_.find=18446744073709551615 int find=-1
found=18446744073709551615int found -1
mode=None mode_.find=18446744073709551615 int find=-1
found=18446744073709551615int found -1
mode=None mode_.find=18446744073709551615 int find=-1
found=18446744073709551615int found -1
mode=None mode_.find=18446744073709551615 int find=-1
found=18446744073709551615int found -1
mode=None mode_.find=18446744073709551615 int find=-1
found=18446744073709551615int found -1
[CHAIN] At Entry: 693382
[CHAIN] File: pnfs/fnal.gov/usr/cms/WAX/11/store/user/lpcsusyra1/zmeng/ICF/automated/2012_05_06_11_12_26/SusyCAF_Tree_196_1_9uW.root
mode=None mode_.find=18446744073709551615 int find=-1
found=18446744073709551615int found -1
mode=None mode_.find=18446744073709551615 int find=-1
found=18446744073709551615int found -1
mode=None mode_.find=18446744073709551615 int find=-1
found=18446744073709551615int found -1
mode=None mode_.find=18446744073709551615 int find=-1
found=18446744073709551615int found -1
[CHAIN] At Entry: 707166
[CHAIN] File: pnfs/fnal.gov/usr/cms/WAX/11/store/user/lpcsusyra1/zmeng/ICF/automated/2012_05_06_11_12_26/SusyCAF_Tree_197_1_UcY.root
mode=None mode_.find=18446744073709551615 int find=-1
found=18446744073709551615int found -1
mode=None mode_.find=18446744073709551615 int find=-1
found=18446744073709551615int found -1
mode=None mode_.find=18446744073709551615 int find=-1
found=18446744073709551615int found -1
mode=None mode_.find=18446744073709551615 int find=-1
found=18446744073709551615int found -1
mode=None mode_.find=18446744073709551615 int find=-1
found=18446744073709551615int found -1
[CHAIN] At Entry: 721695
[CHAIN] File: pnfs/fnal.gov/usr/cms/WAX/11/store/user/lpcsusyra1/zmeng/ICF/automated/2012_05_06_11_12_26/SusyCAF_Tree_198_1_aoc.root
mode=None mode_.find=18446744073709551615 int find=-1
found=18446744073709551615int found -1
mode=None mode_.find=18446744073709551615 int find=-1
found=18446744073709551615int found -1
mode=None mode_.find=18446744073709551615 int find=-1
found=18446744073709551615int found -1
mode=None mode_.find=18446744073709551615 int find=-1
found=18446744073709551615int found -1
mode=None mode_.find=18446744073709551615 int find=-1
found=18446744073709551615int found -1
[CHAIN] At Entry: 736451
[CHAIN] File: pnfs/fnal.gov/usr/cms/WAX/11/store/user/lpcsusyra1/zmeng/ICF/automated/2012_05_06_11_12_26/SusyCAF_Tree_199_1_HuZ.root
mode=None mode_.find=18446744073709551615 int find=-1
found=18446744073709551615int found -1
mode=None mode_.find=18446744073709551615 int find=-1
found=18446744073709551615int found -1
mode=None mode_.find=18446744073709551615 int find=-1
found=18446744073709551615int found -1
mode=None mode_.find=18446744073709551615 int find=-1
found=18446744073709551615int found -1
mode=None mode_.find=18446744073709551615 int find=-1
found=18446744073709551615int found -1
mode=None mode_.find=18446744073709551615 int find=-1
found=18446744073709551615int found -1
[CHAIN] At Entry: 750630
[CHAIN] File: pnfs/fnal.gov/usr/cms/WAX/11/store/user/lpcsusyra1/zmeng/ICF/automated/2012_05_06_11_12_26/SusyCAF_Tree_19_1_ezm.root
mode=None mode_.find=18446744073709551615 int find=-1
found=18446744073709551615int found -1
mode=None mode_.find=18446744073709551615 int find=-1
found=18446744073709551615int found -1
mode=None mode_.find=18446744073709551615 int find=-1
found=18446744073709551615int found -1
mode=None mode_.find=18446744073709551615 int find=-1
found=18446744073709551615int found -1
[CHAIN] At Entry: 760656
[CHAIN] File: pnfs/fnal.gov/usr/cms/WAX/11/store/user/lpcsusyra1/zmeng/ICF/automated/2012_05_06_11_12_26/SusyCAF_Tree_1_1_ioi.root
[CHAIN] At Entry: 764097
[CHAIN] File: pnfs/fnal.gov/usr/cms/WAX/11/store/user/lpcsusyra1/zmeng/ICF/automated/2012_05_06_11_12_26/SusyCAF_Tree_200_1_yH5.root
mode=None mode_.find=18446744073709551615 int find=-1
found=18446744073709551615int found -1
mode=None mode_.find=18446744073709551615 int find=-1
found=18446744073709551615int found -1
mode=None mode_.find=18446744073709551615 int find=-1
found=18446744073709551615int found -1
mode=None mode_.find=18446744073709551615 int find=-1
found=18446744073709551615int found -1
mode=None mode_.find=18446744073709551615 int find=-1
found=18446744073709551615int found -1
[CHAIN] At Entry: 781379
[CHAIN] File: pnfs/fnal.gov/usr/cms/WAX/11/store/user/lpcsusyra1/zmeng/ICF/automated/2012_05_06_11_12_26/SusyCAF_Tree_201_1_ueP.root
mode=None mode_.find=18446744073709551615 int find=-1
found=18446744073709551615int found -1
mode=None mode_.find=18446744073709551615 int find=-1
found=18446744073709551615int found -1
mode=None mode_.find=18446744073709551615 int find=-1
found=18446744073709551615int found -1
mode=None mode_.find=18446744073709551615 int find=-1
found=18446744073709551615int found -1
mode=None mode_.find=18446744073709551615 int find=-1
found=18446744073709551615int found -1
[CHAIN] At Entry: 796371
[CHAIN] File: pnfs/fnal.gov/usr/cms/WAX/11/store/user/lpcsusyra1/zmeng/ICF/automated/2012_05_06_11_12_26/SusyCAF_Tree_20_1_ypa.root
mode=None mode_.find=18446744073709551615 int find=-1
found=18446744073709551615int found -1
mode=None mode_.find=18446744073709551615 int find=-1
found=18446744073709551615int found -1
mode=None mode_.find=18446744073709551615 int find=-1
found=18446744073709551615int found -1
mode=None mode_.find=18446744073709551615 int find=-1
found=18446744073709551615int found -1
mode=None mode_.find=18446744073709551615 int find=-1
found=18446744073709551615int found -1
mode=None mode_.find=18446744073709551615 int find=-1
found=18446744073709551615int found -1
mode=None mode_.find=18446744073709551615 int find=-1
found=18446744073709551615int found -1
mode=None mode_.find=18446744073709551615 int find=-1
found=18446744073709551615int found -1
[CHAIN] At Entry: 812516
[CHAIN] File: pnfs/fnal.gov/usr/cms/WAX/11/store/user/lpcsusyra1/zmeng/ICF/automated/2012_05_06_11_12_26/SusyCAF_Tree_210_1_ccm.root
mode=None mode_.find=18446744073709551615 int find=-1
found=18446744073709551615int found -1
mode=None mode_.find=18446744073709551615 int find=-1
found=18446744073709551615int found -1
mode=None mode_.find=18446744073709551615 int find=-1
found=18446744073709551615int found -1
mode=None mode_.find=18446744073709551615 int find=-1
found=18446744073709551615int found -1
mode=None mode_.find=18446744073709551615 int find=-1
found=18446744073709551615int found -1
mode=None mode_.find=18446744073709551615 int find=-1
found=18446744073709551615int found -1
mode=None mode_.find=18446744073709551615 int find=-1
found=18446744073709551615int found -1
mode=None mode_.find=18446744073709551615 int find=-1
found=18446744073709551615int found -1
mode=None mode_.find=18446744073709551615 int find=-1
found=18446744073709551615int found -1
mode=None mode_.find=18446744073709551615 int find=-1
found=18446744073709551615int found -1
mode=None mode_.find=18446744073709551615 int find=-1
found=18446744073709551615int found -1
[CHAIN] At Entry: 842811
[CHAIN] File: pnfs/fnal.gov/usr/cms/WAX/11/store/user/lpcsusyra1/zmeng/ICF/automated/2012_05_06_11_12_26/SusyCAF_Tree_211_1_FiK.root
mode=None mode_.find=18446744073709551615 int find=-1
found=18446744073709551615int found -1
mode=None mode_.find=18446744073709551615 int find=-1
found=18446744073709551615int found -1
mode=None mode_.find=18446744073709551615 int find=-1
found=18446744073709551615int found -1
mode=None mode_.find=18446744073709551615 int find=-1
found=18446744073709551615int found -1
[CHAIN] At Entry: 863357
[CHAIN] File: pnfs/fnal.gov/usr/cms/WAX/11/store/user/lpcsusyra1/zmeng/ICF/automated/2012_05_06_11_12_26/SusyCAF_Tree_219_1_cVw.root
mode=None mode_.find=18446744073709551615 int find=-1
found=18446744073709551615int found -1
mode=None mode_.find=18446744073709551615 int find=-1
found=18446744073709551615int found -1
mode=None mode_.find=18446744073709551615 int find=-1
found=18446744073709551615int found -1
mode=None mode_.find=18446744073709551615 int find=-1
found=18446744073709551615int found -1
mode=None mode_.find=18446744073709551615 int find=-1
found=18446744073709551615int found -1
[CHAIN] At Entry: 884945
[CHAIN] File: pnfs/fnal.gov/usr/cms/WAX/11/store/user/lpcsusyra1/zmeng/ICF/automated/2012_05_06_11_12_26/SusyCAF_Tree_21_1_8zT.root
mode=None mode_.find=18446744073709551615 int find=-1
found=18446744073709551615int found -1
mode=None mode_.find=18446744073709551615 int find=-1
found=18446744073709551615int found -1
mode=None mode_.find=18446744073709551615 int find=-1
found=18446744073709551615int found -1
mode=None mode_.find=18446744073709551615 int find=-1
found=18446744073709551615int found -1
mode=None mode_.find=18446744073709551615 int find=-1
found=18446744073709551615int found -1
mode=None mode_.find=18446744073709551615 int find=-1
found=18446744073709551615int found -1
mode=None mode_.find=18446744073709551615 int find=-1
found=18446744073709551615int found -1
mode=None mode_.find=18446744073709551615 int find=-1
found=18446744073709551615int found -1
[CHAIN] At Entry: 895645
[CHAIN] File: pnfs/fnal.gov/usr/cms/WAX/11/store/user/lpcsusyra1/zmeng/ICF/automated/2012_05_06_11_12_26/SusyCAF_Tree_222_1_NsY.root
mode=None mode_.find=18446744073709551615 int find=-1
found=18446744073709551615int found -1
mode=None mode_.find=18446744073709551615 int find=-1
found=18446744073709551615int found -1
mode=None mode_.find=18446744073709551615 int find=-1
found=18446744073709551615int found -1
mode=None mode_.find=18446744073709551615 int find=-1
found=18446744073709551615int found -1
[CHAIN] At Entry: 918291
[CHAIN] File: pnfs/fnal.gov/usr/cms/WAX/11/store/user/lpcsusyra1/zmeng/ICF/automated/2012_05_06_11_12_26/SusyCAF_Tree_227_1_6DH.root
mode=None mode_.find=18446744073709551615 int find=-1
found=18446744073709551615int found -1
mode=None mode_.find=18446744073709551615 int find=-1
found=18446744073709551615int found -1
mode=None mode_.find=18446744073709551615 int find=-1
found=18446744073709551615int found -1
mode=None mode_.find=18446744073709551615 int find=-1
found=18446744073709551615int found -1
mode=None mode_.find=18446744073709551615 int find=-1
found=18446744073709551615int found -1
mode=None mode_.find=18446744073709551615 int find=-1
found=18446744073709551615int found -1
mode=None mode_.find=18446744073709551615 int find=-1
found=18446744073709551615int found -1
mode=None mode_.find=18446744073709551615 int find=-1
found=18446744073709551615int found -1
[CHAIN] At Entry: 942854
[CHAIN] File: pnfs/fnal.gov/usr/cms/WAX/11/store/user/lpcsusyra1/zmeng/ICF/automated/2012_05_06_11_12_26/SusyCAF_Tree_229_1_R1y.root
mode=None mode_.find=18446744073709551615 int find=-1
found=18446744073709551615int found -1
mode=None mode_.find=18446744073709551615 int find=-1
found=18446744073709551615int found -1
mode=None mode_.find=18446744073709551615 int find=-1
found=18446744073709551615int found -1
mode=None mode_.find=18446744073709551615 int find=-1
found=18446744073709551615int found -1
[CHAIN] At Entry: 955482
[CHAIN] File: pnfs/fnal.gov/usr/cms/WAX/11/store/user/lpcsusyra1/zmeng/ICF/automated/2012_05_06_11_12_26/SusyCAF_Tree_22_1_heY.root
mode=None mode_.find=18446744073709551615 int find=-1
found=18446744073709551615int found -1
mode=None mode_.find=18446744073709551615 int find=-1
found=18446744073709551615int found -1
mode=None mode_.find=18446744073709551615 int find=-1
found=18446744073709551615int found -1
mode=None mode_.find=18446744073709551615 int find=-1
found=18446744073709551615int found -1
mode=None mode_.find=18446744073709551615 int find=-1
found=18446744073709551615int found -1
[CHAIN] At Entry: 965970
[CHAIN] File: pnfs/fnal.gov/usr/cms/WAX/11/store/user/lpcsusyra1/zmeng/ICF/automated/2012_05_06_11_12_26/SusyCAF_Tree_231_1_A53.root
mode=None mode_.find=18446744073709551615 int find=-1
found=18446744073709551615int found -1
mode=None mode_.find=18446744073709551615 int find=-1
found=18446744073709551615int found -1
mode=None mode_.find=18446744073709551615 int find=-1
found=18446744073709551615int found -1
mode=None mode_.find=18446744073709551615 int find=-1
found=18446744073709551615int found -1
[CHAIN] At Entry: 978710
[CHAIN] File: pnfs/fnal.gov/usr/cms/WAX/11/store/user/lpcsusyra1/zmeng/ICF/automated/2012_05_06_11_12_26/SusyCAF_Tree_232_1_YXh.root
mode=None mode_.find=18446744073709551615 int find=-1
found=18446744073709551615int found -1
mode=None mode_.find=18446744073709551615 int find=-1
found=18446744073709551615int found -1
mode=None mode_.find=18446744073709551615 int find=-1
found=18446744073709551615int found -1
mode=None mode_.find=18446744073709551615 int find=-1
found=18446744073709551615int found -1
[CHAIN] At Entry: 992050
[CHAIN] File: pnfs/fnal.gov/usr/cms/WAX/11/store/user/lpcsusyra1/zmeng/ICF/automated/2012_05_06_11_12_26/SusyCAF_Tree_233_1_sOI.root
mode=None mode_.find=18446744073709551615 int find=-1
found=18446744073709551615int found -1
mode=None mode_.find=18446744073709551615 int find=-1
found=18446744073709551615int found -1
mode=None mode_.find=18446744073709551615 int find=-1
found=18446744073709551615int found -1
mode=None mode_.find=18446744073709551615 int find=-1
found=18446744073709551615int found -1
mode=None mode_.find=18446744073709551615 int find=-1
found=18446744073709551615int found -1
[CHAIN] At Entry: 1004906
[CHAIN] File: pnfs/fnal.gov/usr/cms/WAX/11/store/user/lpcsusyra1/zmeng/ICF/automated/2012_05_06_11_12_26/SusyCAF_Tree_234_1_WQU.root
mode=None mode_.find=18446744073709551615 int find=-1
found=18446744073709551615int found -1
mode=None mode_.find=18446744073709551615 int find=-1
found=18446744073709551615int found -1
mode=None mode_.find=18446744073709551615 int find=-1
found=18446744073709551615int found -1
mode=None mode_.find=18446744073709551615 int find=-1
found=18446744073709551615int found -1
mode=None mode_.find=18446744073709551615 int find=-1
found=18446744073709551615int found -1
mode=None mode_.find=18446744073709551615 int find=-1
found=18446744073709551615int found -1
mode=None mode_.find=18446744073709551615 int find=-1
found=18446744073709551615int found -1
mode=None mode_.find=18446744073709551615 int find=-1
found=18446744073709551615int found -1
[CHAIN] At Entry: 1018056
[CHAIN] File: pnfs/fnal.gov/usr/cms/WAX/11/store/user/lpcsusyra1/zmeng/ICF/automated/2012_05_06_11_12_26/SusyCAF_Tree_235_1_7Tk.root
mode=None mode_.find=18446744073709551615 int find=-1
found=18446744073709551615int found -1
mode=None mode_.find=18446744073709551615 int find=-1
found=18446744073709551615int found -1
mode=None mode_.find=18446744073709551615 int find=-1
found=18446744073709551615int found -1
mode=None mode_.find=18446744073709551615 int find=-1
found=18446744073709551615int found -1
mode=None mode_.find=18446744073709551615 int find=-1
found=18446744073709551615int found -1
mode=None mode_.find=18446744073709551615 int find=-1
found=18446744073709551615int found -1
[CHAIN] At Entry: 1031696
[CHAIN] File: pnfs/fnal.gov/usr/cms/WAX/11/store/user/lpcsusyra1/zmeng/ICF/automated/2012_05_06_11_12_26/SusyCAF_Tree_236_1_rJR.root
[CHAIN] At Entry: 1031702
[CHAIN] File: pnfs/fnal.gov/usr/cms/WAX/11/store/user/lpcsusyra1/zmeng/ICF/automated/2012_05_06_11_12_26/SusyCAF_Tree_237_1_zJv.root
[CHAIN] At Entry: 1031707
[CHAIN] File: pnfs/fnal.gov/usr/cms/WAX/11/store/user/lpcsusyra1/zmeng/ICF/automated/2012_05_06_11_12_26/SusyCAF_Tree_238_1_YYu.root
mode=None mode_.find=18446744073709551615 int find=-1
found=18446744073709551615int found -1
mode=None mode_.find=18446744073709551615 int find=-1
found=18446744073709551615int found -1
mode=None mode_.find=18446744073709551615 int find=-1
found=18446744073709551615int found -1
mode=None mode_.find=18446744073709551615 int find=-1
found=18446744073709551615int found -1
mode=None mode_.find=18446744073709551615 int find=-1
found=18446744073709551615int found -1
mode=None mode_.find=18446744073709551615 int find=-1
found=18446744073709551615int found -1
mode=None mode_.find=18446744073709551615 int find=-1
found=18446744073709551615int found -1
mode=None mode_.find=18446744073709551615 int find=-1
found=18446744073709551615int found -1
mode=None mode_.find=18446744073709551615 int find=-1
found=18446744073709551615int found -1
mode=None mode_.find=18446744073709551615 int find=-1
found=18446744073709551615int found -1
mode=None mode_.find=18446744073709551615 int find=-1
found=18446744073709551615int found -1
mode=None mode_.find=18446744073709551615 int find=-1
found=18446744073709551615int found -1
mode=None mode_.find=18446744073709551615 int find=-1
found=18446744073709551615int found -1
mode=None mode_.find=18446744073709551615 int find=-1
found=18446744073709551615int found -1
[CHAIN] At Entry: 1063742
[CHAIN] File: pnfs/fnal.gov/usr/cms/WAX/11/store/user/lpcsusyra1/zmeng/ICF/automated/2012_05_06_11_12_26/SusyCAF_Tree_239_1_eDA.root
mode=None mode_.find=18446744073709551615 int find=-1
found=18446744073709551615int found -1
mode=None mode_.find=18446744073709551615 int find=-1
found=18446744073709551615int found -1
mode=None mode_.find=18446744073709551615 int find=-1
found=18446744073709551615int found -1
mode=None mode_.find=18446744073709551615 int find=-1
found=18446744073709551615int found -1
mode=None mode_.find=18446744073709551615 int find=-1
found=18446744073709551615int found -1
mode=None mode_.find=18446744073709551615 int find=-1
found=18446744073709551615int found -1
mode=None mode_.find=18446744073709551615 int find=-1
found=18446744073709551615int found -1
mode=None mode_.find=18446744073709551615 int find=-1
found=18446744073709551615int found -1
mode=None mode_.find=18446744073709551615 int find=-1
found=18446744073709551615int found -1
[CHAIN] At Entry: 1093709
[CHAIN] File: pnfs/fnal.gov/usr/cms/WAX/11/store/user/lpcsusyra1/zmeng/ICF/automated/2012_05_06_11_12_26/SusyCAF_Tree_23_1_mgA.root
[CHAIN] At Entry: 1109618
[CHAIN] File: pnfs/fnal.gov/usr/cms/WAX/11/store/user/lpcsusyra1/zmeng/ICF/automated/2012_05_06_11_12_26/SusyCAF_Tree_246_1_d7q.root
mode=None mode_.find=18446744073709551615 int find=-1
found=18446744073709551615int found -1
mode=None mode_.find=18446744073709551615 int find=-1
found=18446744073709551615int found -1
mode=None mode_.find=18446744073709551615 int find=-1
found=18446744073709551615int found -1
mode=None mode_.find=18446744073709551615 int find=-1
found=18446744073709551615int found -1
mode=None mode_.find=18446744073709551615 int find=-1
found=18446744073709551615int found -1
mode=None mode_.find=18446744073709551615 int find=-1
found=18446744073709551615int found -1
mode=None mode_.find=18446744073709551615 int find=-1
found=18446744073709551615int found -1
[CHAIN] At Entry: 1132355
[CHAIN] File: pnfs/fnal.gov/usr/cms/WAX/11/store/user/lpcsusyra1/zmeng/ICF/automated/2012_05_06_11_12_26/SusyCAF_Tree_247_1_sGx.root
mode=None mode_.find=18446744073709551615 int find=-1
found=18446744073709551615int found -1
mode=None mode_.find=18446744073709551615 int find=-1
found=18446744073709551615int found -1
mode=None mode_.find=18446744073709551615 int find=-1
found=18446744073709551615int found -1
mode=None mode_.find=18446744073709551615 int find=-1
found=18446744073709551615int found -1
mode=None mode_.find=18446744073709551615 int find=-1
found=18446744073709551615int found -1
mode=None mode_.find=18446744073709551615 int find=-1
found=18446744073709551615int found -1
mode=None mode_.find=18446744073709551615 int find=-1
found=18446744073709551615int found -1
mode=None mode_.find=18446744073709551615 int find=-1
found=18446744073709551615int found -1
mode=None mode_.find=18446744073709551615 int find=-1
found=18446744073709551615int found -1
mode=None mode_.find=18446744073709551615 int find=-1
found=18446744073709551615int found -1
mode=None mode_.find=18446744073709551615 int find=-1
found=18446744073709551615int found -1
[CHAIN] At Entry: 1154979
[CHAIN] File: pnfs/fnal.gov/usr/cms/WAX/11/store/user/lpcsusyra1/zmeng/ICF/automated/2012_05_06_11_12_26/SusyCAF_Tree_248_1_Iwc.root
mode=None mode_.find=18446744073709551615 int find=-1
found=18446744073709551615int found -1
mode=None mode_.find=18446744073709551615 int find=-1
found=18446744073709551615int found -1
mode=None mode_.find=18446744073709551615 int find=-1
found=18446744073709551615int found -1
mode=None mode_.find=18446744073709551615 int find=-1
found=18446744073709551615int found -1
mode=None mode_.find=18446744073709551615 int find=-1
found=18446744073709551615int found -1
mode=None mode_.find=18446744073709551615 int find=-1
found=18446744073709551615int found -1
mode=None mode_.find=18446744073709551615 int find=-1
found=18446744073709551615int found -1
[CHAIN] At Entry: 1179362
[CHAIN] File: pnfs/fnal.gov/usr/cms/WAX/11/store/user/lpcsusyra1/zmeng/ICF/automated/2012_05_06_11_12_26/SusyCAF_Tree_249_1_4Au.root
mode=None mode_.find=18446744073709551615 int find=-1
found=18446744073709551615int found -1
mode=None mode_.find=18446744073709551615 int find=-1
found=18446744073709551615int found -1
mode=None mode_.find=18446744073709551615 int find=-1
found=18446744073709551615int found -1
mode=None mode_.find=18446744073709551615 int find=-1
found=18446744073709551615int found -1
mode=None mode_.find=18446744073709551615 int find=-1
found=18446744073709551615int found -1
mode=None mode_.find=18446744073709551615 int find=-1
found=18446744073709551615int found -1
mode=None mode_.find=18446744073709551615 int find=-1
found=18446744073709551615int found -1
mode=None mode_.find=18446744073709551615 int find=-1
found=18446744073709551615int found -1
mode=None mode_.find=18446744073709551615 int find=-1
found=18446744073709551615int found -1
mode=None mode_.find=18446744073709551615 int find=-1
found=18446744073709551615int found -1
mode=None mode_.find=18446744073709551615 int find=-1
found=18446744073709551615int found -1
mode=None mode_.find=18446744073709551615 int find=-1
found=18446744073709551615int found -1
[CHAIN] At Entry: 1203368
[CHAIN] File: pnfs/fnal.gov/usr/cms/WAX/11/store/user/lpcsusyra1/zmeng/ICF/automated/2012_05_06_11_12_26/SusyCAF_Tree_24_1_cBt.root
mode=None mode_.find=18446744073709551615 int find=-1
found=18446744073709551615int found -1
mode=None mode_.find=18446744073709551615 int find=-1
found=18446744073709551615int found -1
[CHAIN] At Entry: 1208175
[CHAIN] File: pnfs/fnal.gov/usr/cms/WAX/11/store/user/lpcsusyra1/zmeng/ICF/automated/2012_05_06_11_12_26/SusyCAF_Tree_250_1_6Zp.root
mode=None mode_.find=18446744073709551615 int find=-1
found=18446744073709551615int found -1
mode=None mode_.find=18446744073709551615 int find=-1
found=18446744073709551615int found -1
mode=None mode_.find=18446744073709551615 int find=-1
found=18446744073709551615int found -1
mode=None mode_.find=18446744073709551615 int find=-1
found=18446744073709551615int found -1
mode=None mode_.find=18446744073709551615 int find=-1
found=18446744073709551615int found -1
mode=None mode_.find=18446744073709551615 int find=-1
found=18446744073709551615int found -1
mode=None mode_.find=18446744073709551615 int find=-1
found=18446744073709551615int found -1
mode=None mode_.find=18446744073709551615 int find=-1
found=18446744073709551615int found -1
[CHAIN] At Entry: 1232011
[CHAIN] File: pnfs/fnal.gov/usr/cms/WAX/11/store/user/lpcsusyra1/zmeng/ICF/automated/2012_05_06_11_12_26/SusyCAF_Tree_251_1_G7l.root
mode=None mode_.find=18446744073709551615 int find=-1
found=18446744073709551615int found -1
mode=None mode_.find=18446744073709551615 int find=-1
found=18446744073709551615int found -1
mode=None mode_.find=18446744073709551615 int find=-1
found=18446744073709551615int found -1
mode=None mode_.find=18446744073709551615 int find=-1
found=18446744073709551615int found -1
mode=None mode_.find=18446744073709551615 int find=-1
found=18446744073709551615int found -1
mode=None mode_.find=18446744073709551615 int find=-1
found=18446744073709551615int found -1
mode=None mode_.find=18446744073709551615 int find=-1
found=18446744073709551615int found -1
mode=None mode_.find=18446744073709551615 int find=-1
found=18446744073709551615int found -1
[CHAIN] At Entry: 1257502
[CHAIN] File: pnfs/fnal.gov/usr/cms/WAX/11/store/user/lpcsusyra1/zmeng/ICF/automated/2012_05_06_11_12_26/SusyCAF_Tree_252_1_4rA.root
mode=None mode_.find=18446744073709551615 int find=-1
found=18446744073709551615int found -1
mode=None mode_.find=18446744073709551615 int find=-1
found=18446744073709551615int found -1
mode=None mode_.find=18446744073709551615 int find=-1
found=18446744073709551615int found -1
mode=None mode_.find=18446744073709551615 int find=-1
found=18446744073709551615int found -1
mode=None mode_.find=18446744073709551615 int find=-1
found=18446744073709551615int found -1
mode=None mode_.find=18446744073709551615 int find=-1
found=18446744073709551615int found -1
mode=None mode_.find=18446744073709551615 int find=-1
found=18446744073709551615int found -1
mode=None mode_.find=18446744073709551615 int find=-1
found=18446744073709551615int found -1
mode=None mode_.find=18446744073709551615 int find=-1
found=18446744073709551615int found -1
mode=None mode_.find=18446744073709551615 int find=-1
found=18446744073709551615int found -1
mode=None mode_.find=18446744073709551615 int find=-1
found=18446744073709551615int found -1
mode=None mode_.find=18446744073709551615 int find=-1
found=18446744073709551615int found -1
mode=None mode_.find=18446744073709551615 int find=-1
found=18446744073709551615int found -1
[CHAIN] At Entry: 1283224
[CHAIN] File: pnfs/fnal.gov/usr/cms/WAX/11/store/user/lpcsusyra1/zmeng/ICF/automated/2012_05_06_11_12_26/SusyCAF_Tree_253_1_Gb8.root
mode=None mode_.find=18446744073709551615 int find=-1
found=18446744073709551615int found -1
mode=None mode_.find=18446744073709551615 int find=-1
found=18446744073709551615int found -1
mode=None mode_.find=18446744073709551615 int find=-1
found=18446744073709551615int found -1
mode=None mode_.find=18446744073709551615 int find=-1
found=18446744073709551615int found -1
mode=None mode_.find=18446744073709551615 int find=-1
found=18446744073709551615int found -1
mode=None mode_.find=18446744073709551615 int find=-1
found=18446744073709551615int found -1
mode=None mode_.find=18446744073709551615 int find=-1
found=18446744073709551615int found -1
mode=None mode_.find=18446744073709551615 int find=-1
found=18446744073709551615int found -1
[CHAIN] At Entry: 1309073
[CHAIN] File: pnfs/fnal.gov/usr/cms/WAX/11/store/user/lpcsusyra1/zmeng/ICF/automated/2012_05_06_11_12_26/SusyCAF_Tree_254_1_pn8.root
mode=None mode_.find=18446744073709551615 int find=-1
found=18446744073709551615int found -1
mode=None mode_.find=18446744073709551615 int find=-1
found=18446744073709551615int found -1
mode=None mode_.find=18446744073709551615 int find=-1
found=18446744073709551615int found -1
mode=None mode_.find=18446744073709551615 int find=-1
found=18446744073709551615int found -1
mode=None mode_.find=18446744073709551615 int find=-1
found=18446744073709551615int found -1
mode=None mode_.find=18446744073709551615 int find=-1
found=18446744073709551615int found -1
mode=None mode_.find=18446744073709551615 int find=-1
found=18446744073709551615int found -1
mode=None mode_.find=18446744073709551615 int find=-1
found=18446744073709551615int found -1
mode=None mode_.find=18446744073709551615 int find=-1
found=18446744073709551615int found -1
mode=None mode_.find=18446744073709551615 int find=-1
found=18446744073709551615int found -1
mode=None mode_.find=18446744073709551615 int find=-1
found=18446744073709551615int found -1
mode=None mode_.find=18446744073709551615 int find=-1
found=18446744073709551615int found -1
[CHAIN] At Entry: 1336116
[CHAIN] File: pnfs/fnal.gov/usr/cms/WAX/11/store/user/lpcsusyra1/zmeng/ICF/automated/2012_05_06_11_12_26/SusyCAF_Tree_255_1_Ltf.root
mode=None mode_.find=18446744073709551615 int find=-1
found=18446744073709551615int found -1
[CHAIN] At Entry: 1350159
[CHAIN] File: pnfs/fnal.gov/usr/cms/WAX/11/store/user/lpcsusyra1/zmeng/ICF/automated/2012_05_06_11_12_26/SusyCAF_Tree_256_1_IEV.root
mode=None mode_.find=18446744073709551615 int find=-1
found=18446744073709551615int found -1
mode=None mode_.find=18446744073709551615 int find=-1
found=18446744073709551615int found -1
mode=None mode_.find=18446744073709551615 int find=-1
found=18446744073709551615int found -1
mode=None mode_.find=18446744073709551615 int find=-1
found=18446744073709551615int found -1
[CHAIN] At Entry: 1364177
[CHAIN] File: pnfs/fnal.gov/usr/cms/WAX/11/store/user/lpcsusyra1/zmeng/ICF/automated/2012_05_06_11_12_26/SusyCAF_Tree_258_1_YmI.root
mode=None mode_.find=18446744073709551615 int find=-1
found=18446744073709551615int found -1
mode=None mode_.find=18446744073709551615 int find=-1
found=18446744073709551615int found -1
mode=None mode_.find=18446744073709551615 int find=-1
found=18446744073709551615int found -1
mode=None mode_.find=18446744073709551615 int find=-1
found=18446744073709551615int found -1
mode=None mode_.find=18446744073709551615 int find=-1
found=18446744073709551615int found -1
mode=None mode_.find=18446744073709551615 int find=-1
found=18446744073709551615int found -1
[CHAIN] At Entry: 1378566
[CHAIN] File: pnfs/fnal.gov/usr/cms/WAX/11/store/user/lpcsusyra1/zmeng/ICF/automated/2012_05_06_11_12_26/SusyCAF_Tree_259_1_p3Q.root
mode=None mode_.find=18446744073709551615 int find=-1
found=18446744073709551615int found -1
mode=None mode_.find=18446744073709551615 int find=-1
found=18446744073709551615int found -1
mode=None mode_.find=18446744073709551615 int find=-1
found=18446744073709551615int found -1
mode=None mode_.find=18446744073709551615 int find=-1
found=18446744073709551615int found -1
mode=None mode_.find=18446744073709551615 int find=-1
found=18446744073709551615int found -1
mode=None mode_.find=18446744073709551615 int find=-1
found=18446744073709551615int found -1
mode=None mode_.find=18446744073709551615 int find=-1
found=18446744073709551615int found -1
[CHAIN] At Entry: 1393146
[CHAIN] File: pnfs/fnal.gov/usr/cms/WAX/11/store/user/lpcsusyra1/zmeng/ICF/automated/2012_05_06_11_12_26/SusyCAF_Tree_25_1_Ltj.root
[CHAIN] At Entry: 1403788
[CHAIN] File: pnfs/fnal.gov/usr/cms/WAX/11/store/user/lpcsusyra1/zmeng/ICF/automated/2012_05_06_11_12_26/SusyCAF_Tree_260_1_xpK.root
mode=None mode_.find=18446744073709551615 int find=-1
found=18446744073709551615int found -1
mode=None mode_.find=18446744073709551615 int find=-1
found=18446744073709551615int found -1
mode=None mode_.find=18446744073709551615 int find=-1
found=18446744073709551615int found -1
mode=None mode_.find=18446744073709551615 int find=-1
found=18446744073709551615int found -1
mode=None mode_.find=18446744073709551615 int find=-1
found=18446744073709551615int found -1
mode=None mode_.find=18446744073709551615 int find=-1
found=18446744073709551615int found -1
[CHAIN] At Entry: 1427932
[CHAIN] File: pnfs/fnal.gov/usr/cms/WAX/11/store/user/lpcsusyra1/zmeng/ICF/automated/2012_05_06_11_12_26/SusyCAF_Tree_261_1_jPh.root
mode=None mode_.find=18446744073709551615 int find=-1
found=18446744073709551615int found -1
mode=None mode_.find=18446744073709551615 int find=-1
found=18446744073709551615int found -1
mode=None mode_.find=18446744073709551615 int find=-1
found=18446744073709551615int found -1
mode=None mode_.find=18446744073709551615 int find=-1
found=18446744073709551615int found -1
mode=None mode_.find=18446744073709551615 int find=-1
found=18446744073709551615int found -1
mode=None mode_.find=18446744073709551615 int find=-1
found=18446744073709551615int found -1
mode=None mode_.find=18446744073709551615 int find=-1
found=18446744073709551615int found -1
mode=None mode_.find=18446744073709551615 int find=-1
found=18446744073709551615int found -1
mode=None mode_.find=18446744073709551615 int find=-1
found=18446744073709551615int found -1
mode=None mode_.find=18446744073709551615 int find=-1
found=18446744073709551615int found -1
mode=None mode_.find=18446744073709551615 int find=-1
found=18446744073709551615int found -1
[CHAIN] At Entry: 1456597
[CHAIN] File: pnfs/fnal.gov/usr/cms/WAX/11/store/user/lpcsusyra1/zmeng/ICF/automated/2012_05_06_11_12_26/SusyCAF_Tree_262_1_8rv.root
mode=None mode_.find=18446744073709551615 int find=-1
found=18446744073709551615int found -1
mode=None mode_.find=18446744073709551615 int find=-1
found=18446744073709551615int found -1
mode=None mode_.find=18446744073709551615 int find=-1
found=18446744073709551615int found -1
mode=None mode_.find=18446744073709551615 int find=-1
found=18446744073709551615int found -1
mode=None mode_.find=18446744073709551615 int find=-1
found=18446744073709551615int found -1
mode=None mode_.find=18446744073709551615 int find=-1
found=18446744073709551615int found -1
mode=None mode_.find=18446744073709551615 int find=-1
found=18446744073709551615int found -1
mode=None mode_.find=18446744073709551615 int find=-1
found=18446744073709551615int found -1
mode=None mode_.find=18446744073709551615 int find=-1
found=18446744073709551615int found -1
mode=None mode_.find=18446744073709551615 int find=-1
found=18446744073709551615int found -1
mode=None mode_.find=18446744073709551615 int find=-1
found=18446744073709551615int found -1
[CHAIN] At Entry: 1486068
[CHAIN] File: pnfs/fnal.gov/usr/cms/WAX/11/store/user/lpcsusyra1/zmeng/ICF/automated/2012_05_06_11_12_26/SusyCAF_Tree_263_1_g2l.root
mode=None mode_.find=18446744073709551615 int find=-1
found=18446744073709551615int found -1
mode=None mode_.find=18446744073709551615 int find=-1
found=18446744073709551615int found -1
mode=None mode_.find=18446744073709551615 int find=-1
found=18446744073709551615int found -1
mode=None mode_.find=18446744073709551615 int find=-1
found=18446744073709551615int found -1
mode=None mode_.find=18446744073709551615 int find=-1
found=18446744073709551615int found -1
mode=None mode_.find=18446744073709551615 int find=-1
found=18446744073709551615int found -1
mode=None mode_.find=18446744073709551615 int find=-1
found=18446744073709551615int found -1
mode=None mode_.find=18446744073709551615 int find=-1
found=18446744073709551615int found -1
mode=None mode_.find=18446744073709551615 int find=-1
found=18446744073709551615int found -1
mode=None mode_.find=18446744073709551615 int find=-1
found=18446744073709551615int found -1
mode=None mode_.find=18446744073709551615 int find=-1
found=18446744073709551615int found -1
mode=None mode_.find=18446744073709551615 int find=-1
found=18446744073709551615int found -1
mode=None mode_.find=18446744073709551615 int find=-1
found=18446744073709551615int found -1
[CHAIN] At Entry: 1516528
[CHAIN] File: pnfs/fnal.gov/usr/cms/WAX/11/store/user/lpcsusyra1/zmeng/ICF/automated/2012_05_06_11_12_26/SusyCAF_Tree_264_1_LoL.root
mode=None mode_.find=18446744073709551615 int find=-1
found=18446744073709551615int found -1
mode=None mode_.find=18446744073709551615 int find=-1
found=18446744073709551615int found -1
mode=None mode_.find=18446744073709551615 int find=-1
found=18446744073709551615int found -1
mode=None mode_.find=18446744073709551615 int find=-1
found=18446744073709551615int found -1
mode=None mode_.find=18446744073709551615 int find=-1
found=18446744073709551615int found -1
mode=None mode_.find=18446744073709551615 int find=-1
found=18446744073709551615int found -1
mode=None mode_.find=18446744073709551615 int find=-1
found=18446744073709551615int found -1
[CHAIN] At Entry: 1547958
[CHAIN] File: pnfs/fnal.gov/usr/cms/WAX/11/store/user/lpcsusyra1/zmeng/ICF/automated/2012_05_06_11_12_26/SusyCAF_Tree_265_1_OYk.root
mode=None mode_.find=18446744073709551615 int find=-1
found=18446744073709551615int found -1
mode=None mode_.find=18446744073709551615 int find=-1
found=18446744073709551615int found -1
mode=None mode_.find=18446744073709551615 int find=-1
found=18446744073709551615int found -1
mode=None mode_.find=18446744073709551615 int find=-1
found=18446744073709551615int found -1
mode=None mode_.find=18446744073709551615 int find=-1
found=18446744073709551615int found -1
mode=None mode_.find=18446744073709551615 int find=-1
found=18446744073709551615int found -1
mode=None mode_.find=18446744073709551615 int find=-1
found=18446744073709551615int found -1
mode=None mode_.find=18446744073709551615 int find=-1
found=18446744073709551615int found -1
mode=None mode_.find=18446744073709551615 int find=-1
found=18446744073709551615int found -1
mode=None mode_.find=18446744073709551615 int find=-1
found=18446744073709551615int found -1
mode=None mode_.find=18446744073709551615 int find=-1
found=18446744073709551615int found -1
mode=None mode_.find=18446744073709551615 int find=-1
found=18446744073709551615int found -1
mode=None mode_.find=18446744073709551615 int find=-1
found=18446744073709551615int found -1
mode=None mode_.find=18446744073709551615 int find=-1
found=18446744073709551615int found -1
mode=None mode_.find=18446744073709551615 int find=-1
found=18446744073709551615int found -1
[CHAIN] At Entry: 1579422
[CHAIN] File: pnfs/fnal.gov/usr/cms/WAX/11/store/user/lpcsusyra1/zmeng/ICF/automated/2012_05_06_11_12_26/SusyCAF_Tree_266_1_RyO.root
mode=None mode_.find=18446744073709551615 int find=-1
found=18446744073709551615int found -1
mode=None mode_.find=18446744073709551615 int find=-1
found=18446744073709551615int found -1
mode=None mode_.find=18446744073709551615 int find=-1
found=18446744073709551615int found -1
mode=None mode_.find=18446744073709551615 int find=-1
found=18446744073709551615int found -1
mode=None mode_.find=18446744073709551615 int find=-1
found=18446744073709551615int found -1
mode=None mode_.find=18446744073709551615 int find=-1
found=18446744073709551615int found -1
mode=None mode_.find=18446744073709551615 int find=-1
found=18446744073709551615int found -1
mode=None mode_.find=18446744073709551615 int find=-1
found=18446744073709551615int found -1
[CHAIN] At Entry: 1602660
[CHAIN] File: pnfs/fnal.gov/usr/cms/WAX/11/store/user/lpcsusyra1/zmeng/ICF/automated/2012_05_06_11_12_26/SusyCAF_Tree_267_1_L0I.root
mode=None mode_.find=18446744073709551615 int find=-1
found=18446744073709551615int found -1
mode=None mode_.find=18446744073709551615 int find=-1
found=18446744073709551615int found -1
mode=None mode_.find=18446744073709551615 int find=-1
found=18446744073709551615int found -1
mode=None mode_.find=18446744073709551615 int find=-1
found=18446744073709551615int found -1
mode=None mode_.find=18446744073709551615 int find=-1
found=18446744073709551615int found -1
mode=None mode_.find=18446744073709551615 int find=-1
found=18446744073709551615int found -1
mode=None mode_.find=18446744073709551615 int find=-1
found=18446744073709551615int found -1
mode=None mode_.find=18446744073709551615 int find=-1
found=18446744073709551615int found -1
mode=None mode_.find=18446744073709551615 int find=-1
found=18446744073709551615int found -1
mode=None mode_.find=18446744073709551615 int find=-1
found=18446744073709551615int found -1
mode=None mode_.find=18446744073709551615 int find=-1
found=18446744073709551615int found -1
mode=None mode_.find=18446744073709551615 int find=-1
found=18446744073709551615int found -1
[CHAIN] At Entry: 1626774
[CHAIN] File: pnfs/fnal.gov/usr/cms/WAX/11/store/user/lpcsusyra1/zmeng/ICF/automated/2012_05_06_11_12_26/SusyCAF_Tree_268_1_LYi.root
mode=None mode_.find=18446744073709551615 int find=-1
found=18446744073709551615int found -1
mode=None mode_.find=18446744073709551615 int find=-1
found=18446744073709551615int found -1
mode=None mode_.find=18446744073709551615 int find=-1
found=18446744073709551615int found -1
mode=None mode_.find=18446744073709551615 int find=-1
found=18446744073709551615int found -1
mode=None mode_.find=18446744073709551615 int find=-1
found=18446744073709551615int found -1
mode=None mode_.find=18446744073709551615 int find=-1
found=18446744073709551615int found -1
mode=None mode_.find=18446744073709551615 int find=-1
found=18446744073709551615int found -1
mode=None mode_.find=18446744073709551615 int find=-1
found=18446744073709551615int found -1
mode=None mode_.find=18446744073709551615 int find=-1
found=18446744073709551615int found -1
mode=None mode_.find=18446744073709551615 int find=-1
found=18446744073709551615int found -1
mode=None mode_.find=18446744073709551615 int find=-1
found=18446744073709551615int found -1
mode=None mode_.find=18446744073709551615 int find=-1
found=18446744073709551615int found -1
[CHAIN] At Entry: 1652729
[CHAIN] File: pnfs/fnal.gov/usr/cms/WAX/11/store/user/lpcsusyra1/zmeng/ICF/automated/2012_05_06_11_12_26/SusyCAF_Tree_269_1_NIQ.root
mode=None mode_.find=18446744073709551615 int find=-1
found=18446744073709551615int found -1
mode=None mode_.find=18446744073709551615 int find=-1
found=18446744073709551615int found -1
mode=None mode_.find=18446744073709551615 int find=-1
found=18446744073709551615int found -1
mode=None mode_.find=18446744073709551615 int find=-1
found=18446744073709551615int found -1
mode=None mode_.find=18446744073709551615 int find=-1
found=18446744073709551615int found -1
mode=None mode_.find=18446744073709551615 int find=-1
found=18446744073709551615int found -1
mode=None mode_.find=18446744073709551615 int find=-1
found=18446744073709551615int found -1
mode=None mode_.find=18446744073709551615 int find=-1
found=18446744073709551615int found -1
mode=None mode_.find=18446744073709551615 int find=-1
found=18446744073709551615int found -1
mode=None mode_.find=18446744073709551615 int find=-1
found=18446744073709551615int found -1
mode=None mode_.find=18446744073709551615 int find=-1
found=18446744073709551615int found -1
mode=None mode_.find=18446744073709551615 int find=-1
found=18446744073709551615int found -1
mode=None mode_.find=18446744073709551615 int find=-1
found=18446744073709551615int found -1
mode=None mode_.find=18446744073709551615 int find=-1
found=18446744073709551615int found -1
[CHAIN] At Entry: 1680006
[CHAIN] File: pnfs/fnal.gov/usr/cms/WAX/11/store/user/lpcsusyra1/zmeng/ICF/automated/2012_05_06_11_12_26/SusyCAF_Tree_26_1_qfE.root
mode=None mode_.find=18446744073709551615 int find=-1
found=18446744073709551615int found -1
mode=None mode_.find=18446744073709551615 int find=-1
found=18446744073709551615int found -1
mode=None mode_.find=18446744073709551615 int find=-1
found=18446744073709551615int found -1
mode=None mode_.find=18446744073709551615 int find=-1
found=18446744073709551615int found -1
mode=None mode_.find=18446744073709551615 int find=-1
found=18446744073709551615int found -1
mode=None mode_.find=18446744073709551615 int find=-1
found=18446744073709551615int found -1
[CHAIN] At Entry: 1698203
[CHAIN] File: pnfs/fnal.gov/usr/cms/WAX/11/store/user/lpcsusyra1/zmeng/ICF/automated/2012_05_06_11_12_26/SusyCAF_Tree_270_1_baW.root
mode=None mode_.find=18446744073709551615 int find=-1
found=18446744073709551615int found -1
mode=None mode_.find=18446744073709551615 int find=-1
found=18446744073709551615int found -1
[CHAIN] At Entry: 1712910
[CHAIN] File: pnfs/fnal.gov/usr/cms/WAX/11/store/user/lpcsusyra1/zmeng/ICF/automated/2012_05_06_11_12_26/SusyCAF_Tree_274_1_Ccs.root
mode=None mode_.find=18446744073709551615 int find=-1
found=18446744073709551615int found -1
mode=None mode_.find=18446744073709551615 int find=-1
found=18446744073709551615int found -1
mode=None mode_.find=18446744073709551615 int find=-1
found=18446744073709551615int found -1
mode=None mode_.find=18446744073709551615 int find=-1
found=18446744073709551615int found -1
mode=None mode_.find=18446744073709551615 int find=-1
found=18446744073709551615int found -1
mode=None mode_.find=18446744073709551615 int find=-1
found=18446744073709551615int found -1
mode=None mode_.find=18446744073709551615 int find=-1
found=18446744073709551615int found -1
mode=None mode_.find=18446744073709551615 int find=-1
found=18446744073709551615int found -1
mode=None mode_.find=18446744073709551615 int find=-1
found=18446744073709551615int found -1
[CHAIN] At Entry: 1734729
[CHAIN] File: pnfs/fnal.gov/usr/cms/WAX/11/store/user/lpcsusyra1/zmeng/ICF/automated/2012_05_06_11_12_26/SusyCAF_Tree_275_1_9O5.root
mode=None mode_.find=18446744073709551615 int find=-1
found=18446744073709551615int found -1
mode=None mode_.find=18446744073709551615 int find=-1
found=18446744073709551615int found -1
mode=None mode_.find=18446744073709551615 int find=-1
found=18446744073709551615int found -1
mode=None mode_.find=18446744073709551615 int find=-1
found=18446744073709551615int found -1
mode=None mode_.find=18446744073709551615 int find=-1
found=18446744073709551615int found -1
mode=None mode_.find=18446744073709551615 int find=-1
found=18446744073709551615int found -1
mode=None mode_.find=18446744073709551615 int find=-1
found=18446744073709551615int found -1
mode=None mode_.find=18446744073709551615 int find=-1
found=18446744073709551615int found -1
mode=None mode_.find=18446744073709551615 int find=-1
found=18446744073709551615int found -1
mode=None mode_.find=18446744073709551615 int find=-1
found=18446744073709551615int found -1
mode=None mode_.find=18446744073709551615 int find=-1
found=18446744073709551615int found -1
mode=None mode_.find=18446744073709551615 int find=-1
found=18446744073709551615int found -1
mode=None mode_.find=18446744073709551615 int find=-1
found=18446744073709551615int found -1
[CHAIN] At Entry: 1770903
[CHAIN] File: pnfs/fnal.gov/usr/cms/WAX/11/store/user/lpcsusyra1/zmeng/ICF/automated/2012_05_06_11_12_26/SusyCAF_Tree_27_1_79i.root
mode=None mode_.find=18446744073709551615 int find=-1
found=18446744073709551615int found -1
mode=None mode_.find=18446744073709551615 int find=-1
found=18446744073709551615int found -1
mode=None mode_.find=18446744073709551615 int find=-1
found=18446744073709551615int found -1
mode=None mode_.find=18446744073709551615 int find=-1
found=18446744073709551615int found -1
[CHAIN] At Entry: 1781757
[CHAIN] File: pnfs/fnal.gov/usr/cms/WAX/11/store/user/lpcsusyra1/zmeng/ICF/automated/2012_05_06_11_12_26/SusyCAF_Tree_28_1_y4c.root
mode=None mode_.find=18446744073709551615 int find=-1
found=18446744073709551615int found -1
mode=None mode_.find=18446744073709551615 int find=-1
found=18446744073709551615int found -1
mode=None mode_.find=18446744073709551615 int find=-1
found=18446744073709551615int found -1
mode=None mode_.find=18446744073709551615 int find=-1
found=18446744073709551615int found -1
mode=None mode_.find=18446744073709551615 int find=-1
found=18446744073709551615int found -1
---------------------------------------------------------------
Dataset info recorded in: ../results_07_May//DataMuHad2012A_PUS0HigHTBinsHadSele_524p1//AK5Calo_MuHad_Run2012A_PromptReco_v1_V17_pre3_taus_0_jetCorrections_L1FastJet_L2Relative_L3Absolute_L2L3Residual_jetCollections_ak5calo_ak5pf_zmengJob84_1.log
Total events processed by all operations: 1.79434e+06
---------------------------------------------------------------
[Manager::~Manager] Analysis has taken 706 seconds to process 1794341 events at an average rate of 2541 events/second
