
================================
 Setting up your environment...
================================
-------------------------------------
ROOTSYS is  /uscmst1/prod/sw/cms/slc5_amd64_gcc434/lcg/root/5.30.02-cms/
=====================================
LD_LIBRARY_PATH is: /uscmst1/prod/sw/cms/slc5_amd64_gcc434/lcg/root/5.30.02-cms//lib:/uscmst1/prod/sw/cms/slc5_amd64_gcc434/external/libjpg/8b/lib:/uscmst1/prod/sw/cms/slc5_amd64_gcc434/external/python/2.6.4-cms14/lib:/uscmst1/prod/sw/cms/slc5_amd64_gcc434/external/boost/1.44.0-cms3/lib:/opt/gLite/d-cache/dcap/lib64:/opt/gLite/d-cache/dcap/lib:/opt/gLite/globus/lib:/opt/gLite/globus/lib:/opt/gLite/lcg/lib:/uscmst1/prod/sw/cms/slc5_amd64_gcc434/external/gcc/4.3.4/lib64:/uscmst1/prod/sw/cms/slc5_amd64_gcc434/external/xrootd/5.28.00d/lib:/uscms_data/d3/zmeng/SUSYv2/lib
PYTHONPATH is: /uscmst1/prod/sw/cms/slc5_amd64_gcc434/lcg/root/5.30.02-cms//lib:/uscms_data/d3/zmeng/SUSYv2/lib
=====================================
Set-up complete.
=====================================

in ParaControl
100.0 [<icf.core.PSet object at 0x1b67f410>] None None
MuHad_Run2012A_PromptReco_v1_V17_pre3_taus_0_jetCorrections_L1FastJet_L2Relative_L3Absolute_L2L3Residual_jetCollections_ak5calo_ak5pf_zmengJob84
in MuonNoSmear
100.0 [<icf.core.PSet object at 0x1b67f410>] None None Data 50.0 PUS0 MuHad2012A HigHTBinsHadSele Data True FNAL
MuHad_Run2012A_PromptReco_v1_V17_pre3_taus_0_jetCorrections_L1FastJet_L2Relative_L3Absolute_L2L3Residual_jetCollections_ak5calo_ak5pf_zmengJob84
in MakeMCTree
100.0
375_475
475_575
575_675
675_775
775_875
875
test
mode1=None
in MakeDataTree
100.0
375_475
475_575
575_675
675_775
775_875
875
100.0 [<icf.core.PSet object at 0x1b67f410>] None None Data 50.0 PUS0 MuHad2012A HigHTBinsHadSele Data True FNAL
in MuonNoSmear
100.0 [<icf.core.PSet object at 0x1b67f410>] None None Data 50.0 PUS0 MuHad2012A HigHTBinsHadSele Data True FNAL
MuHad_Run2012A_PromptReco_v1_V17_pre3_taus_0_jetCorrections_L1FastJet_L2Relative_L3Absolute_L2L3Residual_jetCollections_ak5calo_ak5pf_zmengJob84
Photons.UseID = True
Taus.MuonClean = False
Photons.EtaEEMaxCut = 2.5
Photons.HcalIsoCut = 2.0
Photons.HcalIsoRel = 0.0
Taus.JetClean = False
Muons.PtCut = 10.0
Photons.HadOverEmCut = 0.05
Taus.ApplyID = True
Taus.EtaCut = 2.5
Photons.SigIhIhEBCut = 0.015
Electrons.ApplyID = True
Electrons.PtCut = 10.0
Jets.PtCut = 50.0
Electrons.CombIsoCut = 0.15
Muons.CombIsoCut = 0.15
Photons.TrackIsoRel = 0.0
Muons.TrkIsoCut = -1.0
Jets.TightID = False
Photons.RequireLooseForOdd = True
Photons.IDReq = 3
Photons.EcalIsoRel = 0.0
ApplyXCleaning = True
Electrons.TrkIsoCut = -1.0
Photons.SigIhIhEECut = 0.035
Taus.ElecClean = False
Electrons.RequireLooseForOdd = True
Jets.ApplyID = True
Jets.EtaCut = 3.0
Muons.TightID = True
Muons.EtaCut = 2.5
AlphaT.CalcWithEt = True
Taus.PtCut = 20.0
Electrons.TightID = False
Electrons.EtaCut = 2.5
Photons.EtaEBMaxCut = 1.479
Photons.EtCut = 25.0
Muons.ApplyID = True
Photons.EcalIsoCut = 4.0
Photons.R9Cut = 0.0
Photons.TrackIsoCut = 2.0
Photons.EtaEEMinCut = 1.525
Taus.TightID = False
Muons.RequireLooseForOdd = True
Building ROOT dictionaries. Please wait...
Initialising Analysis: AK5Calo
PUS0
It's Data
Batch running mode
['dcap://cmsdca.fnal.gov:24137/pnfs/fnal.gov/usr/cms/WAX/11/store/user/lpcsusyra1/zmeng//ICF/automated/2012_05_06_11_12_26//SusyCAF_Tree_292_1_Ssh.root', 'dcap://cmsdca.fnal.gov:24137/pnfs/fnal.gov/usr/cms/WAX/11/store/user/lpcsusyra1/zmeng//ICF/automated/2012_05_06_11_12_26//SusyCAF_Tree_294_1_k9T.root', 'dcap://cmsdca.fnal.gov:24137/pnfs/fnal.gov/usr/cms/WAX/11/store/user/lpcsusyra1/zmeng//ICF/automated/2012_05_06_11_12_26//SusyCAF_Tree_295_1_T7C.root', 'dcap://cmsdca.fnal.gov:24137/pnfs/fnal.gov/usr/cms/WAX/11/store/user/lpcsusyra1/zmeng//ICF/automated/2012_05_06_11_12_26//SusyCAF_Tree_296_1_zdt.root', 'dcap://cmsdca.fnal.gov:24137/pnfs/fnal.gov/usr/cms/WAX/11/store/user/lpcsusyra1/zmeng//ICF/automated/2012_05_06_11_12_26//SusyCAF_Tree_297_1_Ce9.root', 'dcap://cmsdca.fnal.gov:24137/pnfs/fnal.gov/usr/cms/WAX/11/store/user/lpcsusyra1/zmeng//ICF/automated/2012_05_06_11_12_26//SusyCAF_Tree_298_1_LZ2.root', 'dcap://cmsdca.fnal.gov:24137/pnfs/fnal.gov/usr/cms/WAX/11/store/user/lpcsusyra1/zmeng//ICF/automated/2012_05_06_11_12_26//SusyCAF_Tree_299_1_hQm.root', 'dcap://cmsdca.fnal.gov:24137/pnfs/fnal.gov/usr/cms/WAX/11/store/user/lpcsusyra1/zmeng//ICF/automated/2012_05_06_11_12_26//SusyCAF_Tree_29_1_Hi1.root', 'dcap://cmsdca.fnal.gov:24137/pnfs/fnal.gov/usr/cms/WAX/11/store/user/lpcsusyra1/zmeng//ICF/automated/2012_05_06_11_12_26//SusyCAF_Tree_300_1_fCN.root', 'dcap://cmsdca.fnal.gov:24137/pnfs/fnal.gov/usr/cms/WAX/11/store/user/lpcsusyra1/zmeng//ICF/automated/2012_05_06_11_12_26//SusyCAF_Tree_301_1_R4T.root', 'dcap://cmsdca.fnal.gov:24137/pnfs/fnal.gov/usr/cms/WAX/11/store/user/lpcsusyra1/zmeng//ICF/automated/2012_05_06_11_12_26//SusyCAF_Tree_302_1_Hy0.root', 'dcap://cmsdca.fnal.gov:24137/pnfs/fnal.gov/usr/cms/WAX/11/store/user/lpcsusyra1/zmeng//ICF/automated/2012_05_06_11_12_26//SusyCAF_Tree_303_1_pyg.root', 'dcap://cmsdca.fnal.gov:24137/pnfs/fnal.gov/usr/cms/WAX/11/store/user/lpcsusyra1/zmeng//ICF/automated/2012_05_06_11_12_26//SusyCAF_Tree_304_1_eQK.root', 'dcap://cmsdca.fnal.gov:24137/pnfs/fnal.gov/usr/cms/WAX/11/store/user/lpcsusyra1/zmeng//ICF/automated/2012_05_06_11_12_26//SusyCAF_Tree_305_1_I2g.root', 'dcap://cmsdca.fnal.gov:24137/pnfs/fnal.gov/usr/cms/WAX/11/store/user/lpcsusyra1/zmeng//ICF/automated/2012_05_06_11_12_26//SusyCAF_Tree_306_1_yCb.root', 'dcap://cmsdca.fnal.gov:24137/pnfs/fnal.gov/usr/cms/WAX/11/store/user/lpcsusyra1/zmeng//ICF/automated/2012_05_06_11_12_26//SusyCAF_Tree_307_1_nWR.root', 'dcap://cmsdca.fnal.gov:24137/pnfs/fnal.gov/usr/cms/WAX/11/store/user/lpcsusyra1/zmeng//ICF/automated/2012_05_06_11_12_26//SusyCAF_Tree_308_1_dOB.root', 'dcap://cmsdca.fnal.gov:24137/pnfs/fnal.gov/usr/cms/WAX/11/store/user/lpcsusyra1/zmeng//ICF/automated/2012_05_06_11_12_26//SusyCAF_Tree_309_1_jOU.root', 'dcap://cmsdca.fnal.gov:24137/pnfs/fnal.gov/usr/cms/WAX/11/store/user/lpcsusyra1/zmeng//ICF/automated/2012_05_06_11_12_26//SusyCAF_Tree_30_1_I5R.root', 'dcap://cmsdca.fnal.gov:24137/pnfs/fnal.gov/usr/cms/WAX/11/store/user/lpcsusyra1/zmeng//ICF/automated/2012_05_06_11_12_26//SusyCAF_Tree_310_1_tXX.root', 'dcap://cmsdca.fnal.gov:24137/pnfs/fnal.gov/usr/cms/WAX/11/store/user/lpcsusyra1/zmeng//ICF/automated/2012_05_06_11_12_26//SusyCAF_Tree_315_1_bU8.root', 'dcap://cmsdca.fnal.gov:24137/pnfs/fnal.gov/usr/cms/WAX/11/store/user/lpcsusyra1/zmeng//ICF/automated/2012_05_06_11_12_26//SusyCAF_Tree_319_1_mzs.root', 'dcap://cmsdca.fnal.gov:24137/pnfs/fnal.gov/usr/cms/WAX/11/store/user/lpcsusyra1/zmeng//ICF/automated/2012_05_06_11_12_26//SusyCAF_Tree_31_1_0Fr.root', 'dcap://cmsdca.fnal.gov:24137/pnfs/fnal.gov/usr/cms/WAX/11/store/user/lpcsusyra1/zmeng//ICF/automated/2012_05_06_11_12_26//SusyCAF_Tree_327_1_cVy.root', 'dcap://cmsdca.fnal.gov:24137/pnfs/fnal.gov/usr/cms/WAX/11/store/user/lpcsusyra1/zmeng//ICF/automated/2012_05_06_11_12_26//SusyCAF_Tree_328_1_4c2.root', 'dcap://cmsdca.fnal.gov:24137/pnfs/fnal.gov/usr/cms/WAX/11/store/user/lpcsusyra1/zmeng//ICF/automated/2012_05_06_11_12_26//SusyCAF_Tree_329_1_pgH.root', 'dcap://cmsdca.fnal.gov:24137/pnfs/fnal.gov/usr/cms/WAX/11/store/user/lpcsusyra1/zmeng//ICF/automated/2012_05_06_11_12_26//SusyCAF_Tree_330_1_U0D.root', 'dcap://cmsdca.fnal.gov:24137/pnfs/fnal.gov/usr/cms/WAX/11/store/user/lpcsusyra1/zmeng//ICF/automated/2012_05_06_11_12_26//SusyCAF_Tree_331_1_oVB.root', 'dcap://cmsdca.fnal.gov:24137/pnfs/fnal.gov/usr/cms/WAX/11/store/user/lpcsusyra1/zmeng//ICF/automated/2012_05_06_11_12_26//SusyCAF_Tree_332_1_w3p.root', 'dcap://cmsdca.fnal.gov:24137/pnfs/fnal.gov/usr/cms/WAX/11/store/user/lpcsusyra1/zmeng//ICF/automated/2012_05_06_11_12_26//SusyCAF_Tree_333_1_7VL.root', 'dcap://cmsdca.fnal.gov:24137/pnfs/fnal.gov/usr/cms/WAX/11/store/user/lpcsusyra1/zmeng//ICF/automated/2012_05_06_11_12_26//SusyCAF_Tree_334_1_4JG.root', 'dcap://cmsdca.fnal.gov:24137/pnfs/fnal.gov/usr/cms/WAX/11/store/user/lpcsusyra1/zmeng//ICF/automated/2012_05_06_11_12_26//SusyCAF_Tree_3_1_Buk.root', 'dcap://cmsdca.fnal.gov:24137/pnfs/fnal.gov/usr/cms/WAX/11/store/user/lpcsusyra1/zmeng//ICF/automated/2012_05_06_11_12_26//SusyCAF_Tree_41_1_3EV.root', 'dcap://cmsdca.fnal.gov:24137/pnfs/fnal.gov/usr/cms/WAX/11/store/user/lpcsusyra1/zmeng//ICF/automated/2012_05_06_11_12_26//SusyCAF_Tree_44_1_wJ8.root', 'dcap://cmsdca.fnal.gov:24137/pnfs/fnal.gov/usr/cms/WAX/11/store/user/lpcsusyra1/zmeng//ICF/automated/2012_05_06_11_12_26//SusyCAF_Tree_45_1_dnf.root', 'dcap://cmsdca.fnal.gov:24137/pnfs/fnal.gov/usr/cms/WAX/11/store/user/lpcsusyra1/zmeng//ICF/automated/2012_05_06_11_12_26//SusyCAF_Tree_47_1_6So.root', 'dcap://cmsdca.fnal.gov:24137/pnfs/fnal.gov/usr/cms/WAX/11/store/user/lpcsusyra1/zmeng//ICF/automated/2012_05_06_11_12_26//SusyCAF_Tree_48_1_aTM.root', 'dcap://cmsdca.fnal.gov:24137/pnfs/fnal.gov/usr/cms/WAX/11/store/user/lpcsusyra1/zmeng//ICF/automated/2012_05_06_11_12_26//SusyCAF_Tree_4_1_eFl.root', 'dcap://cmsdca.fnal.gov:24137/pnfs/fnal.gov/usr/cms/WAX/11/store/user/lpcsusyra1/zmeng//ICF/automated/2012_05_06_11_12_26//SusyCAF_Tree_52_1_LOj.root', 'dcap://cmsdca.fnal.gov:24137/pnfs/fnal.gov/usr/cms/WAX/11/store/user/lpcsusyra1/zmeng//ICF/automated/2012_05_06_11_12_26//SusyCAF_Tree_53_1_JIC.root', 'dcap://cmsdca.fnal.gov:24137/pnfs/fnal.gov/usr/cms/WAX/11/store/user/lpcsusyra1/zmeng//ICF/automated/2012_05_06_11_12_26//SusyCAF_Tree_54_1_KkB.root', 'dcap://cmsdca.fnal.gov:24137/pnfs/fnal.gov/usr/cms/WAX/11/store/user/lpcsusyra1/zmeng//ICF/automated/2012_05_06_11_12_26//SusyCAF_Tree_57_1_TdE.root', 'dcap://cmsdca.fnal.gov:24137/pnfs/fnal.gov/usr/cms/WAX/11/store/user/lpcsusyra1/zmeng//ICF/automated/2012_05_06_11_12_26//SusyCAF_Tree_58_1_fny.root', 'dcap://cmsdca.fnal.gov:24137/pnfs/fnal.gov/usr/cms/WAX/11/store/user/lpcsusyra1/zmeng//ICF/automated/2012_05_06_11_12_26//SusyCAF_Tree_5_1_oTI.root', 'dcap://cmsdca.fnal.gov:24137/pnfs/fnal.gov/usr/cms/WAX/11/store/user/lpcsusyra1/zmeng//ICF/automated/2012_05_06_11_12_26//SusyCAF_Tree_62_1_xMr.root', 'dcap://cmsdca.fnal.gov:24137/pnfs/fnal.gov/usr/cms/WAX/11/store/user/lpcsusyra1/zmeng//ICF/automated/2012_05_06_11_12_26//SusyCAF_Tree_76_1_HSa.root', 'dcap://cmsdca.fnal.gov:24137/pnfs/fnal.gov/usr/cms/WAX/11/store/user/lpcsusyra1/zmeng//ICF/automated/2012_05_06_11_12_26//SusyCAF_Tree_7_1_rJW.root', 'dcap://cmsdca.fnal.gov:24137/pnfs/fnal.gov/usr/cms/WAX/11/store/user/lpcsusyra1/zmeng//ICF/automated/2012_05_06_11_12_26//SusyCAF_Tree_80_1_InL.root', 'dcap://cmsdca.fnal.gov:24137/pnfs/fnal.gov/usr/cms/WAX/11/store/user/lpcsusyra1/zmeng//ICF/automated/2012_05_06_11_12_26//SusyCAF_Tree_85_1_S4o.root', 'dcap://cmsdca.fnal.gov:24137/pnfs/fnal.gov/usr/cms/WAX/11/store/user/lpcsusyra1/zmeng//ICF/automated/2012_05_06_11_12_26//SusyCAF_Tree_8_1_tbG.root', 'dcap://cmsdca.fnal.gov:24137/pnfs/fnal.gov/usr/cms/WAX/11/store/user/lpcsusyra1/zmeng//ICF/automated/2012_05_06_11_12_26//SusyCAF_Tree_92_1_IN2.root', 'dcap://cmsdca.fnal.gov:24137/pnfs/fnal.gov/usr/cms/WAX/11/store/user/lpcsusyra1/zmeng//ICF/automated/2012_05_06_11_12_26//SusyCAF_Tree_97_1_idW.root']
==================================================
Running Analysis: AK5Calo
==================================================
On 1 sample(s):
	MuHad_Run2012A_PromptReco_v1_V17_pre3_taus_0_jetCorrections_L1FastJet_L2Relative_L3Absolute_L2L3Residual_jetCollections_ak5calo_ak5pf_zmengJob84		1.00pb 
==================================================
Total number of events in the ntuple = 878579
Setting mLastEntry to match input tree
[CHAIN] At Entry: 0
[CHAIN] File: pnfs/fnal.gov/usr/cms/WAX/11/store/user/lpcsusyra1/zmeng/ICF/automated/2012_05_06_11_12_26/SusyCAF_Tree_292_1_Ssh.root
Secondary jet collection: ak5JetPF2PAT    Pat
Tertiary jet collection: ak5JetJPT   Pat
Event weights will be set to constant value: 1.
 found found found -1
 found found found -1
 found found found -1
 found found found -1
 found found found -1
 found found found -1
mode=None mode_.find=18446744073709551615 int find=-1
found=18446744073709551615int found -1
mode=None mode_.find=18446744073709551615 int find=-1
found=18446744073709551615int found -1
mode=None mode_.find=18446744073709551615 int find=-1
found=18446744073709551615int found -1
mode=None mode_.find=18446744073709551615 int find=-1
found=18446744073709551615int found -1
mode=None mode_.find=18446744073709551615 int find=-1
found=18446744073709551615int found -1
mode=None mode_.find=18446744073709551615 int find=-1
found=18446744073709551615int found -1
mode=None mode_.find=18446744073709551615 int find=-1
found=18446744073709551615int found -1
mode=None mode_.find=18446744073709551615 int find=-1
found=18446744073709551615int found -1
mode=None mode_.find=18446744073709551615 int find=-1
found=18446744073709551615int found -1
mode=None mode_.find=18446744073709551615 int find=-1
found=18446744073709551615int found -1
mode=None mode_.find=18446744073709551615 int find=-1
found=18446744073709551615int found -1
mode=None mode_.find=18446744073709551615 int find=-1
found=18446744073709551615int found -1
mode=None mode_.find=18446744073709551615 int find=-1
found=18446744073709551615int found -1
mode=None mode_.find=18446744073709551615 int find=-1
found=18446744073709551615int found -1
mode=None mode_.find=18446744073709551615 int find=-1
found=18446744073709551615int found -1
mode=None mode_.find=18446744073709551615 int find=-1
found=18446744073709551615int found -1
mode=None mode_.find=18446744073709551615 int find=-1
found=18446744073709551615int found -1
[CHAIN] At Entry: 31413
[CHAIN] File: pnfs/fnal.gov/usr/cms/WAX/11/store/user/lpcsusyra1/zmeng/ICF/automated/2012_05_06_11_12_26/SusyCAF_Tree_294_1_k9T.root
mode=None mode_.find=18446744073709551615 int find=-1
found=18446744073709551615int found -1
mode=None mode_.find=18446744073709551615 int find=-1
found=18446744073709551615int found -1
mode=None mode_.find=18446744073709551615 int find=-1
found=18446744073709551615int found -1
mode=None mode_.find=18446744073709551615 int find=-1
found=18446744073709551615int found -1
mode=None mode_.find=18446744073709551615 int find=-1
found=18446744073709551615int found -1
mode=None mode_.find=18446744073709551615 int find=-1
found=18446744073709551615int found -1
mode=None mode_.find=18446744073709551615 int find=-1
found=18446744073709551615int found -1
mode=None mode_.find=18446744073709551615 int find=-1
found=18446744073709551615int found -1
mode=None mode_.find=18446744073709551615 int find=-1
found=18446744073709551615int found -1
mode=None mode_.find=18446744073709551615 int find=-1
found=18446744073709551615int found -1
mode=None mode_.find=18446744073709551615 int find=-1
found=18446744073709551615int found -1
mode=None mode_.find=18446744073709551615 int find=-1
found=18446744073709551615int found -1
mode=None mode_.find=18446744073709551615 int find=-1
found=18446744073709551615int found -1
mode=None mode_.find=18446744073709551615 int find=-1
found=18446744073709551615int found -1
mode=None mode_.find=18446744073709551615 int find=-1
found=18446744073709551615int found -1
mode=None mode_.find=18446744073709551615 int find=-1
found=18446744073709551615int found -1
mode=None mode_.find=18446744073709551615 int find=-1
found=18446744073709551615int found -1
mode=None mode_.find=18446744073709551615 int find=-1
found=18446744073709551615int found -1
mode=None mode_.find=18446744073709551615 int find=-1
found=18446744073709551615int found -1
mode=None mode_.find=18446744073709551615 int find=-1
found=18446744073709551615int found -1
[CHAIN] At Entry: 67656
[CHAIN] File: pnfs/fnal.gov/usr/cms/WAX/11/store/user/lpcsusyra1/zmeng/ICF/automated/2012_05_06_11_12_26/SusyCAF_Tree_295_1_T7C.root
mode=None mode_.find=18446744073709551615 int find=-1
found=18446744073709551615int found -1
mode=None mode_.find=18446744073709551615 int find=-1
found=18446744073709551615int found -1
mode=None mode_.find=18446744073709551615 int find=-1
found=18446744073709551615int found -1
mode=None mode_.find=18446744073709551615 int find=-1
found=18446744073709551615int found -1
mode=None mode_.find=18446744073709551615 int find=-1
found=18446744073709551615int found -1
mode=None mode_.find=18446744073709551615 int find=-1
found=18446744073709551615int found -1
mode=None mode_.find=18446744073709551615 int find=-1
found=18446744073709551615int found -1
mode=None mode_.find=18446744073709551615 int find=-1
found=18446744073709551615int found -1
mode=None mode_.find=18446744073709551615 int find=-1
found=18446744073709551615int found -1
mode=None mode_.find=18446744073709551615 int find=-1
found=18446744073709551615int found -1
mode=None mode_.find=18446744073709551615 int find=-1
found=18446744073709551615int found -1
[CHAIN] At Entry: 90000
[CHAIN] File: pnfs/fnal.gov/usr/cms/WAX/11/store/user/lpcsusyra1/zmeng/ICF/automated/2012_05_06_11_12_26/SusyCAF_Tree_296_1_zdt.root
mode=None mode_.find=18446744073709551615 int find=-1
found=18446744073709551615int found -1
mode=None mode_.find=18446744073709551615 int find=-1
found=18446744073709551615int found -1
mode=None mode_.find=18446744073709551615 int find=-1
found=18446744073709551615int found -1
mode=None mode_.find=18446744073709551615 int find=-1
found=18446744073709551615int found -1
mode=None mode_.find=18446744073709551615 int find=-1
found=18446744073709551615int found -1
mode=None mode_.find=18446744073709551615 int find=-1
found=18446744073709551615int found -1
mode=None mode_.find=18446744073709551615 int find=-1
found=18446744073709551615int found -1
mode=None mode_.find=18446744073709551615 int find=-1
found=18446744073709551615int found -1
mode=None mode_.find=18446744073709551615 int find=-1
found=18446744073709551615int found -1
mode=None mode_.find=18446744073709551615 int find=-1
found=18446744073709551615int found -1
mode=None mode_.find=18446744073709551615 int find=-1
found=18446744073709551615int found -1
[CHAIN] At Entry: 115131
[CHAIN] File: pnfs/fnal.gov/usr/cms/WAX/11/store/user/lpcsusyra1/zmeng/ICF/automated/2012_05_06_11_12_26/SusyCAF_Tree_297_1_Ce9.root
mode=None mode_.find=18446744073709551615 int find=-1
found=18446744073709551615int found -1
mode=None mode_.find=18446744073709551615 int find=-1
found=18446744073709551615int found -1
mode=None mode_.find=18446744073709551615 int find=-1
found=18446744073709551615int found -1
mode=None mode_.find=18446744073709551615 int find=-1
found=18446744073709551615int found -1
mode=None mode_.find=18446744073709551615 int find=-1
found=18446744073709551615int found -1
mode=None mode_.find=18446744073709551615 int find=-1
found=18446744073709551615int found -1
mode=None mode_.find=18446744073709551615 int find=-1
found=18446744073709551615int found -1
mode=None mode_.find=18446744073709551615 int find=-1
found=18446744073709551615int found -1
mode=None mode_.find=18446744073709551615 int find=-1
found=18446744073709551615int found -1
mode=None mode_.find=18446744073709551615 int find=-1
found=18446744073709551615int found -1
[CHAIN] At Entry: 138108
[CHAIN] File: pnfs/fnal.gov/usr/cms/WAX/11/store/user/lpcsusyra1/zmeng/ICF/automated/2012_05_06_11_12_26/SusyCAF_Tree_298_1_LZ2.root
mode=None mode_.find=18446744073709551615 int find=-1
found=18446744073709551615int found -1
mode=None mode_.find=18446744073709551615 int find=-1
found=18446744073709551615int found -1
mode=None mode_.find=18446744073709551615 int find=-1
found=18446744073709551615int found -1
mode=None mode_.find=18446744073709551615 int find=-1
found=18446744073709551615int found -1
mode=None mode_.find=18446744073709551615 int find=-1
found=18446744073709551615int found -1
mode=None mode_.find=18446744073709551615 int find=-1
found=18446744073709551615int found -1
mode=None mode_.find=18446744073709551615 int find=-1
found=18446744073709551615int found -1
mode=None mode_.find=18446744073709551615 int find=-1
found=18446744073709551615int found -1
mode=None mode_.find=18446744073709551615 int find=-1
found=18446744073709551615int found -1
mode=None mode_.find=18446744073709551615 int find=-1
found=18446744073709551615int found -1
mode=None mode_.find=18446744073709551615 int find=-1
found=18446744073709551615int found -1
mode=None mode_.find=18446744073709551615 int find=-1
found=18446744073709551615int found -1
[CHAIN] At Entry: 160972
[CHAIN] File: pnfs/fnal.gov/usr/cms/WAX/11/store/user/lpcsusyra1/zmeng/ICF/automated/2012_05_06_11_12_26/SusyCAF_Tree_299_1_hQm.root
mode=None mode_.find=18446744073709551615 int find=-1
found=18446744073709551615int found -1
mode=None mode_.find=18446744073709551615 int find=-1
found=18446744073709551615int found -1
mode=None mode_.find=18446744073709551615 int find=-1
found=18446744073709551615int found -1
mode=None mode_.find=18446744073709551615 int find=-1
found=18446744073709551615int found -1
mode=None mode_.find=18446744073709551615 int find=-1
found=18446744073709551615int found -1
mode=None mode_.find=18446744073709551615 int find=-1
found=18446744073709551615int found -1
mode=None mode_.find=18446744073709551615 int find=-1
found=18446744073709551615int found -1
mode=None mode_.find=18446744073709551615 int find=-1
found=18446744073709551615int found -1
mode=None mode_.find=18446744073709551615 int find=-1
found=18446744073709551615int found -1
mode=None mode_.find=18446744073709551615 int find=-1
found=18446744073709551615int found -1
mode=None mode_.find=18446744073709551615 int find=-1
found=18446744073709551615int found -1
mode=None mode_.find=18446744073709551615 int find=-1
found=18446744073709551615int found -1
mode=None mode_.find=18446744073709551615 int find=-1
found=18446744073709551615int found -1
[CHAIN] At Entry: 184369
[CHAIN] File: pnfs/fnal.gov/usr/cms/WAX/11/store/user/lpcsusyra1/zmeng/ICF/automated/2012_05_06_11_12_26/SusyCAF_Tree_29_1_Hi1.root
mode=None mode_.find=18446744073709551615 int find=-1
found=18446744073709551615int found -1
mode=None mode_.find=18446744073709551615 int find=-1
found=18446744073709551615int found -1
mode=None mode_.find=18446744073709551615 int find=-1
found=18446744073709551615int found -1
mode=None mode_.find=18446744073709551615 int find=-1
found=18446744073709551615int found -1
mode=None mode_.find=18446744073709551615 int find=-1
found=18446744073709551615int found -1
mode=None mode_.find=18446744073709551615 int find=-1
found=18446744073709551615int found -1
mode=None mode_.find=18446744073709551615 int find=-1
found=18446744073709551615int found -1
[CHAIN] At Entry: 195111
[CHAIN] File: pnfs/fnal.gov/usr/cms/WAX/11/store/user/lpcsusyra1/zmeng/ICF/automated/2012_05_06_11_12_26/SusyCAF_Tree_300_1_fCN.root
mode=None mode_.find=18446744073709551615 int find=-1
found=18446744073709551615int found -1
mode=None mode_.find=18446744073709551615 int find=-1
found=18446744073709551615int found -1
mode=None mode_.find=18446744073709551615 int find=-1
found=18446744073709551615int found -1
mode=None mode_.find=18446744073709551615 int find=-1
found=18446744073709551615int found -1
mode=None mode_.find=18446744073709551615 int find=-1
found=18446744073709551615int found -1
mode=None mode_.find=18446744073709551615 int find=-1
found=18446744073709551615int found -1
mode=None mode_.find=18446744073709551615 int find=-1
found=18446744073709551615int found -1
mode=None mode_.find=18446744073709551615 int find=-1
found=18446744073709551615int found -1
mode=None mode_.find=18446744073709551615 int find=-1
found=18446744073709551615int found -1
mode=None mode_.find=18446744073709551615 int find=-1
found=18446744073709551615int found -1
[CHAIN] At Entry: 218639
[CHAIN] File: pnfs/fnal.gov/usr/cms/WAX/11/store/user/lpcsusyra1/zmeng/ICF/automated/2012_05_06_11_12_26/SusyCAF_Tree_301_1_R4T.root
mode=None mode_.find=18446744073709551615 int find=-1
found=18446744073709551615int found -1
mode=None mode_.find=18446744073709551615 int find=-1
found=18446744073709551615int found -1
mode=None mode_.find=18446744073709551615 int find=-1
found=18446744073709551615int found -1
mode=None mode_.find=18446744073709551615 int find=-1
found=18446744073709551615int found -1
mode=None mode_.find=18446744073709551615 int find=-1
found=18446744073709551615int found -1
mode=None mode_.find=18446744073709551615 int find=-1
found=18446744073709551615int found -1
mode=None mode_.find=18446744073709551615 int find=-1
found=18446744073709551615int found -1
mode=None mode_.find=18446744073709551615 int find=-1
found=18446744073709551615int found -1
mode=None mode_.find=18446744073709551615 int find=-1
found=18446744073709551615int found -1
mode=None mode_.find=18446744073709551615 int find=-1
found=18446744073709551615int found -1
mode=None mode_.find=18446744073709551615 int find=-1
found=18446744073709551615int found -1
[CHAIN] At Entry: 241909
[CHAIN] File: pnfs/fnal.gov/usr/cms/WAX/11/store/user/lpcsusyra1/zmeng/ICF/automated/2012_05_06_11_12_26/SusyCAF_Tree_302_1_Hy0.root
mode=None mode_.find=18446744073709551615 int find=-1
found=18446744073709551615int found -1
mode=None mode_.find=18446744073709551615 int find=-1
found=18446744073709551615int found -1
mode=None mode_.find=18446744073709551615 int find=-1
found=18446744073709551615int found -1
mode=None mode_.find=18446744073709551615 int find=-1
found=18446744073709551615int found -1
mode=None mode_.find=18446744073709551615 int find=-1
found=18446744073709551615int found -1
mode=None mode_.find=18446744073709551615 int find=-1
found=18446744073709551615int found -1
mode=None mode_.find=18446744073709551615 int find=-1
found=18446744073709551615int found -1
mode=None mode_.find=18446744073709551615 int find=-1
found=18446744073709551615int found -1
mode=None mode_.find=18446744073709551615 int find=-1
found=18446744073709551615int found -1
mode=None mode_.find=18446744073709551615 int find=-1
found=18446744073709551615int found -1
[CHAIN] At Entry: 265037
[CHAIN] File: pnfs/fnal.gov/usr/cms/WAX/11/store/user/lpcsusyra1/zmeng/ICF/automated/2012_05_06_11_12_26/SusyCAF_Tree_303_1_pyg.root
mode=None mode_.find=18446744073709551615 int find=-1
found=18446744073709551615int found -1
mode=None mode_.find=18446744073709551615 int find=-1
found=18446744073709551615int found -1
mode=None mode_.find=18446744073709551615 int find=-1
found=18446744073709551615int found -1
mode=None mode_.find=18446744073709551615 int find=-1
found=18446744073709551615int found -1
mode=None mode_.find=18446744073709551615 int find=-1
found=18446744073709551615int found -1
mode=None mode_.find=18446744073709551615 int find=-1
found=18446744073709551615int found -1
mode=None mode_.find=18446744073709551615 int find=-1
found=18446744073709551615int found -1
mode=None mode_.find=18446744073709551615 int find=-1
found=18446744073709551615int found -1
mode=None mode_.find=18446744073709551615 int find=-1
found=18446744073709551615int found -1
mode=None mode_.find=18446744073709551615 int find=-1
found=18446744073709551615int found -1
[CHAIN] At Entry: 288884
[CHAIN] File: pnfs/fnal.gov/usr/cms/WAX/11/store/user/lpcsusyra1/zmeng/ICF/automated/2012_05_06_11_12_26/SusyCAF_Tree_304_1_eQK.root
mode=None mode_.find=18446744073709551615 int find=-1
found=18446744073709551615int found -1
mode=None mode_.find=18446744073709551615 int find=-1
found=18446744073709551615int found -1
mode=None mode_.find=18446744073709551615 int find=-1
found=18446744073709551615int found -1
mode=None mode_.find=18446744073709551615 int find=-1
found=18446744073709551615int found -1
mode=None mode_.find=18446744073709551615 int find=-1
found=18446744073709551615int found -1
[CHAIN] At Entry: 313231
[CHAIN] File: pnfs/fnal.gov/usr/cms/WAX/11/store/user/lpcsusyra1/zmeng/ICF/automated/2012_05_06_11_12_26/SusyCAF_Tree_305_1_I2g.root
mode=None mode_.find=18446744073709551615 int find=-1
found=18446744073709551615int found -1
mode=None mode_.find=18446744073709551615 int find=-1
found=18446744073709551615int found -1
mode=None mode_.find=18446744073709551615 int find=-1
found=18446744073709551615int found -1
mode=None mode_.find=18446744073709551615 int find=-1
found=18446744073709551615int found -1
[CHAIN] At Entry: 338158
[CHAIN] File: pnfs/fnal.gov/usr/cms/WAX/11/store/user/lpcsusyra1/zmeng/ICF/automated/2012_05_06_11_12_26/SusyCAF_Tree_306_1_yCb.root
mode=None mode_.find=18446744073709551615 int find=-1
found=18446744073709551615int found -1
mode=None mode_.find=18446744073709551615 int find=-1
found=18446744073709551615int found -1
mode=None mode_.find=18446744073709551615 int find=-1
found=18446744073709551615int found -1
mode=None mode_.find=18446744073709551615 int find=-1
found=18446744073709551615int found -1
mode=None mode_.find=18446744073709551615 int find=-1
found=18446744073709551615int found -1
mode=None mode_.find=18446744073709551615 int find=-1
found=18446744073709551615int found -1
mode=None mode_.find=18446744073709551615 int find=-1
found=18446744073709551615int found -1
[CHAIN] At Entry: 361283
[CHAIN] File: pnfs/fnal.gov/usr/cms/WAX/11/store/user/lpcsusyra1/zmeng/ICF/automated/2012_05_06_11_12_26/SusyCAF_Tree_307_1_nWR.root
mode=None mode_.find=18446744073709551615 int find=-1
found=18446744073709551615int found -1
mode=None mode_.find=18446744073709551615 int find=-1
found=18446744073709551615int found -1
mode=None mode_.find=18446744073709551615 int find=-1
found=18446744073709551615int found -1
mode=None mode_.find=18446744073709551615 int find=-1
found=18446744073709551615int found -1
mode=None mode_.find=18446744073709551615 int find=-1
found=18446744073709551615int found -1
mode=None mode_.find=18446744073709551615 int find=-1
found=18446744073709551615int found -1
mode=None mode_.find=18446744073709551615 int find=-1
found=18446744073709551615int found -1
[CHAIN] At Entry: 374069
[CHAIN] File: pnfs/fnal.gov/usr/cms/WAX/11/store/user/lpcsusyra1/zmeng/ICF/automated/2012_05_06_11_12_26/SusyCAF_Tree_308_1_dOB.root
mode=None mode_.find=18446744073709551615 int find=-1
found=18446744073709551615int found -1
mode=None mode_.find=18446744073709551615 int find=-1
found=18446744073709551615int found -1
mode=None mode_.find=18446744073709551615 int find=-1
found=18446744073709551615int found -1
mode=None mode_.find=18446744073709551615 int find=-1
found=18446744073709551615int found -1
mode=None mode_.find=18446744073709551615 int find=-1
found=18446744073709551615int found -1
mode=None mode_.find=18446744073709551615 int find=-1
found=18446744073709551615int found -1
mode=None mode_.find=18446744073709551615 int find=-1
found=18446744073709551615int found -1
mode=None mode_.find=18446744073709551615 int find=-1
found=18446744073709551615int found -1
mode=None mode_.find=18446744073709551615 int find=-1
found=18446744073709551615int found -1
[CHAIN] At Entry: 390012
[CHAIN] File: pnfs/fnal.gov/usr/cms/WAX/11/store/user/lpcsusyra1/zmeng/ICF/automated/2012_05_06_11_12_26/SusyCAF_Tree_309_1_jOU.root
mode=None mode_.find=18446744073709551615 int find=-1
found=18446744073709551615int found -1
mode=None mode_.find=18446744073709551615 int find=-1
found=18446744073709551615int found -1
mode=None mode_.find=18446744073709551615 int find=-1
found=18446744073709551615int found -1
mode=None mode_.find=18446744073709551615 int find=-1
found=18446744073709551615int found -1
mode=None mode_.find=18446744073709551615 int find=-1
found=18446744073709551615int found -1
mode=None mode_.find=18446744073709551615 int find=-1
found=18446744073709551615int found -1
mode=None mode_.find=18446744073709551615 int find=-1
found=18446744073709551615int found -1
[CHAIN] At Entry: 410907
[CHAIN] File: pnfs/fnal.gov/usr/cms/WAX/11/store/user/lpcsusyra1/zmeng/ICF/automated/2012_05_06_11_12_26/SusyCAF_Tree_30_1_I5R.root
mode=None mode_.find=18446744073709551615 int find=-1
found=18446744073709551615int found -1
mode=None mode_.find=18446744073709551615 int find=-1
found=18446744073709551615int found -1
mode=None mode_.find=18446744073709551615 int find=-1
found=18446744073709551615int found -1
mode=None mode_.find=18446744073709551615 int find=-1
found=18446744073709551615int found -1
mode=None mode_.find=18446744073709551615 int find=-1
found=18446744073709551615int found -1
[CHAIN] At Entry: 424715
[CHAIN] File: pnfs/fnal.gov/usr/cms/WAX/11/store/user/lpcsusyra1/zmeng/ICF/automated/2012_05_06_11_12_26/SusyCAF_Tree_310_1_tXX.root
mode=None mode_.find=18446744073709551615 int find=-1
found=18446744073709551615int found -1
mode=None mode_.find=18446744073709551615 int find=-1
found=18446744073709551615int found -1
mode=None mode_.find=18446744073709551615 int find=-1
found=18446744073709551615int found -1
mode=None mode_.find=18446744073709551615 int find=-1
found=18446744073709551615int found -1
mode=None mode_.find=18446744073709551615 int find=-1
found=18446744073709551615int found -1
mode=None mode_.find=18446744073709551615 int find=-1
found=18446744073709551615int found -1
mode=None mode_.find=18446744073709551615 int find=-1
found=18446744073709551615int found -1
mode=None mode_.find=18446744073709551615 int find=-1
found=18446744073709551615int found -1
mode=None mode_.find=18446744073709551615 int find=-1
found=18446744073709551615int found -1
mode=None mode_.find=18446744073709551615 int find=-1
found=18446744073709551615int found -1
[CHAIN] At Entry: 451931
[CHAIN] File: pnfs/fnal.gov/usr/cms/WAX/11/store/user/lpcsusyra1/zmeng/ICF/automated/2012_05_06_11_12_26/SusyCAF_Tree_315_1_bU8.root
mode=None mode_.find=18446744073709551615 int find=-1
found=18446744073709551615int found -1
mode=None mode_.find=18446744073709551615 int find=-1
found=18446744073709551615int found -1
mode=None mode_.find=18446744073709551615 int find=-1
found=18446744073709551615int found -1
mode=None mode_.find=18446744073709551615 int find=-1
found=18446744073709551615int found -1
mode=None mode_.find=18446744073709551615 int find=-1
found=18446744073709551615int found -1
mode=None mode_.find=18446744073709551615 int find=-1
found=18446744073709551615int found -1
mode=None mode_.find=18446744073709551615 int find=-1
found=18446744073709551615int found -1
mode=None mode_.find=18446744073709551615 int find=-1
found=18446744073709551615int found -1
[CHAIN] At Entry: 466378
[CHAIN] File: pnfs/fnal.gov/usr/cms/WAX/11/store/user/lpcsusyra1/zmeng/ICF/automated/2012_05_06_11_12_26/SusyCAF_Tree_31_1_0Fr.root
mode=None mode_.find=18446744073709551615 int find=-1
found=18446744073709551615int found -1
mode=None mode_.find=18446744073709551615 int find=-1
found=18446744073709551615int found -1
mode=None mode_.find=18446744073709551615 int find=-1
found=18446744073709551615int found -1
mode=None mode_.find=18446744073709551615 int find=-1
found=18446744073709551615int found -1
[CHAIN] At Entry: 478645
[CHAIN] File: pnfs/fnal.gov/usr/cms/WAX/11/store/user/lpcsusyra1/zmeng/ICF/automated/2012_05_06_11_12_26/SusyCAF_Tree_327_1_cVy.root
mode=None mode_.find=18446744073709551615 int find=-1
found=18446744073709551615int found -1
mode=None mode_.find=18446744073709551615 int find=-1
found=18446744073709551615int found -1
mode=None mode_.find=18446744073709551615 int find=-1
found=18446744073709551615int found -1
[CHAIN] At Entry: 490855
[CHAIN] File: pnfs/fnal.gov/usr/cms/WAX/11/store/user/lpcsusyra1/zmeng/ICF/automated/2012_05_06_11_12_26/SusyCAF_Tree_328_1_4c2.root
mode=None mode_.find=18446744073709551615 int find=-1
found=18446744073709551615int found -1
mode=None mode_.find=18446744073709551615 int find=-1
found=18446744073709551615int found -1
mode=None mode_.find=18446744073709551615 int find=-1
found=18446744073709551615int found -1
mode=None mode_.find=18446744073709551615 int find=-1
found=18446744073709551615int found -1
mode=None mode_.find=18446744073709551615 int find=-1
found=18446744073709551615int found -1
mode=None mode_.find=18446744073709551615 int find=-1
found=18446744073709551615int found -1
mode=None mode_.find=18446744073709551615 int find=-1
found=18446744073709551615int found -1
[CHAIN] At Entry: 503041
[CHAIN] File: pnfs/fnal.gov/usr/cms/WAX/11/store/user/lpcsusyra1/zmeng/ICF/automated/2012_05_06_11_12_26/SusyCAF_Tree_329_1_pgH.root
mode=None mode_.find=18446744073709551615 int find=-1
found=18446744073709551615int found -1
mode=None mode_.find=18446744073709551615 int find=-1
found=18446744073709551615int found -1
mode=None mode_.find=18446744073709551615 int find=-1
found=18446744073709551615int found -1
mode=None mode_.find=18446744073709551615 int find=-1
found=18446744073709551615int found -1
mode=None mode_.find=18446744073709551615 int find=-1
found=18446744073709551615int found -1
mode=None mode_.find=18446744073709551615 int find=-1
found=18446744073709551615int found -1
mode=None mode_.find=18446744073709551615 int find=-1
found=18446744073709551615int found -1
[CHAIN] At Entry: 515658
[CHAIN] File: pnfs/fnal.gov/usr/cms/WAX/11/store/user/lpcsusyra1/zmeng/ICF/automated/2012_05_06_11_12_26/SusyCAF_Tree_330_1_U0D.root
mode=None mode_.find=18446744073709551615 int find=-1
found=18446744073709551615int found -1
[CHAIN] At Entry: 535469
[CHAIN] File: pnfs/fnal.gov/usr/cms/WAX/11/store/user/lpcsusyra1/zmeng/ICF/automated/2012_05_06_11_12_26/SusyCAF_Tree_331_1_oVB.root
mode=None mode_.find=18446744073709551615 int find=-1
found=18446744073709551615int found -1
mode=None mode_.find=18446744073709551615 int find=-1
found=18446744073709551615int found -1
mode=None mode_.find=18446744073709551615 int find=-1
found=18446744073709551615int found -1
mode=None mode_.find=18446744073709551615 int find=-1
found=18446744073709551615int found -1
mode=None mode_.find=18446744073709551615 int find=-1
found=18446744073709551615int found -1
[CHAIN] At Entry: 547758
[CHAIN] File: pnfs/fnal.gov/usr/cms/WAX/11/store/user/lpcsusyra1/zmeng/ICF/automated/2012_05_06_11_12_26/SusyCAF_Tree_332_1_w3p.root
mode=None mode_.find=18446744073709551615 int find=-1
found=18446744073709551615int found -1
mode=None mode_.find=18446744073709551615 int find=-1
found=18446744073709551615int found -1
mode=None mode_.find=18446744073709551615 int find=-1
found=18446744073709551615int found -1
mode=None mode_.find=18446744073709551615 int find=-1
found=18446744073709551615int found -1
mode=None mode_.find=18446744073709551615 int find=-1
found=18446744073709551615int found -1
mode=None mode_.find=18446744073709551615 int find=-1
found=18446744073709551615int found -1
mode=None mode_.find=18446744073709551615 int find=-1
found=18446744073709551615int found -1
[CHAIN] At Entry: 560594
[CHAIN] File: pnfs/fnal.gov/usr/cms/WAX/11/store/user/lpcsusyra1/zmeng/ICF/automated/2012_05_06_11_12_26/SusyCAF_Tree_333_1_7VL.root
mode=None mode_.find=18446744073709551615 int find=-1
found=18446744073709551615int found -1
mode=None mode_.find=18446744073709551615 int find=-1
found=18446744073709551615int found -1
mode=None mode_.find=18446744073709551615 int find=-1
found=18446744073709551615int found -1
mode=None mode_.find=18446744073709551615 int find=-1
found=18446744073709551615int found -1
mode=None mode_.find=18446744073709551615 int find=-1
found=18446744073709551615int found -1
mode=None mode_.find=18446744073709551615 int find=-1
found=18446744073709551615int found -1
[CHAIN] At Entry: 573352
[CHAIN] File: pnfs/fnal.gov/usr/cms/WAX/11/store/user/lpcsusyra1/zmeng/ICF/automated/2012_05_06_11_12_26/SusyCAF_Tree_334_1_4JG.root
mode=None mode_.find=18446744073709551615 int find=-1
found=18446744073709551615int found -1
mode=None mode_.find=18446744073709551615 int find=-1
found=18446744073709551615int found -1
mode=None mode_.find=18446744073709551615 int find=-1
found=18446744073709551615int found -1
mode=None mode_.find=18446744073709551615 int find=-1
found=18446744073709551615int found -1
mode=None mode_.find=18446744073709551615 int find=-1
found=18446744073709551615int found -1
mode=None mode_.find=18446744073709551615 int find=-1
found=18446744073709551615int found -1
mode=None mode_.find=18446744073709551615 int find=-1
found=18446744073709551615int found -1
mode=None mode_.find=18446744073709551615 int find=-1
found=18446744073709551615int found -1
mode=None mode_.find=18446744073709551615 int find=-1
found=18446744073709551615int found -1
mode=None mode_.find=18446744073709551615 int find=-1
found=18446744073709551615int found -1
mode=None mode_.find=18446744073709551615 int find=-1
found=18446744073709551615int found -1
mode=None mode_.find=18446744073709551615 int find=-1
found=18446744073709551615int found -1
mode=None mode_.find=18446744073709551615 int find=-1
found=18446744073709551615int found -1
mode=None mode_.find=18446744073709551615 int find=-1
found=18446744073709551615int found -1
mode=None mode_.find=18446744073709551615 int find=-1
found=18446744073709551615int found -1
[CHAIN] At Entry: 594401
[CHAIN] File: pnfs/fnal.gov/usr/cms/WAX/11/store/user/lpcsusyra1/zmeng/ICF/automated/2012_05_06_11_12_26/SusyCAF_Tree_3_1_Buk.root
[CHAIN] At Entry: 598456
[CHAIN] File: pnfs/fnal.gov/usr/cms/WAX/11/store/user/lpcsusyra1/zmeng/ICF/automated/2012_05_06_11_12_26/SusyCAF_Tree_41_1_3EV.root
mode=None mode_.find=18446744073709551615 int find=-1
found=18446744073709551615int found -1
mode=None mode_.find=18446744073709551615 int find=-1
found=18446744073709551615int found -1
mode=None mode_.find=18446744073709551615 int find=-1
found=18446744073709551615int found -1
mode=None mode_.find=18446744073709551615 int find=-1
found=18446744073709551615int found -1
mode=None mode_.find=18446744073709551615 int find=-1
found=18446744073709551615int found -1
mode=None mode_.find=18446744073709551615 int find=-1
found=18446744073709551615int found -1
mode=None mode_.find=18446744073709551615 int find=-1
found=18446744073709551615int found -1
mode=None mode_.find=18446744073709551615 int find=-1
found=18446744073709551615int found -1
[CHAIN] At Entry: 619730
[CHAIN] File: pnfs/fnal.gov/usr/cms/WAX/11/store/user/lpcsusyra1/zmeng/ICF/automated/2012_05_06_11_12_26/SusyCAF_Tree_44_1_wJ8.root
mode=None mode_.find=18446744073709551615 int find=-1
found=18446744073709551615int found -1
mode=None mode_.find=18446744073709551615 int find=-1
found=18446744073709551615int found -1
mode=None mode_.find=18446744073709551615 int find=-1
found=18446744073709551615int found -1
mode=None mode_.find=18446744073709551615 int find=-1
found=18446744073709551615int found -1
mode=None mode_.find=18446744073709551615 int find=-1
found=18446744073709551615int found -1
mode=None mode_.find=18446744073709551615 int find=-1
found=18446744073709551615int found -1
mode=None mode_.find=18446744073709551615 int find=-1
found=18446744073709551615int found -1
[CHAIN] At Entry: 640803
[CHAIN] File: pnfs/fnal.gov/usr/cms/WAX/11/store/user/lpcsusyra1/zmeng/ICF/automated/2012_05_06_11_12_26/SusyCAF_Tree_45_1_dnf.root
mode=None mode_.find=18446744073709551615 int find=-1
found=18446744073709551615int found -1
mode=None mode_.find=18446744073709551615 int find=-1
found=18446744073709551615int found -1
mode=None mode_.find=18446744073709551615 int find=-1
found=18446744073709551615int found -1
mode=None mode_.find=18446744073709551615 int find=-1
found=18446744073709551615int found -1
mode=None mode_.find=18446744073709551615 int find=-1
found=18446744073709551615int found -1
mode=None mode_.find=18446744073709551615 int find=-1
found=18446744073709551615int found -1
mode=None mode_.find=18446744073709551615 int find=-1
found=18446744073709551615int found -1
mode=None mode_.find=18446744073709551615 int find=-1
found=18446744073709551615int found -1
mode=None mode_.find=18446744073709551615 int find=-1
found=18446744073709551615int found -1
mode=None mode_.find=18446744073709551615 int find=-1
found=18446744073709551615int found -1
[CHAIN] At Entry: 662062
[CHAIN] File: pnfs/fnal.gov/usr/cms/WAX/11/store/user/lpcsusyra1/zmeng/ICF/automated/2012_05_06_11_12_26/SusyCAF_Tree_47_1_6So.root
mode=None mode_.find=18446744073709551615 int find=-1
found=18446744073709551615int found -1
mode=None mode_.find=18446744073709551615 int find=-1
found=18446744073709551615int found -1
mode=None mode_.find=18446744073709551615 int find=-1
found=18446744073709551615int found -1
mode=None mode_.find=18446744073709551615 int find=-1
found=18446744073709551615int found -1
mode=None mode_.find=18446744073709551615 int find=-1
found=18446744073709551615int found -1
mode=None mode_.find=18446744073709551615 int find=-1
found=18446744073709551615int found -1
mode=None mode_.find=18446744073709551615 int find=-1
found=18446744073709551615int found -1
mode=None mode_.find=18446744073709551615 int find=-1
found=18446744073709551615int found -1
mode=None mode_.find=18446744073709551615 int find=-1
found=18446744073709551615int found -1
mode=None mode_.find=18446744073709551615 int find=-1
found=18446744073709551615int found -1
mode=None mode_.find=18446744073709551615 int find=-1
found=18446744073709551615int found -1
[CHAIN] At Entry: 679302
[CHAIN] File: pnfs/fnal.gov/usr/cms/WAX/11/store/user/lpcsusyra1/zmeng/ICF/automated/2012_05_06_11_12_26/SusyCAF_Tree_48_1_aTM.root
mode=None mode_.find=18446744073709551615 int find=-1
found=18446744073709551615int found -1
mode=None mode_.find=18446744073709551615 int find=-1
found=18446744073709551615int found -1
mode=None mode_.find=18446744073709551615 int find=-1
found=18446744073709551615int found -1
mode=None mode_.find=18446744073709551615 int find=-1
found=18446744073709551615int found -1
mode=None mode_.find=18446744073709551615 int find=-1
found=18446744073709551615int found -1
[CHAIN] At Entry: 691541
[CHAIN] File: pnfs/fnal.gov/usr/cms/WAX/11/store/user/lpcsusyra1/zmeng/ICF/automated/2012_05_06_11_12_26/SusyCAF_Tree_4_1_eFl.root
mode=None mode_.find=18446744073709551615 int find=-1
found=18446744073709551615int found -1
[CHAIN] At Entry: 701448
[CHAIN] File: pnfs/fnal.gov/usr/cms/WAX/11/store/user/lpcsusyra1/zmeng/ICF/automated/2012_05_06_11_12_26/SusyCAF_Tree_52_1_LOj.root
mode=None mode_.find=18446744073709551615 int find=-1
found=18446744073709551615int found -1
mode=None mode_.find=18446744073709551615 int find=-1
found=18446744073709551615int found -1
mode=None mode_.find=18446744073709551615 int find=-1
found=18446744073709551615int found -1
mode=None mode_.find=18446744073709551615 int find=-1
found=18446744073709551615int found -1
mode=None mode_.find=18446744073709551615 int find=-1
found=18446744073709551615int found -1
[CHAIN] At Entry: 713039
[CHAIN] File: pnfs/fnal.gov/usr/cms/WAX/11/store/user/lpcsusyra1/zmeng/ICF/automated/2012_05_06_11_12_26/SusyCAF_Tree_53_1_JIC.root
mode=None mode_.find=18446744073709551615 int find=-1
found=18446744073709551615int found -1
mode=None mode_.find=18446744073709551615 int find=-1
found=18446744073709551615int found -1
mode=None mode_.find=18446744073709551615 int find=-1
found=18446744073709551615int found -1
[CHAIN] At Entry: 724996
[CHAIN] File: pnfs/fnal.gov/usr/cms/WAX/11/store/user/lpcsusyra1/zmeng/ICF/automated/2012_05_06_11_12_26/SusyCAF_Tree_54_1_KkB.root
mode=None mode_.find=18446744073709551615 int find=-1
found=18446744073709551615int found -1
mode=None mode_.find=18446744073709551615 int find=-1
found=18446744073709551615int found -1
[CHAIN] At Entry: 737063
[CHAIN] File: pnfs/fnal.gov/usr/cms/WAX/11/store/user/lpcsusyra1/zmeng/ICF/automated/2012_05_06_11_12_26/SusyCAF_Tree_57_1_TdE.root
mode=None mode_.find=18446744073709551615 int find=-1
found=18446744073709551615int found -1
mode=None mode_.find=18446744073709551615 int find=-1
found=18446744073709551615int found -1
[CHAIN] At Entry: 749554
[CHAIN] File: pnfs/fnal.gov/usr/cms/WAX/11/store/user/lpcsusyra1/zmeng/ICF/automated/2012_05_06_11_12_26/SusyCAF_Tree_58_1_fny.root
mode=None mode_.find=18446744073709551615 int find=-1
found=18446744073709551615int found -1
mode=None mode_.find=18446744073709551615 int find=-1
found=18446744073709551615int found -1
mode=None mode_.find=18446744073709551615 int find=-1
found=18446744073709551615int found -1
mode=None mode_.find=18446744073709551615 int find=-1
found=18446744073709551615int found -1
mode=None mode_.find=18446744073709551615 int find=-1
found=18446744073709551615int found -1
[CHAIN] At Entry: 762456
[CHAIN] File: pnfs/fnal.gov/usr/cms/WAX/11/store/user/lpcsusyra1/zmeng/ICF/automated/2012_05_06_11_12_26/SusyCAF_Tree_5_1_oTI.root
mode=None mode_.find=18446744073709551615 int find=-1
found=18446744073709551615int found -1
mode=None mode_.find=18446744073709551615 int find=-1
found=18446744073709551615int found -1
[CHAIN] At Entry: 772014
[CHAIN] File: pnfs/fnal.gov/usr/cms/WAX/11/store/user/lpcsusyra1/zmeng/ICF/automated/2012_05_06_11_12_26/SusyCAF_Tree_62_1_xMr.root
mode=None mode_.find=18446744073709551615 int find=-1
found=18446744073709551615int found -1
mode=None mode_.find=18446744073709551615 int find=-1
found=18446744073709551615int found -1
mode=None mode_.find=18446744073709551615 int find=-1
found=18446744073709551615int found -1
mode=None mode_.find=18446744073709551615 int find=-1
found=18446744073709551615int found -1
[CHAIN] At Entry: 785896
[CHAIN] File: pnfs/fnal.gov/usr/cms/WAX/11/store/user/lpcsusyra1/zmeng/ICF/automated/2012_05_06_11_12_26/SusyCAF_Tree_76_1_HSa.root
mode=None mode_.find=18446744073709551615 int find=-1
found=18446744073709551615int found -1
mode=None mode_.find=18446744073709551615 int find=-1
found=18446744073709551615int found -1
mode=None mode_.find=18446744073709551615 int find=-1
found=18446744073709551615int found -1
mode=None mode_.find=18446744073709551615 int find=-1
found=18446744073709551615int found -1
mode=None mode_.find=18446744073709551615 int find=-1
found=18446744073709551615int found -1
mode=None mode_.find=18446744073709551615 int find=-1
found=18446744073709551615int found -1
mode=None mode_.find=18446744073709551615 int find=-1
found=18446744073709551615int found -1
mode=None mode_.find=18446744073709551615 int find=-1
found=18446744073709551615int found -1
mode=None mode_.find=18446744073709551615 int find=-1
found=18446744073709551615int found -1
mode=None mode_.find=18446744073709551615 int find=-1
found=18446744073709551615int found -1
mode=None mode_.find=18446744073709551615 int find=-1
found=18446744073709551615int found -1
[CHAIN] At Entry: 806394
[CHAIN] File: pnfs/fnal.gov/usr/cms/WAX/11/store/user/lpcsusyra1/zmeng/ICF/automated/2012_05_06_11_12_26/SusyCAF_Tree_7_1_rJW.root
mode=None mode_.find=18446744073709551615 int find=-1
found=18446744073709551615int found -1
mode=None mode_.find=18446744073709551615 int find=-1
found=18446744073709551615int found -1
[CHAIN] At Entry: 810674
[CHAIN] File: pnfs/fnal.gov/usr/cms/WAX/11/store/user/lpcsusyra1/zmeng/ICF/automated/2012_05_06_11_12_26/SusyCAF_Tree_80_1_InL.root
mode=None mode_.find=18446744073709551615 int find=-1
found=18446744073709551615int found -1
[CHAIN] At Entry: 821925
[CHAIN] File: pnfs/fnal.gov/usr/cms/WAX/11/store/user/lpcsusyra1/zmeng/ICF/automated/2012_05_06_11_12_26/SusyCAF_Tree_85_1_S4o.root
mode=None mode_.find=18446744073709551615 int find=-1
found=18446744073709551615int found -1
mode=None mode_.find=18446744073709551615 int find=-1
found=18446744073709551615int found -1
mode=None mode_.find=18446744073709551615 int find=-1
found=18446744073709551615int found -1
mode=None mode_.find=18446744073709551615 int find=-1
found=18446744073709551615int found -1
mode=None mode_.find=18446744073709551615 int find=-1
found=18446744073709551615int found -1
mode=None mode_.find=18446744073709551615 int find=-1
found=18446744073709551615int found -1
mode=None mode_.find=18446744073709551615 int find=-1
found=18446744073709551615int found -1
mode=None mode_.find=18446744073709551615 int find=-1
found=18446744073709551615int found -1
mode=None mode_.find=18446744073709551615 int find=-1
found=18446744073709551615int found -1
mode=None mode_.find=18446744073709551615 int find=-1
found=18446744073709551615int found -1
[CHAIN] At Entry: 836607
[CHAIN] File: pnfs/fnal.gov/usr/cms/WAX/11/store/user/lpcsusyra1/zmeng/ICF/automated/2012_05_06_11_12_26/SusyCAF_Tree_8_1_tbG.root
mode=None mode_.find=18446744073709551615 int find=-1
found=18446744073709551615int found -1
[CHAIN] At Entry: 839824
[CHAIN] File: pnfs/fnal.gov/usr/cms/WAX/11/store/user/lpcsusyra1/zmeng/ICF/automated/2012_05_06_11_12_26/SusyCAF_Tree_92_1_IN2.root
mode=None mode_.find=18446744073709551615 int find=-1
found=18446744073709551615int found -1
mode=None mode_.find=18446744073709551615 int find=-1
found=18446744073709551615int found -1
mode=None mode_.find=18446744073709551615 int find=-1
found=18446744073709551615int found -1
[CHAIN] At Entry: 859180
[CHAIN] File: pnfs/fnal.gov/usr/cms/WAX/11/store/user/lpcsusyra1/zmeng/ICF/automated/2012_05_06_11_12_26/SusyCAF_Tree_97_1_idW.root
mode=None mode_.find=18446744073709551615 int find=-1
found=18446744073709551615int found -1
mode=None mode_.find=18446744073709551615 int find=-1
found=18446744073709551615int found -1
mode=None mode_.find=18446744073709551615 int find=-1
found=18446744073709551615int found -1
mode=None mode_.find=18446744073709551615 int find=-1
found=18446744073709551615int found -1
mode=None mode_.find=18446744073709551615 int find=-1
found=18446744073709551615int found -1
---------------------------------------------------------------
Dataset info recorded in: ../results_07_May//DataMuHad2012A_PUS0HigHTBinsHadSele_524p1//AK5Calo_MuHad_Run2012A_PromptReco_v1_V17_pre3_taus_0_jetCorrections_L1FastJet_L2Relative_L3Absolute_L2L3Residual_jetCollections_ak5calo_ak5pf_zmengJob84_0.log
Total events processed by all operations: 878579
---------------------------------------------------------------
[Manager::~Manager] Analysis has taken 2274 seconds to process 878579 events at an average rate of 386 events/second
